<?xml version="1.0" encoding="UTF-8"?>
<testng-results skipped="0" failed="8" ignored="0" total="39" passed="31">
  <reporter-output>
  </reporter-output>
  <suite name="Suite" duration-ms="20294" started-at="2019-02-05T14:09:12Z" finished-at="2019-02-05T14:09:32Z">
    <groups>
    </groups>
    <test name="CatalogsHomePage" duration-ms="6144" started-at="2019-02-05T14:09:12Z" finished-at="2019-02-05T14:09:18Z">
      <class name="com.ibm.commerce.cmc.catalogs.testcases.CatalogsHomePageTest">
        <test-method status="PASS" signature="setUp()[pri:0, instance:com.ibm.commerce.cmc.catalogs.testcases.CatalogsHomePageTest@604ed9f0]" name="setUp" is-config="true" duration-ms="5189" started-at="2019-02-05T14:09:12Z" finished-at="2019-02-05T14:09:17Z">
          <reporter-output>
          </reporter-output>
        </test-method> <!-- setUp -->
        <test-method status="FAIL" signature="catalogHomePageTitleTest()[pri:1, instance:com.ibm.commerce.cmc.catalogs.testcases.CatalogsHomePageTest@604ed9f0]" name="catalogHomePageTitleTest" duration-ms="17" started-at="2019-02-05T14:09:17Z" finished-at="2019-02-05T14:09:17Z">
          <exception class="java.lang.AssertionError">
            <message>
              <![CDATA[expected [Catalogs] but found []]]>
            </message>
            <full-stacktrace>
              <![CDATA[java.lang.AssertionError: expected [Catalogs] but found []
at org.testng.Assert.fail(Assert.java:96)
at org.testng.Assert.failNotEquals(Assert.java:776)
at org.testng.Assert.assertEqualsImpl(Assert.java:137)
at org.testng.Assert.assertEquals(Assert.java:118)
at org.testng.Assert.assertEquals(Assert.java:453)
at org.testng.Assert.assertEquals(Assert.java:463)
at com.ibm.commerce.cmc.catalogs.testcases.CatalogsHomePageTest.catalogHomePageTitleTest(CatalogsHomePageTest.java:37)
at sun.reflect.NativeMethodAccessorImpl.invoke0(Native Method)
at sun.reflect.NativeMethodAccessorImpl.invoke(NativeMethodAccessorImpl.java:62)
at sun.reflect.DelegatingMethodAccessorImpl.invoke(DelegatingMethodAccessorImpl.java:43)
at java.lang.reflect.Method.invoke(Method.java:498)
at org.testng.internal.MethodInvocationHelper.invokeMethod(MethodInvocationHelper.java:124)
at org.testng.internal.Invoker.invokeMethod(Invoker.java:583)
at org.testng.internal.Invoker.invokeTestMethod(Invoker.java:719)
at org.testng.internal.Invoker.invokeTestMethods(Invoker.java:989)
at org.testng.internal.TestMethodWorker.invokeTestMethods(TestMethodWorker.java:125)
at org.testng.internal.TestMethodWorker.run(TestMethodWorker.java:109)
at org.testng.TestRunner.privateRun(TestRunner.java:648)
at org.testng.TestRunner.run(TestRunner.java:505)
at org.testng.SuiteRunner.runTest(SuiteRunner.java:455)
at org.testng.SuiteRunner.runSequentially(SuiteRunner.java:450)
at org.testng.SuiteRunner.privateRun(SuiteRunner.java:415)
at org.testng.SuiteRunner.run(SuiteRunner.java:364)
at org.testng.SuiteRunnerWorker.runSuite(SuiteRunnerWorker.java:52)
at org.testng.SuiteRunnerWorker.run(SuiteRunnerWorker.java:84)
at org.testng.TestNG.runSuitesSequentially(TestNG.java:1208)
at org.testng.TestNG.runSuitesLocally(TestNG.java:1137)
at org.testng.TestNG.runSuites(TestNG.java:1049)
at org.testng.TestNG.run(TestNG.java:1017)
at org.testng.remote.AbstractRemoteTestNG.run(AbstractRemoteTestNG.java:114)
at org.testng.remote.RemoteTestNG.initAndRun(RemoteTestNG.java:251)
at org.testng.remote.RemoteTestNG.main(RemoteTestNG.java:77)
]]>
            </full-stacktrace>
          </exception> <!-- java.lang.AssertionError -->
          <reporter-output>
          </reporter-output>
        </test-method> <!-- catalogHomePageTitleTest -->
        <test-method status="PASS" signature="catalogHomePageHeadingTest()[pri:2, instance:com.ibm.commerce.cmc.catalogs.testcases.CatalogsHomePageTest@604ed9f0]" name="catalogHomePageHeadingTest" duration-ms="51" started-at="2019-02-05T14:09:17Z" finished-at="2019-02-05T14:09:17Z">
          <reporter-output>
          </reporter-output>
        </test-method> <!-- catalogHomePageHeadingTest -->
        <test-method status="PASS" signature="navigatetoNewMasterCategoryPageTest()[pri:3, instance:com.ibm.commerce.cmc.catalogs.testcases.CatalogsHomePageTest@604ed9f0]" name="navigatetoNewMasterCategoryPageTest" duration-ms="648" started-at="2019-02-05T14:09:17Z" finished-at="2019-02-05T14:09:18Z">
          <reporter-output>
          </reporter-output>
        </test-method> <!-- navigatetoNewMasterCategoryPageTest -->
        <test-method status="PASS" signature="tearDown()[pri:0, instance:com.ibm.commerce.cmc.catalogs.testcases.CatalogsHomePageTest@604ed9f0]" name="tearDown" is-config="true" duration-ms="201" started-at="2019-02-05T14:09:18Z" finished-at="2019-02-05T14:09:18Z">
          <reporter-output>
          </reporter-output>
        </test-method> <!-- tearDown -->
      </class> <!-- com.ibm.commerce.cmc.catalogs.testcases.CatalogsHomePageTest -->
    </test> <!-- CatalogsHomePage -->
    <test name="CreateNewMasterCategory" duration-ms="9465" started-at="2019-02-05T14:09:18Z" finished-at="2019-02-05T14:09:27Z">
      <class name="com.ibm.commerce.cmc.catalogs.testcases.CreateNewMasterCategoryTest">
        <test-method status="PASS" signature="setUp()[pri:0, instance:com.ibm.commerce.cmc.catalogs.testcases.CreateNewMasterCategoryTest@402a079c]" name="setUp" is-config="true" duration-ms="4181" started-at="2019-02-05T14:09:18Z" finished-at="2019-02-05T14:09:22Z">
          <reporter-output>
          </reporter-output>
        </test-method> <!-- setUp -->
        <test-method status="PASS" signature="newMasterCategoryPageHeadingTest()[pri:1, instance:com.ibm.commerce.cmc.catalogs.testcases.CreateNewMasterCategoryTest@402a079c]" name="newMasterCategoryPageHeadingTest" duration-ms="187" started-at="2019-02-05T14:09:22Z" finished-at="2019-02-05T14:09:22Z">
          <reporter-output>
          </reporter-output>
        </test-method> <!-- newMasterCategoryPageHeadingTest -->
        <test-method status="PASS" signature="validateSaveandPreviewButtonExistance()[pri:2, instance:com.ibm.commerce.cmc.catalogs.testcases.CreateNewMasterCategoryTest@402a079c]" name="validateSaveandPreviewButtonExistance" duration-ms="69" started-at="2019-02-05T14:09:22Z" finished-at="2019-02-05T14:09:22Z">
          <reporter-output>
          </reporter-output>
        </test-method> <!-- validateSaveandPreviewButtonExistance -->
        <test-method status="PASS" signature="validateSaveButtonExistance()[pri:3, instance:com.ibm.commerce.cmc.catalogs.testcases.CreateNewMasterCategoryTest@402a079c]" name="validateSaveButtonExistance" duration-ms="41" started-at="2019-02-05T14:09:22Z" finished-at="2019-02-05T14:09:23Z">
          <reporter-output>
          </reporter-output>
        </test-method> <!-- validateSaveButtonExistance -->
        <test-method status="PASS" signature="validateCloseButtonExistance()[pri:4, instance:com.ibm.commerce.cmc.catalogs.testcases.CreateNewMasterCategoryTest@402a079c]" name="validateCloseButtonExistance" duration-ms="32" started-at="2019-02-05T14:09:23Z" finished-at="2019-02-05T14:09:23Z">
          <reporter-output>
          </reporter-output>
        </test-method> <!-- validateCloseButtonExistance -->
        <test-method status="PASS" signature="validateManageCategoryTabExistance()[pri:5, instance:com.ibm.commerce.cmc.catalogs.testcases.CreateNewMasterCategoryTest@402a079c]" name="validateManageCategoryTabExistance" duration-ms="35" started-at="2019-02-05T14:09:23Z" finished-at="2019-02-05T14:09:23Z">
          <reporter-output>
          </reporter-output>
        </test-method> <!-- validateManageCategoryTabExistance -->
        <test-method status="PASS" signature="validateSearchEngineOptimizationTabExistance()[pri:6, instance:com.ibm.commerce.cmc.catalogs.testcases.CreateNewMasterCategoryTest@402a079c]" name="validateSearchEngineOptimizationTabExistance" duration-ms="35" started-at="2019-02-05T14:09:23Z" finished-at="2019-02-05T14:09:23Z">
          <reporter-output>
          </reporter-output>
        </test-method> <!-- validateSearchEngineOptimizationTabExistance -->
        <test-method status="PASS" signature="validateAssociatedAssetsTabExistance()[pri:7, instance:com.ibm.commerce.cmc.catalogs.testcases.CreateNewMasterCategoryTest@402a079c]" name="validateAssociatedAssetsTabExistance" duration-ms="33" started-at="2019-02-05T14:09:23Z" finished-at="2019-02-05T14:09:23Z">
          <reporter-output>
          </reporter-output>
        </test-method> <!-- validateAssociatedAssetsTabExistance -->
        <test-method status="PASS" signature="validateContentTabExistance()[pri:8, instance:com.ibm.commerce.cmc.catalogs.testcases.CreateNewMasterCategoryTest@402a079c]" name="validateContentTabExistance" duration-ms="32" started-at="2019-02-05T14:09:23Z" finished-at="2019-02-05T14:09:23Z">
          <reporter-output>
          </reporter-output>
        </test-method> <!-- validateContentTabExistance -->
        <test-method status="PASS" signature="validateReferencesTabExistance()[pri:9, instance:com.ibm.commerce.cmc.catalogs.testcases.CreateNewMasterCategoryTest@402a079c]" name="validateReferencesTabExistance" duration-ms="46" started-at="2019-02-05T14:09:23Z" finished-at="2019-02-05T14:09:23Z">
          <reporter-output>
          </reporter-output>
        </test-method> <!-- validateReferencesTabExistance -->
        <test-method status="PASS" signature="validateManageCategoryObjectPropertiesAssociatedStoreTest()[pri:10, instance:com.ibm.commerce.cmc.catalogs.testcases.CreateNewMasterCategoryTest@402a079c]" name="validateManageCategoryObjectPropertiesAssociatedStoreTest" duration-ms="193" started-at="2019-02-05T14:09:23Z" finished-at="2019-02-05T14:09:23Z">
          <reporter-output>
          </reporter-output>
        </test-method> <!-- validateManageCategoryObjectPropertiesAssociatedStoreTest -->
        <test-method status="PASS" signature="validateManageCategoryObjectPropertiesAssociatedStoreDisplayedTest()[pri:11, instance:com.ibm.commerce.cmc.catalogs.testcases.CreateNewMasterCategoryTest@402a079c]" name="validateManageCategoryObjectPropertiesAssociatedStoreDisplayedTest" duration-ms="150" started-at="2019-02-05T14:09:23Z" finished-at="2019-02-05T14:09:23Z">
          <reporter-output>
          </reporter-output>
        </test-method> <!-- validateManageCategoryObjectPropertiesAssociatedStoreDisplayedTest -->
        <test-method status="FAIL" signature="validateManageCategoryGeneralCategoryInformationUniqueIdFieldNameTest()[pri:12, instance:com.ibm.commerce.cmc.catalogs.testcases.CreateNewMasterCategoryTest@402a079c]" name="validateManageCategoryGeneralCategoryInformationUniqueIdFieldNameTest" duration-ms="254" started-at="2019-02-05T14:09:23Z" finished-at="2019-02-05T14:09:23Z">
          <exception class="java.lang.AssertionError">
            <message>
              <![CDATA[expected [Unique ID Code] but found [Unique ID]]]>
            </message>
            <full-stacktrace>
              <![CDATA[java.lang.AssertionError: expected [Unique ID Code] but found [Unique ID]
at org.testng.Assert.fail(Assert.java:96)
at org.testng.Assert.failNotEquals(Assert.java:776)
at org.testng.Assert.assertEqualsImpl(Assert.java:137)
at org.testng.Assert.assertEquals(Assert.java:118)
at org.testng.Assert.assertEquals(Assert.java:453)
at org.testng.Assert.assertEquals(Assert.java:463)
at com.ibm.commerce.cmc.catalogs.testcases.CreateNewMasterCategoryTest.validateManageCategoryGeneralCategoryInformationUniqueIdFieldNameTest(CreateNewMasterCategoryTest.java:159)
at sun.reflect.NativeMethodAccessorImpl.invoke0(Native Method)
at sun.reflect.NativeMethodAccessorImpl.invoke(NativeMethodAccessorImpl.java:62)
at sun.reflect.DelegatingMethodAccessorImpl.invoke(DelegatingMethodAccessorImpl.java:43)
at java.lang.reflect.Method.invoke(Method.java:498)
at org.testng.internal.MethodInvocationHelper.invokeMethod(MethodInvocationHelper.java:124)
at org.testng.internal.Invoker.invokeMethod(Invoker.java:583)
at org.testng.internal.Invoker.invokeTestMethod(Invoker.java:719)
at org.testng.internal.Invoker.invokeTestMethods(Invoker.java:989)
at org.testng.internal.TestMethodWorker.invokeTestMethods(TestMethodWorker.java:125)
at org.testng.internal.TestMethodWorker.run(TestMethodWorker.java:109)
at org.testng.TestRunner.privateRun(TestRunner.java:648)
at org.testng.TestRunner.run(TestRunner.java:505)
at org.testng.SuiteRunner.runTest(SuiteRunner.java:455)
at org.testng.SuiteRunner.runSequentially(SuiteRunner.java:450)
at org.testng.SuiteRunner.privateRun(SuiteRunner.java:415)
at org.testng.SuiteRunner.run(SuiteRunner.java:364)
at org.testng.SuiteRunnerWorker.runSuite(SuiteRunnerWorker.java:52)
at org.testng.SuiteRunnerWorker.run(SuiteRunnerWorker.java:84)
at org.testng.TestNG.runSuitesSequentially(TestNG.java:1208)
at org.testng.TestNG.runSuitesLocally(TestNG.java:1137)
at org.testng.TestNG.runSuites(TestNG.java:1049)
at org.testng.TestNG.run(TestNG.java:1017)
at org.testng.remote.AbstractRemoteTestNG.run(AbstractRemoteTestNG.java:114)
at org.testng.remote.RemoteTestNG.initAndRun(RemoteTestNG.java:251)
at org.testng.remote.RemoteTestNG.main(RemoteTestNG.java:77)
]]>
            </full-stacktrace>
          </exception> <!-- java.lang.AssertionError -->
          <reporter-output>
          </reporter-output>
        </test-method> <!-- validateManageCategoryGeneralCategoryInformationUniqueIdFieldNameTest -->
        <test-method status="PASS" signature="validateManageCategoryGeneralCategoryInformationNameFieldTest()[pri:13, instance:com.ibm.commerce.cmc.catalogs.testcases.CreateNewMasterCategoryTest@402a079c]" name="validateManageCategoryGeneralCategoryInformationNameFieldTest" duration-ms="123" started-at="2019-02-05T14:09:23Z" finished-at="2019-02-05T14:09:23Z">
          <reporter-output>
          </reporter-output>
        </test-method> <!-- validateManageCategoryGeneralCategoryInformationNameFieldTest -->
        <test-method status="PASS" signature="validateManageCategoryGeneralCategoryInformationShortDescriptionFieldTest()[pri:14, instance:com.ibm.commerce.cmc.catalogs.testcases.CreateNewMasterCategoryTest@402a079c]" name="validateManageCategoryGeneralCategoryInformationShortDescriptionFieldTest" duration-ms="103" started-at="2019-02-05T14:09:23Z" finished-at="2019-02-05T14:09:24Z">
          <reporter-output>
          </reporter-output>
        </test-method> <!-- validateManageCategoryGeneralCategoryInformationShortDescriptionFieldTest -->
        <test-method status="PASS" signature="validateManageCategoryInputGeneralCategoryInformationTest()[pri:15, instance:com.ibm.commerce.cmc.catalogs.testcases.CreateNewMasterCategoryTest@402a079c]" name="validateManageCategoryInputGeneralCategoryInformationTest" duration-ms="1010" started-at="2019-02-05T14:09:24Z" finished-at="2019-02-05T14:09:25Z">
          <reporter-output>
          </reporter-output>
        </test-method> <!-- validateManageCategoryInputGeneralCategoryInformationTest -->
        <test-method status="PASS" signature="validateManageCategoryDisplayAccordionDisplayToCustomerFieldTest()[pri:16, instance:com.ibm.commerce.cmc.catalogs.testcases.CreateNewMasterCategoryTest@402a079c]" name="validateManageCategoryDisplayAccordionDisplayToCustomerFieldTest" duration-ms="307" started-at="2019-02-05T14:09:25Z" finished-at="2019-02-05T14:09:25Z">
          <reporter-output>
          </reporter-output>
        </test-method> <!-- validateManageCategoryDisplayAccordionDisplayToCustomerFieldTest -->
        <test-method status="PASS" signature="validateManageCategoryDisplayAccordionThumbnailFieldTest()[pri:17, instance:com.ibm.commerce.cmc.catalogs.testcases.CreateNewMasterCategoryTest@402a079c]" name="validateManageCategoryDisplayAccordionThumbnailFieldTest" duration-ms="132" started-at="2019-02-05T14:09:25Z" finished-at="2019-02-05T14:09:25Z">
          <reporter-output>
          </reporter-output>
        </test-method> <!-- validateManageCategoryDisplayAccordionThumbnailFieldTest -->
        <test-method status="PASS" signature="validateManageCategoryDisplayAccordionFullImageFieldTest()[pri:18, instance:com.ibm.commerce.cmc.catalogs.testcases.CreateNewMasterCategoryTest@402a079c]" name="validateManageCategoryDisplayAccordionFullImageFieldTest" duration-ms="78" started-at="2019-02-05T14:09:25Z" finished-at="2019-02-05T14:09:25Z">
          <reporter-output>
          </reporter-output>
        </test-method> <!-- validateManageCategoryDisplayAccordionFullImageFieldTest -->
        <test-method status="PASS" signature="validateManageCategoryInputDisplayAccordionInformationTest()[pri:19, instance:com.ibm.commerce.cmc.catalogs.testcases.CreateNewMasterCategoryTest@402a079c]" name="validateManageCategoryInputDisplayAccordionInformationTest" duration-ms="624" started-at="2019-02-05T14:09:25Z" finished-at="2019-02-05T14:09:26Z">
          <reporter-output>
          </reporter-output>
        </test-method> <!-- validateManageCategoryInputDisplayAccordionInformationTest -->
        <test-method status="PASS" signature="validateSearchEngineOptimizationURLKeywordFieldTest()[pri:20, instance:com.ibm.commerce.cmc.catalogs.testcases.CreateNewMasterCategoryTest@402a079c]" name="validateSearchEngineOptimizationURLKeywordFieldTest" duration-ms="130" started-at="2019-02-05T14:09:26Z" finished-at="2019-02-05T14:09:26Z">
          <reporter-output>
          </reporter-output>
        </test-method> <!-- validateSearchEngineOptimizationURLKeywordFieldTest -->
        <test-method status="PASS" signature="validateSearchEngineOptimizationPageTitleFieldTest()[pri:21, instance:com.ibm.commerce.cmc.catalogs.testcases.CreateNewMasterCategoryTest@402a079c]" name="validateSearchEngineOptimizationPageTitleFieldTest" duration-ms="34" started-at="2019-02-05T14:09:26Z" finished-at="2019-02-05T14:09:26Z">
          <reporter-output>
          </reporter-output>
        </test-method> <!-- validateSearchEngineOptimizationPageTitleFieldTest -->
        <test-method status="FAIL" signature="validateSearchEngineOptimizationPageTitleUseDefaultRadioTest()[pri:22, instance:com.ibm.commerce.cmc.catalogs.testcases.CreateNewMasterCategoryTest@402a079c]" name="validateSearchEngineOptimizationPageTitleUseDefaultRadioTest" duration-ms="30" started-at="2019-02-05T14:09:26Z" finished-at="2019-02-05T14:09:26Z">
          <exception class="java.lang.AssertionError">
            <message>
              <![CDATA[expected [true] but found [false]]]>
            </message>
            <full-stacktrace>
              <![CDATA[java.lang.AssertionError: expected [true] but found [false]
at org.testng.Assert.fail(Assert.java:96)
at org.testng.Assert.failNotEquals(Assert.java:776)
at org.testng.Assert.assertTrue(Assert.java:44)
at org.testng.Assert.assertTrue(Assert.java:54)
at com.ibm.commerce.cmc.catalogs.testcases.CreateNewMasterCategoryTest.validateSearchEngineOptimizationPageTitleUseDefaultRadioTest(CreateNewMasterCategoryTest.java:228)
at sun.reflect.NativeMethodAccessorImpl.invoke0(Native Method)
at sun.reflect.NativeMethodAccessorImpl.invoke(NativeMethodAccessorImpl.java:62)
at sun.reflect.DelegatingMethodAccessorImpl.invoke(DelegatingMethodAccessorImpl.java:43)
at java.lang.reflect.Method.invoke(Method.java:498)
at org.testng.internal.MethodInvocationHelper.invokeMethod(MethodInvocationHelper.java:124)
at org.testng.internal.Invoker.invokeMethod(Invoker.java:583)
at org.testng.internal.Invoker.invokeTestMethod(Invoker.java:719)
at org.testng.internal.Invoker.invokeTestMethods(Invoker.java:989)
at org.testng.internal.TestMethodWorker.invokeTestMethods(TestMethodWorker.java:125)
at org.testng.internal.TestMethodWorker.run(TestMethodWorker.java:109)
at org.testng.TestRunner.privateRun(TestRunner.java:648)
at org.testng.TestRunner.run(TestRunner.java:505)
at org.testng.SuiteRunner.runTest(SuiteRunner.java:455)
at org.testng.SuiteRunner.runSequentially(SuiteRunner.java:450)
at org.testng.SuiteRunner.privateRun(SuiteRunner.java:415)
at org.testng.SuiteRunner.run(SuiteRunner.java:364)
at org.testng.SuiteRunnerWorker.runSuite(SuiteRunnerWorker.java:52)
at org.testng.SuiteRunnerWorker.run(SuiteRunnerWorker.java:84)
at org.testng.TestNG.runSuitesSequentially(TestNG.java:1208)
at org.testng.TestNG.runSuitesLocally(TestNG.java:1137)
at org.testng.TestNG.runSuites(TestNG.java:1049)
at org.testng.TestNG.run(TestNG.java:1017)
at org.testng.remote.AbstractRemoteTestNG.run(AbstractRemoteTestNG.java:114)
at org.testng.remote.RemoteTestNG.initAndRun(RemoteTestNG.java:251)
at org.testng.remote.RemoteTestNG.main(RemoteTestNG.java:77)
]]>
            </full-stacktrace>
          </exception> <!-- java.lang.AssertionError -->
          <reporter-output>
          </reporter-output>
        </test-method> <!-- validateSearchEngineOptimizationPageTitleUseDefaultRadioTest -->
        <test-method status="PASS" signature="validateSearchEngineOptimizationPageTitleOverrideDefaultRadioTest()[pri:23, instance:com.ibm.commerce.cmc.catalogs.testcases.CreateNewMasterCategoryTest@402a079c]" name="validateSearchEngineOptimizationPageTitleOverrideDefaultRadioTest" duration-ms="34" started-at="2019-02-05T14:09:26Z" finished-at="2019-02-05T14:09:26Z">
          <reporter-output>
          </reporter-output>
        </test-method> <!-- validateSearchEngineOptimizationPageTitleOverrideDefaultRadioTest -->
        <test-method status="FAIL" signature="validateSearchEngineOptimizationPageTitleOverrideDefaultRadioAutoSelectTest()[pri:24, instance:com.ibm.commerce.cmc.catalogs.testcases.CreateNewMasterCategoryTest@402a079c]" name="validateSearchEngineOptimizationPageTitleOverrideDefaultRadioAutoSelectTest" duration-ms="102" started-at="2019-02-05T14:09:26Z" finished-at="2019-02-05T14:09:26Z">
          <exception class="java.lang.AssertionError">
            <message>
              <![CDATA[expected [true] but found [false]]]>
            </message>
            <full-stacktrace>
              <![CDATA[java.lang.AssertionError: expected [true] but found [false]
at org.testng.Assert.fail(Assert.java:96)
at org.testng.Assert.failNotEquals(Assert.java:776)
at org.testng.Assert.assertTrue(Assert.java:44)
at org.testng.Assert.assertTrue(Assert.java:54)
at com.ibm.commerce.cmc.catalogs.testcases.CreateNewMasterCategoryTest.validateSearchEngineOptimizationPageTitleOverrideDefaultRadioAutoSelectTest(CreateNewMasterCategoryTest.java:238)
at sun.reflect.NativeMethodAccessorImpl.invoke0(Native Method)
at sun.reflect.NativeMethodAccessorImpl.invoke(NativeMethodAccessorImpl.java:62)
at sun.reflect.DelegatingMethodAccessorImpl.invoke(DelegatingMethodAccessorImpl.java:43)
at java.lang.reflect.Method.invoke(Method.java:498)
at org.testng.internal.MethodInvocationHelper.invokeMethod(MethodInvocationHelper.java:124)
at org.testng.internal.Invoker.invokeMethod(Invoker.java:583)
at org.testng.internal.Invoker.invokeTestMethod(Invoker.java:719)
at org.testng.internal.Invoker.invokeTestMethods(Invoker.java:989)
at org.testng.internal.TestMethodWorker.invokeTestMethods(TestMethodWorker.java:125)
at org.testng.internal.TestMethodWorker.run(TestMethodWorker.java:109)
at org.testng.TestRunner.privateRun(TestRunner.java:648)
at org.testng.TestRunner.run(TestRunner.java:505)
at org.testng.SuiteRunner.runTest(SuiteRunner.java:455)
at org.testng.SuiteRunner.runSequentially(SuiteRunner.java:450)
at org.testng.SuiteRunner.privateRun(SuiteRunner.java:415)
at org.testng.SuiteRunner.run(SuiteRunner.java:364)
at org.testng.SuiteRunnerWorker.runSuite(SuiteRunnerWorker.java:52)
at org.testng.SuiteRunnerWorker.run(SuiteRunnerWorker.java:84)
at org.testng.TestNG.runSuitesSequentially(TestNG.java:1208)
at org.testng.TestNG.runSuitesLocally(TestNG.java:1137)
at org.testng.TestNG.runSuites(TestNG.java:1049)
at org.testng.TestNG.run(TestNG.java:1017)
at org.testng.remote.AbstractRemoteTestNG.run(AbstractRemoteTestNG.java:114)
at org.testng.remote.RemoteTestNG.initAndRun(RemoteTestNG.java:251)
at org.testng.remote.RemoteTestNG.main(RemoteTestNG.java:77)
]]>
            </full-stacktrace>
          </exception> <!-- java.lang.AssertionError -->
          <reporter-output>
          </reporter-output>
        </test-method> <!-- validateSearchEngineOptimizationPageTitleOverrideDefaultRadioAutoSelectTest -->
        <test-method status="PASS" signature="validateSearchEngineOptimizationMetaDescriptionFieldTest()[pri:25, instance:com.ibm.commerce.cmc.catalogs.testcases.CreateNewMasterCategoryTest@402a079c]" name="validateSearchEngineOptimizationMetaDescriptionFieldTest" duration-ms="35" started-at="2019-02-05T14:09:26Z" finished-at="2019-02-05T14:09:26Z">
          <reporter-output>
          </reporter-output>
        </test-method> <!-- validateSearchEngineOptimizationMetaDescriptionFieldTest -->
        <test-method status="FAIL" signature="validateSearchEngineOptimizationMetaDescriptionUseDefaultRadioTest()[pri:26, instance:com.ibm.commerce.cmc.catalogs.testcases.CreateNewMasterCategoryTest@402a079c]" name="validateSearchEngineOptimizationMetaDescriptionUseDefaultRadioTest" duration-ms="28" started-at="2019-02-05T14:09:26Z" finished-at="2019-02-05T14:09:26Z">
          <exception class="java.lang.AssertionError">
            <message>
              <![CDATA[expected [true] but found [false]]]>
            </message>
            <full-stacktrace>
              <![CDATA[java.lang.AssertionError: expected [true] but found [false]
at org.testng.Assert.fail(Assert.java:96)
at org.testng.Assert.failNotEquals(Assert.java:776)
at org.testng.Assert.assertTrue(Assert.java:44)
at org.testng.Assert.assertTrue(Assert.java:54)
at com.ibm.commerce.cmc.catalogs.testcases.CreateNewMasterCategoryTest.validateSearchEngineOptimizationMetaDescriptionUseDefaultRadioTest(CreateNewMasterCategoryTest.java:249)
at sun.reflect.NativeMethodAccessorImpl.invoke0(Native Method)
at sun.reflect.NativeMethodAccessorImpl.invoke(NativeMethodAccessorImpl.java:62)
at sun.reflect.DelegatingMethodAccessorImpl.invoke(DelegatingMethodAccessorImpl.java:43)
at java.lang.reflect.Method.invoke(Method.java:498)
at org.testng.internal.MethodInvocationHelper.invokeMethod(MethodInvocationHelper.java:124)
at org.testng.internal.Invoker.invokeMethod(Invoker.java:583)
at org.testng.internal.Invoker.invokeTestMethod(Invoker.java:719)
at org.testng.internal.Invoker.invokeTestMethods(Invoker.java:989)
at org.testng.internal.TestMethodWorker.invokeTestMethods(TestMethodWorker.java:125)
at org.testng.internal.TestMethodWorker.run(TestMethodWorker.java:109)
at org.testng.TestRunner.privateRun(TestRunner.java:648)
at org.testng.TestRunner.run(TestRunner.java:505)
at org.testng.SuiteRunner.runTest(SuiteRunner.java:455)
at org.testng.SuiteRunner.runSequentially(SuiteRunner.java:450)
at org.testng.SuiteRunner.privateRun(SuiteRunner.java:415)
at org.testng.SuiteRunner.run(SuiteRunner.java:364)
at org.testng.SuiteRunnerWorker.runSuite(SuiteRunnerWorker.java:52)
at org.testng.SuiteRunnerWorker.run(SuiteRunnerWorker.java:84)
at org.testng.TestNG.runSuitesSequentially(TestNG.java:1208)
at org.testng.TestNG.runSuitesLocally(TestNG.java:1137)
at org.testng.TestNG.runSuites(TestNG.java:1049)
at org.testng.TestNG.run(TestNG.java:1017)
at org.testng.remote.AbstractRemoteTestNG.run(AbstractRemoteTestNG.java:114)
at org.testng.remote.RemoteTestNG.initAndRun(RemoteTestNG.java:251)
at org.testng.remote.RemoteTestNG.main(RemoteTestNG.java:77)
]]>
            </full-stacktrace>
          </exception> <!-- java.lang.AssertionError -->
          <reporter-output>
          </reporter-output>
        </test-method> <!-- validateSearchEngineOptimizationMetaDescriptionUseDefaultRadioTest -->
        <test-method status="PASS" signature="validateSearchEngineOptimizationMetaDescriptionOverrideDefaultRadioTest()[pri:27, instance:com.ibm.commerce.cmc.catalogs.testcases.CreateNewMasterCategoryTest@402a079c]" name="validateSearchEngineOptimizationMetaDescriptionOverrideDefaultRadioTest" duration-ms="34" started-at="2019-02-05T14:09:26Z" finished-at="2019-02-05T14:09:26Z">
          <reporter-output>
          </reporter-output>
        </test-method> <!-- validateSearchEngineOptimizationMetaDescriptionOverrideDefaultRadioTest -->
        <test-method status="FAIL" signature="validateSearchEngineOptimizationMetaDescriptionOverrideDefaultRadioAutoSelectTest()[pri:28, instance:com.ibm.commerce.cmc.catalogs.testcases.CreateNewMasterCategoryTest@402a079c]" name="validateSearchEngineOptimizationMetaDescriptionOverrideDefaultRadioAutoSelectTest" duration-ms="115" started-at="2019-02-05T14:09:26Z" finished-at="2019-02-05T14:09:26Z">
          <exception class="java.lang.AssertionError">
            <message>
              <![CDATA[expected [true] but found [false]]]>
            </message>
            <full-stacktrace>
              <![CDATA[java.lang.AssertionError: expected [true] but found [false]
at org.testng.Assert.fail(Assert.java:96)
at org.testng.Assert.failNotEquals(Assert.java:776)
at org.testng.Assert.assertTrue(Assert.java:44)
at org.testng.Assert.assertTrue(Assert.java:54)
at com.ibm.commerce.cmc.catalogs.testcases.CreateNewMasterCategoryTest.validateSearchEngineOptimizationMetaDescriptionOverrideDefaultRadioAutoSelectTest(CreateNewMasterCategoryTest.java:260)
at sun.reflect.NativeMethodAccessorImpl.invoke0(Native Method)
at sun.reflect.NativeMethodAccessorImpl.invoke(NativeMethodAccessorImpl.java:62)
at sun.reflect.DelegatingMethodAccessorImpl.invoke(DelegatingMethodAccessorImpl.java:43)
at java.lang.reflect.Method.invoke(Method.java:498)
at org.testng.internal.MethodInvocationHelper.invokeMethod(MethodInvocationHelper.java:124)
at org.testng.internal.Invoker.invokeMethod(Invoker.java:583)
at org.testng.internal.Invoker.invokeTestMethod(Invoker.java:719)
at org.testng.internal.Invoker.invokeTestMethods(Invoker.java:989)
at org.testng.internal.TestMethodWorker.invokeTestMethods(TestMethodWorker.java:125)
at org.testng.internal.TestMethodWorker.run(TestMethodWorker.java:109)
at org.testng.TestRunner.privateRun(TestRunner.java:648)
at org.testng.TestRunner.run(TestRunner.java:505)
at org.testng.SuiteRunner.runTest(SuiteRunner.java:455)
at org.testng.SuiteRunner.runSequentially(SuiteRunner.java:450)
at org.testng.SuiteRunner.privateRun(SuiteRunner.java:415)
at org.testng.SuiteRunner.run(SuiteRunner.java:364)
at org.testng.SuiteRunnerWorker.runSuite(SuiteRunnerWorker.java:52)
at org.testng.SuiteRunnerWorker.run(SuiteRunnerWorker.java:84)
at org.testng.TestNG.runSuitesSequentially(TestNG.java:1208)
at org.testng.TestNG.runSuitesLocally(TestNG.java:1137)
at org.testng.TestNG.runSuites(TestNG.java:1049)
at org.testng.TestNG.run(TestNG.java:1017)
at org.testng.remote.AbstractRemoteTestNG.run(AbstractRemoteTestNG.java:114)
at org.testng.remote.RemoteTestNG.initAndRun(RemoteTestNG.java:251)
at org.testng.remote.RemoteTestNG.main(RemoteTestNG.java:77)
]]>
            </full-stacktrace>
          </exception> <!-- java.lang.AssertionError -->
          <reporter-output>
          </reporter-output>
        </test-method> <!-- validateSearchEngineOptimizationMetaDescriptionOverrideDefaultRadioAutoSelectTest -->
        <test-method status="PASS" signature="validateSearchEngineOptimizationImageAltFieldTest()[pri:29, instance:com.ibm.commerce.cmc.catalogs.testcases.CreateNewMasterCategoryTest@402a079c]" name="validateSearchEngineOptimizationImageAltFieldTest" duration-ms="106" started-at="2019-02-05T14:09:26Z" finished-at="2019-02-05T14:09:26Z">
          <reporter-output>
          </reporter-output>
        </test-method> <!-- validateSearchEngineOptimizationImageAltFieldTest -->
        <test-method status="FAIL" signature="validateSearchEngineOptimizationImageAltTextUseDefaultRadioTest()[pri:30, instance:com.ibm.commerce.cmc.catalogs.testcases.CreateNewMasterCategoryTest@402a079c]" name="validateSearchEngineOptimizationImageAltTextUseDefaultRadioTest" duration-ms="44" started-at="2019-02-05T14:09:26Z" finished-at="2019-02-05T14:09:26Z">
          <exception class="java.lang.AssertionError">
            <message>
              <![CDATA[expected [true] but found [false]]]>
            </message>
            <full-stacktrace>
              <![CDATA[java.lang.AssertionError: expected [true] but found [false]
at org.testng.Assert.fail(Assert.java:96)
at org.testng.Assert.failNotEquals(Assert.java:776)
at org.testng.Assert.assertTrue(Assert.java:44)
at org.testng.Assert.assertTrue(Assert.java:54)
at com.ibm.commerce.cmc.catalogs.testcases.CreateNewMasterCategoryTest.validateSearchEngineOptimizationImageAltTextUseDefaultRadioTest(CreateNewMasterCategoryTest.java:271)
at sun.reflect.NativeMethodAccessorImpl.invoke0(Native Method)
at sun.reflect.NativeMethodAccessorImpl.invoke(NativeMethodAccessorImpl.java:62)
at sun.reflect.DelegatingMethodAccessorImpl.invoke(DelegatingMethodAccessorImpl.java:43)
at java.lang.reflect.Method.invoke(Method.java:498)
at org.testng.internal.MethodInvocationHelper.invokeMethod(MethodInvocationHelper.java:124)
at org.testng.internal.Invoker.invokeMethod(Invoker.java:583)
at org.testng.internal.Invoker.invokeTestMethod(Invoker.java:719)
at org.testng.internal.Invoker.invokeTestMethods(Invoker.java:989)
at org.testng.internal.TestMethodWorker.invokeTestMethods(TestMethodWorker.java:125)
at org.testng.internal.TestMethodWorker.run(TestMethodWorker.java:109)
at org.testng.TestRunner.privateRun(TestRunner.java:648)
at org.testng.TestRunner.run(TestRunner.java:505)
at org.testng.SuiteRunner.runTest(SuiteRunner.java:455)
at org.testng.SuiteRunner.runSequentially(SuiteRunner.java:450)
at org.testng.SuiteRunner.privateRun(SuiteRunner.java:415)
at org.testng.SuiteRunner.run(SuiteRunner.java:364)
at org.testng.SuiteRunnerWorker.runSuite(SuiteRunnerWorker.java:52)
at org.testng.SuiteRunnerWorker.run(SuiteRunnerWorker.java:84)
at org.testng.TestNG.runSuitesSequentially(TestNG.java:1208)
at org.testng.TestNG.runSuitesLocally(TestNG.java:1137)
at org.testng.TestNG.runSuites(TestNG.java:1049)
at org.testng.TestNG.run(TestNG.java:1017)
at org.testng.remote.AbstractRemoteTestNG.run(AbstractRemoteTestNG.java:114)
at org.testng.remote.RemoteTestNG.initAndRun(RemoteTestNG.java:251)
at org.testng.remote.RemoteTestNG.main(RemoteTestNG.java:77)
]]>
            </full-stacktrace>
          </exception> <!-- java.lang.AssertionError -->
          <reporter-output>
          </reporter-output>
        </test-method> <!-- validateSearchEngineOptimizationImageAltTextUseDefaultRadioTest -->
        <test-method status="PASS" signature="validateSearchEngineOptimizationImageAltTextOverrideDefaultRadioTest()[pri:31, instance:com.ibm.commerce.cmc.catalogs.testcases.CreateNewMasterCategoryTest@402a079c]" name="validateSearchEngineOptimizationImageAltTextOverrideDefaultRadioTest" duration-ms="54" started-at="2019-02-05T14:09:26Z" finished-at="2019-02-05T14:09:26Z">
          <reporter-output>
          </reporter-output>
        </test-method> <!-- validateSearchEngineOptimizationImageAltTextOverrideDefaultRadioTest -->
        <test-method status="FAIL" signature="validateSearchEngineOptimizationImageAltTextOverrideDefaultRadioAutoSelectTest()[pri:32, instance:com.ibm.commerce.cmc.catalogs.testcases.CreateNewMasterCategoryTest@402a079c]" name="validateSearchEngineOptimizationImageAltTextOverrideDefaultRadioAutoSelectTest" duration-ms="105" started-at="2019-02-05T14:09:26Z" finished-at="2019-02-05T14:09:27Z">
          <exception class="java.lang.AssertionError">
            <message>
              <![CDATA[expected [true] but found [false]]]>
            </message>
            <full-stacktrace>
              <![CDATA[java.lang.AssertionError: expected [true] but found [false]
at org.testng.Assert.fail(Assert.java:96)
at org.testng.Assert.failNotEquals(Assert.java:776)
at org.testng.Assert.assertTrue(Assert.java:44)
at org.testng.Assert.assertTrue(Assert.java:54)
at com.ibm.commerce.cmc.catalogs.testcases.CreateNewMasterCategoryTest.validateSearchEngineOptimizationImageAltTextOverrideDefaultRadioAutoSelectTest(CreateNewMasterCategoryTest.java:282)
at sun.reflect.NativeMethodAccessorImpl.invoke0(Native Method)
at sun.reflect.NativeMethodAccessorImpl.invoke(NativeMethodAccessorImpl.java:62)
at sun.reflect.DelegatingMethodAccessorImpl.invoke(DelegatingMethodAccessorImpl.java:43)
at java.lang.reflect.Method.invoke(Method.java:498)
at org.testng.internal.MethodInvocationHelper.invokeMethod(MethodInvocationHelper.java:124)
at org.testng.internal.Invoker.invokeMethod(Invoker.java:583)
at org.testng.internal.Invoker.invokeTestMethod(Invoker.java:719)
at org.testng.internal.Invoker.invokeTestMethods(Invoker.java:989)
at org.testng.internal.TestMethodWorker.invokeTestMethods(TestMethodWorker.java:125)
at org.testng.internal.TestMethodWorker.run(TestMethodWorker.java:109)
at org.testng.TestRunner.privateRun(TestRunner.java:648)
at org.testng.TestRunner.run(TestRunner.java:505)
at org.testng.SuiteRunner.runTest(SuiteRunner.java:455)
at org.testng.SuiteRunner.runSequentially(SuiteRunner.java:450)
at org.testng.SuiteRunner.privateRun(SuiteRunner.java:415)
at org.testng.SuiteRunner.run(SuiteRunner.java:364)
at org.testng.SuiteRunnerWorker.runSuite(SuiteRunnerWorker.java:52)
at org.testng.SuiteRunnerWorker.run(SuiteRunnerWorker.java:84)
at org.testng.TestNG.runSuitesSequentially(TestNG.java:1208)
at org.testng.TestNG.runSuitesLocally(TestNG.java:1137)
at org.testng.TestNG.runSuites(TestNG.java:1049)
at org.testng.TestNG.run(TestNG.java:1017)
at org.testng.remote.AbstractRemoteTestNG.run(AbstractRemoteTestNG.java:114)
at org.testng.remote.RemoteTestNG.initAndRun(RemoteTestNG.java:251)
at org.testng.remote.RemoteTestNG.main(RemoteTestNG.java:77)
]]>
            </full-stacktrace>
          </exception> <!-- java.lang.AssertionError -->
          <reporter-output>
          </reporter-output>
        </test-method> <!-- validateSearchEngineOptimizationImageAltTextOverrideDefaultRadioAutoSelectTest -->
        <test-method status="PASS" signature="validateSearchEngineOptimizationInputDetailsTest()[pri:33, instance:com.ibm.commerce.cmc.catalogs.testcases.CreateNewMasterCategoryTest@402a079c]" name="validateSearchEngineOptimizationInputDetailsTest" duration-ms="749" started-at="2019-02-05T14:09:27Z" finished-at="2019-02-05T14:09:27Z">
          <reporter-output>
          </reporter-output>
        </test-method> <!-- validateSearchEngineOptimizationInputDetailsTest -->
        <test-method status="PASS" signature="tearDown()[pri:0, instance:com.ibm.commerce.cmc.catalogs.testcases.CreateNewMasterCategoryTest@402a079c]" name="tearDown" is-config="true" duration-ms="135" started-at="2019-02-05T14:09:27Z" finished-at="2019-02-05T14:09:27Z">
          <reporter-output>
          </reporter-output>
        </test-method> <!-- tearDown -->
      </class> <!-- com.ibm.commerce.cmc.catalogs.testcases.CreateNewMasterCategoryTest -->
    </test> <!-- CreateNewMasterCategory -->
    <test name="ExtendedSitesCatalogAssetStoreCategoriesList" duration-ms="4433" started-at="2019-02-05T14:09:28Z" finished-at="2019-02-05T14:09:32Z">
      <class name="com.ibm.commerce.cmc.catalogs.testcases.ExtendedSitesCatalogAssetStoreCategoriesListTest">
        <test-method status="PASS" signature="setUp()[pri:0, instance:com.ibm.commerce.cmc.catalogs.testcases.ExtendedSitesCatalogAssetStoreCategoriesListTest@5700d6b1]" name="setUp" is-config="true" duration-ms="3729" started-at="2019-02-05T14:09:28Z" finished-at="2019-02-05T14:09:31Z">
          <reporter-output>
          </reporter-output>
        </test-method> <!-- setUp -->
        <test-method status="PASS" signature="extendedSitesCatalogAssetStoreCategoriesListPageHeadingTest()[pri:1, instance:com.ibm.commerce.cmc.catalogs.testcases.ExtendedSitesCatalogAssetStoreCategoriesListTest@5700d6b1]" name="extendedSitesCatalogAssetStoreCategoriesListPageHeadingTest" duration-ms="129" started-at="2019-02-05T14:09:31Z" finished-at="2019-02-05T14:09:31Z">
          <reporter-output>
          </reporter-output>
        </test-method> <!-- extendedSitesCatalogAssetStoreCategoriesListPageHeadingTest -->
        <test-method status="PASS" signature="verifyAllColumnsDisplayedOnThePage()[pri:2, instance:com.ibm.commerce.cmc.catalogs.testcases.ExtendedSitesCatalogAssetStoreCategoriesListTest@5700d6b1]" name="verifyAllColumnsDisplayedOnThePage" duration-ms="217" started-at="2019-02-05T14:09:31Z" finished-at="2019-02-05T14:09:32Z">
          <reporter-output>
          </reporter-output>
        </test-method> <!-- verifyAllColumnsDisplayedOnThePage -->
        <test-method status="PASS" signature="verifyAllColumnsClickable()[pri:3, instance:com.ibm.commerce.cmc.catalogs.testcases.ExtendedSitesCatalogAssetStoreCategoriesListTest@5700d6b1]" name="verifyAllColumnsClickable" duration-ms="250" started-at="2019-02-05T14:09:32Z" finished-at="2019-02-05T14:09:32Z">
          <reporter-output>
          </reporter-output>
        </test-method> <!-- verifyAllColumnsClickable -->
        <test-method status="PASS" signature="tearDown()[pri:0, instance:com.ibm.commerce.cmc.catalogs.testcases.ExtendedSitesCatalogAssetStoreCategoriesListTest@5700d6b1]" name="tearDown" is-config="true" duration-ms="102" started-at="2019-02-05T14:09:32Z" finished-at="2019-02-05T14:09:32Z">
          <reporter-output>
          </reporter-output>
        </test-method> <!-- tearDown -->
      </class> <!-- com.ibm.commerce.cmc.catalogs.testcases.ExtendedSitesCatalogAssetStoreCategoriesListTest -->
    </test> <!-- ExtendedSitesCatalogAssetStoreCategoriesList -->
  </suite> <!-- Suite -->
</testng-results>
