<?xml version="1.0" encoding="UTF-8"?>
<!-- Generated by org.testng.reporters.JUnitXMLReporter -->
<testsuite hostname="Narasimharaos-MacBook-Pro.local" ignored="0" name="CreateNewMasterCategory" tests="38" failures="11" timestamp="20 Feb 2019 12:20:43 GMT" time="76.824" errors="0">
  <testcase name="newMasterCategoryPageHeadingTest" time="0.075" classname="com.ibm.commerce.cmc.catalogs.testcases.CreateNewMasterCategoryTest"/>
  <testcase name="validateSaveandPreviewButtonExistance" time="0.057" classname="com.ibm.commerce.cmc.catalogs.testcases.CreateNewMasterCategoryTest"/>
  <testcase name="validateSaveButtonExistance" time="0.048" classname="com.ibm.commerce.cmc.catalogs.testcases.CreateNewMasterCategoryTest"/>
  <testcase name="validateCloseButtonExistance" time="0.028" classname="com.ibm.commerce.cmc.catalogs.testcases.CreateNewMasterCategoryTest"/>
  <testcase name="validateManageCategoryTabExistance" time="0.028" classname="com.ibm.commerce.cmc.catalogs.testcases.CreateNewMasterCategoryTest"/>
  <testcase name="validateSearchEngineOptimizationTabExistance" time="0.026" classname="com.ibm.commerce.cmc.catalogs.testcases.CreateNewMasterCategoryTest"/>
  <testcase name="validateAssociatedAssetsTabExistance" time="0.027" classname="com.ibm.commerce.cmc.catalogs.testcases.CreateNewMasterCategoryTest"/>
  <testcase name="validateContentTabExistance" time="0.026" classname="com.ibm.commerce.cmc.catalogs.testcases.CreateNewMasterCategoryTest"/>
  <testcase name="validateReferencesTabExistance" time="0.027" classname="com.ibm.commerce.cmc.catalogs.testcases.CreateNewMasterCategoryTest"/>
  <testcase name="validateManageCategoryObjectPropertiesAssociatedStoreTest" time="0.232" classname="com.ibm.commerce.cmc.catalogs.testcases.CreateNewMasterCategoryTest"/>
  <testcase name="validateManageCategoryObjectPropertiesAssociatedStoreDisplayedTest" time="0.142" classname="com.ibm.commerce.cmc.catalogs.testcases.CreateNewMasterCategoryTest"/>
  <testcase name="validateManageCategoryGeneralCategoryInformationCodeFieldNameTest" time="0.089" classname="com.ibm.commerce.cmc.catalogs.testcases.CreateNewMasterCategoryTest">
    <failure type="java.lang.AssertionError" message="expected [Code] but found []">
      <![CDATA[java.lang.AssertionError: expected [Code] but found []
at com.ibm.commerce.cmc.catalogs.testcases.CreateNewMasterCategoryTest.validateManageCategoryGeneralCategoryInformationCodeFieldNameTest(CreateNewMasterCategoryTest.java:160)
... Removed 31 stack frames]]>
    </failure>
  </testcase> <!-- validateManageCategoryGeneralCategoryInformationCodeFieldNameTest -->
  <testcase name="validateManageCategoryGeneralCategoryInformationUniqueIdFieldNameTest" time="0.136" classname="com.ibm.commerce.cmc.catalogs.testcases.CreateNewMasterCategoryTest"/>
  <testcase name="validateManageCategoryGeneralCategoryInformationNameFieldTest" time="0.062" classname="com.ibm.commerce.cmc.catalogs.testcases.CreateNewMasterCategoryTest"/>
  <testcase name="validateManageCategoryGeneralCategoryInformationShortDescriptionFieldTest" time="0.068" classname="com.ibm.commerce.cmc.catalogs.testcases.CreateNewMasterCategoryTest"/>
  <testcase name="validateManageCategoryInputGeneralCategoryInformationTest" time="1.819" classname="com.ibm.commerce.cmc.catalogs.testcases.CreateNewMasterCategoryTest"/>
  <testcase name="validateManageCategoryDisplayAccordionDisplayToCustomerFieldTest" time="0.238" classname="com.ibm.commerce.cmc.catalogs.testcases.CreateNewMasterCategoryTest"/>
  <testcase name="validateManageCategoryDisplayAccordionThumbnailFieldTest" time="0.113" classname="com.ibm.commerce.cmc.catalogs.testcases.CreateNewMasterCategoryTest"/>
  <testcase name="validateManageCategoryDisplayAccordionFullImageFieldTest" time="0.084" classname="com.ibm.commerce.cmc.catalogs.testcases.CreateNewMasterCategoryTest">
    <failure type="java.lang.AssertionError" message="expected [Full image (United State English)] but found [Full image]">
      <![CDATA[java.lang.AssertionError: expected [Full image (United State English)] but found [Full image]
at com.ibm.commerce.cmc.catalogs.testcases.CreateNewMasterCategoryTest.validateManageCategoryDisplayAccordionFullImageFieldTest(CreateNewMasterCategoryTest.java:202)
... Removed 31 stack frames]]>
    </failure>
  </testcase> <!-- validateManageCategoryDisplayAccordionFullImageFieldTest -->
  <testcase name="validateManageCategoryInputDisplayAccordionInformationTest" time="0.903" classname="com.ibm.commerce.cmc.catalogs.testcases.CreateNewMasterCategoryTest"/>
  <testcase name="validateSearchEngineOptimizationURLKeywordFieldTest" time="0.134" classname="com.ibm.commerce.cmc.catalogs.testcases.CreateNewMasterCategoryTest">
    <failure type="java.lang.AssertionError" message="expected [URL keyword (United State English)] but found [URL keyword]">
      <![CDATA[java.lang.AssertionError: expected [URL keyword (United State English)] but found [URL keyword]
at com.ibm.commerce.cmc.catalogs.testcases.CreateNewMasterCategoryTest.validateSearchEngineOptimizationURLKeywordFieldTest(CreateNewMasterCategoryTest.java:215)
... Removed 31 stack frames]]>
    </failure>
  </testcase> <!-- validateSearchEngineOptimizationURLKeywordFieldTest -->
  <testcase name="validateSearchEngineOptimizationPageTitleFieldTest" time="0.035" classname="com.ibm.commerce.cmc.catalogs.testcases.CreateNewMasterCategoryTest"/>
  <testcase name="validateSearchEngineOptimizationPageTitleUseDefaultRadioTest" time="0.034" classname="com.ibm.commerce.cmc.catalogs.testcases.CreateNewMasterCategoryTest">
    <failure type="java.lang.AssertionError" message="expected [true] but found [false]">
      <![CDATA[java.lang.AssertionError: expected [true] but found [false]
at com.ibm.commerce.cmc.catalogs.testcases.CreateNewMasterCategoryTest.validateSearchEngineOptimizationPageTitleUseDefaultRadioTest(CreateNewMasterCategoryTest.java:228)
... Removed 29 stack frames]]>
    </failure>
  </testcase> <!-- validateSearchEngineOptimizationPageTitleUseDefaultRadioTest -->
  <testcase name="validateSearchEngineOptimizationPageTitleOverrideDefaultRadioTest" time="0.03" classname="com.ibm.commerce.cmc.catalogs.testcases.CreateNewMasterCategoryTest"/>
  <testcase name="validateSearchEngineOptimizationPageTitleOverrideDefaultRadioAutoSelectTest" time="0.127" classname="com.ibm.commerce.cmc.catalogs.testcases.CreateNewMasterCategoryTest">
    <failure type="java.lang.AssertionError" message="expected [true] but found [false]">
      <![CDATA[java.lang.AssertionError: expected [true] but found [false]
at com.ibm.commerce.cmc.catalogs.testcases.CreateNewMasterCategoryTest.validateSearchEngineOptimizationPageTitleOverrideDefaultRadioAutoSelectTest(CreateNewMasterCategoryTest.java:239)
... Removed 29 stack frames]]>
    </failure>
  </testcase> <!-- validateSearchEngineOptimizationPageTitleOverrideDefaultRadioAutoSelectTest -->
  <testcase name="validateSearchEngineOptimizationMetaDescriptionFieldTest" time="0.034" classname="com.ibm.commerce.cmc.catalogs.testcases.CreateNewMasterCategoryTest"/>
  <testcase name="validateSearchEngineOptimizationMetaDescriptionUseDefaultRadioTest" time="0.053" classname="com.ibm.commerce.cmc.catalogs.testcases.CreateNewMasterCategoryTest">
    <failure type="java.lang.AssertionError" message="expected [true] but found [false]">
      <![CDATA[java.lang.AssertionError: expected [true] but found [false]
at com.ibm.commerce.cmc.catalogs.testcases.CreateNewMasterCategoryTest.validateSearchEngineOptimizationMetaDescriptionUseDefaultRadioTest(CreateNewMasterCategoryTest.java:250)
... Removed 29 stack frames]]>
    </failure>
  </testcase> <!-- validateSearchEngineOptimizationMetaDescriptionUseDefaultRadioTest -->
  <testcase name="validateSearchEngineOptimizationMetaDescriptionOverrideDefaultRadioTest" time="0.032" classname="com.ibm.commerce.cmc.catalogs.testcases.CreateNewMasterCategoryTest"/>
  <testcase name="validateSearchEngineOptimizationMetaDescriptionOverrideDefaultRadioAutoSelectTest" time="0.103" classname="com.ibm.commerce.cmc.catalogs.testcases.CreateNewMasterCategoryTest">
    <failure type="java.lang.AssertionError" message="expected [true] but found [false]">
      <![CDATA[java.lang.AssertionError: expected [true] but found [false]
at com.ibm.commerce.cmc.catalogs.testcases.CreateNewMasterCategoryTest.validateSearchEngineOptimizationMetaDescriptionOverrideDefaultRadioAutoSelectTest(CreateNewMasterCategoryTest.java:261)
... Removed 29 stack frames]]>
    </failure>
  </testcase> <!-- validateSearchEngineOptimizationMetaDescriptionOverrideDefaultRadioAutoSelectTest -->
  <testcase name="validateSearchEngineOptimizationImageAltFieldTest" time="0.045" classname="com.ibm.commerce.cmc.catalogs.testcases.CreateNewMasterCategoryTest"/>
  <testcase name="validateSearchEngineOptimizationImageAltTextUseDefaultRadioTest" time="0.035" classname="com.ibm.commerce.cmc.catalogs.testcases.CreateNewMasterCategoryTest">
    <failure type="java.lang.AssertionError" message="expected [true] but found [false]">
      <![CDATA[java.lang.AssertionError: expected [true] but found [false]
at com.ibm.commerce.cmc.catalogs.testcases.CreateNewMasterCategoryTest.validateSearchEngineOptimizationImageAltTextUseDefaultRadioTest(CreateNewMasterCategoryTest.java:273)
... Removed 29 stack frames]]>
    </failure>
  </testcase> <!-- validateSearchEngineOptimizationImageAltTextUseDefaultRadioTest -->
  <testcase name="validateSearchEngineOptimizationImageAltTextOverrideDefaultRadioTest" time="20.09" classname="com.ibm.commerce.cmc.catalogs.testcases.CreateNewMasterCategoryTest">
    <failure type="org.openqa.selenium.NoSuchElementException" message="no such element: Unable to locate element: {&amp;quot;method&amp;quot;:&amp;quot;xpath&amp;quot;,&amp;quot;selector&amp;quot;:&amp;quot;//*[@id=&amp;apos;n-tab-1&amp;apos;]//ibm-radio//input[@id=&amp;apos;radio-5&amp;apos;]//following-sibling::label/span&amp;quot;}
  (Session info: chrome=72.0.3626.109)
  (Driver info: chromedriver=2.45.615355 (d5698f682d8b2742017df6c81e0bd8e6a3063189),platform=Mac OS X 10.13.6 x86_64) (WARNING: The server did not provide any stacktrace information)
Command duration or timeout: 0 milliseconds
For documentation on this error, please visit: http://seleniumhq.org/exceptions/no_such_element.html
Build info: version: &amp;apos;3.14.0&amp;apos;, revision: &amp;apos;aacccce0&amp;apos;, time: &amp;apos;2018-08-02T20:19:58.91Z&amp;apos;
System info: host: &amp;apos;Narasimharaos-MacBook-Pro.local&amp;apos;, ip: &amp;apos;fe80:0:0:0:141e:406d:ad08:5e79%en0&amp;apos;, os.name: &amp;apos;Mac OS X&amp;apos;, os.arch: &amp;apos;x86_64&amp;apos;, os.version: &amp;apos;10.13.6&amp;apos;, java.version: &amp;apos;1.8.0_191&amp;apos;
Driver info: org.openqa.selenium.chrome.ChromeDriver
Capabilities {acceptInsecureCerts: false, acceptSslCerts: false, applicationCacheEnabled: false, browserConnectionEnabled: false, browserName: chrome, chrome: {chromedriverVersion: 2.45.615355 (d5698f682d8b27..., userDataDir: /var/folders/p4/bzwnsv1x7nb...}, cssSelectorsEnabled: true, databaseEnabled: false, goog:chromeOptions: {debuggerAddress: localhost:55138}, handlesAlerts: true, hasTouchScreen: false, javascriptEnabled: true, locationContextEnabled: true, mobileEmulationEnabled: false, nativeEvents: true, networkConnectionEnabled: false, pageLoadStrategy: normal, platform: MAC, platformName: MAC, proxy: Proxy(), rotatable: false, setWindowRect: true, strictFileInteractability: false, takesHeapSnapshot: true, takesScreenshot: true, timeouts: {implicit: 0, pageLoad: 300000, script: 30000}, unexpectedAlertBehaviour: ignore, unhandledPromptBehavior: ignore, version: 72.0.3626.109, webStorageEnabled: true}
Session ID: 2a015e7bcca66ed43bc1a8c0250b8f77
*** Element info: {Using=xpath, value=//*[@id=&amp;apos;n-tab-1&amp;apos;]//ibm-radio//input[@id=&amp;apos;radio-5&amp;apos;]//following-sibling::label/span}">
      <![CDATA[org.openqa.selenium.NoSuchElementException: no such element: Unable to locate element: {"method":"xpath","selector":"//*[@id='n-tab-1']//ibm-radio//input[@id='radio-5']//following-sibling::label/span"}
  (Session info: chrome=72.0.3626.109)
  (Driver info: chromedriver=2.45.615355 (d5698f682d8b2742017df6c81e0bd8e6a3063189),platform=Mac OS X 10.13.6 x86_64) (WARNING: The server did not provide any stacktrace information)
Command duration or timeout: 0 milliseconds
For documentation on this error, please visit: http://seleniumhq.org/exceptions/no_such_element.html
Build info: version: '3.14.0', revision: 'aacccce0', time: '2018-08-02T20:19:58.91Z'
System info: host: 'Narasimharaos-MacBook-Pro.local', ip: 'fe80:0:0:0:141e:406d:ad08:5e79%en0', os.name: 'Mac OS X', os.arch: 'x86_64', os.version: '10.13.6', java.version: '1.8.0_191'
Driver info: org.openqa.selenium.chrome.ChromeDriver
Capabilities {acceptInsecureCerts: false, acceptSslCerts: false, applicationCacheEnabled: false, browserConnectionEnabled: false, browserName: chrome, chrome: {chromedriverVersion: 2.45.615355 (d5698f682d8b27..., userDataDir: /var/folders/p4/bzwnsv1x7nb...}, cssSelectorsEnabled: true, databaseEnabled: false, goog:chromeOptions: {debuggerAddress: localhost:55138}, handlesAlerts: true, hasTouchScreen: false, javascriptEnabled: true, locationContextEnabled: true, mobileEmulationEnabled: false, nativeEvents: true, networkConnectionEnabled: false, pageLoadStrategy: normal, platform: MAC, platformName: MAC, proxy: Proxy(), rotatable: false, setWindowRect: true, strictFileInteractability: false, takesHeapSnapshot: true, takesScreenshot: true, timeouts: {implicit: 0, pageLoad: 300000, script: 30000}, unexpectedAlertBehaviour: ignore, unhandledPromptBehavior: ignore, version: 72.0.3626.109, webStorageEnabled: true}
Session ID: 2a015e7bcca66ed43bc1a8c0250b8f77
*** Element info: {Using=xpath, value=//*[@id='n-tab-1']//ibm-radio//input[@id='radio-5']//following-sibling::label/span}
at org.openqa.selenium.remote.ErrorHandler.createThrowable(ErrorHandler.java:214)
at org.openqa.selenium.remote.ErrorHandler.throwIfResponseFailed(ErrorHandler.java:166)
at org.openqa.selenium.remote.http.JsonHttpResponseCodec.reconstructValue(JsonHttpResponseCodec.java:40)
at org.openqa.selenium.remote.http.AbstractHttpResponseCodec.decode(AbstractHttpResponseCodec.java:80)
at org.openqa.selenium.remote.http.AbstractHttpResponseCodec.decode(AbstractHttpResponseCodec.java:44)
at org.openqa.selenium.remote.HttpCommandExecutor.execute(HttpCommandExecutor.java:158)
at org.openqa.selenium.remote.service.DriverCommandExecutor.execute(DriverCommandExecutor.java:83)
at org.openqa.selenium.remote.RemoteWebDriver.execute(RemoteWebDriver.java:548)
at org.openqa.selenium.remote.RemoteWebDriver.findElement(RemoteWebDriver.java:322)
at org.openqa.selenium.remote.RemoteWebDriver.findElementByXPath(RemoteWebDriver.java:424)
at org.openqa.selenium.By$ByXPath.findElement(By.java:353)
at org.openqa.selenium.remote.RemoteWebDriver.findElement(RemoteWebDriver.java:314)
at org.openqa.selenium.support.pagefactory.DefaultElementLocator.findElement(DefaultElementLocator.java:69)
at org.openqa.selenium.support.pagefactory.internal.LocatingElementHandler.invoke(LocatingElementHandler.java:38)
at com.sun.proxy.$Proxy26.isSelected(Unknown Source)
at com.ibm.commerce.cmc.ui.utils.TestUtil.isElementSelected(TestUtil.java:25)
at com.ibm.commerce.cmc.ui.catalogs.pages.NewMasterCategoryPage.isImageAltTextOverrideDefaultRadioSelected(NewMasterCategoryPage.java:583)
at com.ibm.commerce.cmc.catalogs.testcases.CreateNewMasterCategoryTest.validateSearchEngineOptimizationImageAltTextOverrideDefaultRadioTest(CreateNewMasterCategoryTest.java:278)
... Removed 29 stack frames]]>
    </failure>
  </testcase> <!-- validateSearchEngineOptimizationImageAltTextOverrideDefaultRadioTest -->
  <testcase name="validateSearchEngineOptimizationImageAltTextOverrideDefaultRadioAutoSelectTest" time="20.149" classname="com.ibm.commerce.cmc.catalogs.testcases.CreateNewMasterCategoryTest">
    <failure type="org.openqa.selenium.NoSuchElementException" message="no such element: Unable to locate element: {&amp;quot;method&amp;quot;:&amp;quot;xpath&amp;quot;,&amp;quot;selector&amp;quot;:&amp;quot;//*[@id=&amp;apos;n-tab-1&amp;apos;]//ibm-radio//input[@id=&amp;apos;radio-5&amp;apos;]//following-sibling::label/span&amp;quot;}
  (Session info: chrome=72.0.3626.109)
  (Driver info: chromedriver=2.45.615355 (d5698f682d8b2742017df6c81e0bd8e6a3063189),platform=Mac OS X 10.13.6 x86_64) (WARNING: The server did not provide any stacktrace information)
Command duration or timeout: 0 milliseconds
For documentation on this error, please visit: http://seleniumhq.org/exceptions/no_such_element.html
Build info: version: &amp;apos;3.14.0&amp;apos;, revision: &amp;apos;aacccce0&amp;apos;, time: &amp;apos;2018-08-02T20:19:58.91Z&amp;apos;
System info: host: &amp;apos;Narasimharaos-MacBook-Pro.local&amp;apos;, ip: &amp;apos;fe80:0:0:0:141e:406d:ad08:5e79%en0&amp;apos;, os.name: &amp;apos;Mac OS X&amp;apos;, os.arch: &amp;apos;x86_64&amp;apos;, os.version: &amp;apos;10.13.6&amp;apos;, java.version: &amp;apos;1.8.0_191&amp;apos;
Driver info: org.openqa.selenium.chrome.ChromeDriver
Capabilities {acceptInsecureCerts: false, acceptSslCerts: false, applicationCacheEnabled: false, browserConnectionEnabled: false, browserName: chrome, chrome: {chromedriverVersion: 2.45.615355 (d5698f682d8b27..., userDataDir: /var/folders/p4/bzwnsv1x7nb...}, cssSelectorsEnabled: true, databaseEnabled: false, goog:chromeOptions: {debuggerAddress: localhost:55138}, handlesAlerts: true, hasTouchScreen: false, javascriptEnabled: true, locationContextEnabled: true, mobileEmulationEnabled: false, nativeEvents: true, networkConnectionEnabled: false, pageLoadStrategy: normal, platform: MAC, platformName: MAC, proxy: Proxy(), rotatable: false, setWindowRect: true, strictFileInteractability: false, takesHeapSnapshot: true, takesScreenshot: true, timeouts: {implicit: 0, pageLoad: 300000, script: 30000}, unexpectedAlertBehaviour: ignore, unhandledPromptBehavior: ignore, version: 72.0.3626.109, webStorageEnabled: true}
Session ID: 2a015e7bcca66ed43bc1a8c0250b8f77
*** Element info: {Using=xpath, value=//*[@id=&amp;apos;n-tab-1&amp;apos;]//ibm-radio//input[@id=&amp;apos;radio-5&amp;apos;]//following-sibling::label/span}">
      <![CDATA[org.openqa.selenium.NoSuchElementException: no such element: Unable to locate element: {"method":"xpath","selector":"//*[@id='n-tab-1']//ibm-radio//input[@id='radio-5']//following-sibling::label/span"}
  (Session info: chrome=72.0.3626.109)
  (Driver info: chromedriver=2.45.615355 (d5698f682d8b2742017df6c81e0bd8e6a3063189),platform=Mac OS X 10.13.6 x86_64) (WARNING: The server did not provide any stacktrace information)
Command duration or timeout: 0 milliseconds
For documentation on this error, please visit: http://seleniumhq.org/exceptions/no_such_element.html
Build info: version: '3.14.0', revision: 'aacccce0', time: '2018-08-02T20:19:58.91Z'
System info: host: 'Narasimharaos-MacBook-Pro.local', ip: 'fe80:0:0:0:141e:406d:ad08:5e79%en0', os.name: 'Mac OS X', os.arch: 'x86_64', os.version: '10.13.6', java.version: '1.8.0_191'
Driver info: org.openqa.selenium.chrome.ChromeDriver
Capabilities {acceptInsecureCerts: false, acceptSslCerts: false, applicationCacheEnabled: false, browserConnectionEnabled: false, browserName: chrome, chrome: {chromedriverVersion: 2.45.615355 (d5698f682d8b27..., userDataDir: /var/folders/p4/bzwnsv1x7nb...}, cssSelectorsEnabled: true, databaseEnabled: false, goog:chromeOptions: {debuggerAddress: localhost:55138}, handlesAlerts: true, hasTouchScreen: false, javascriptEnabled: true, locationContextEnabled: true, mobileEmulationEnabled: false, nativeEvents: true, networkConnectionEnabled: false, pageLoadStrategy: normal, platform: MAC, platformName: MAC, proxy: Proxy(), rotatable: false, setWindowRect: true, strictFileInteractability: false, takesHeapSnapshot: true, takesScreenshot: true, timeouts: {implicit: 0, pageLoad: 300000, script: 30000}, unexpectedAlertBehaviour: ignore, unhandledPromptBehavior: ignore, version: 72.0.3626.109, webStorageEnabled: true}
Session ID: 2a015e7bcca66ed43bc1a8c0250b8f77
*** Element info: {Using=xpath, value=//*[@id='n-tab-1']//ibm-radio//input[@id='radio-5']//following-sibling::label/span}
at org.openqa.selenium.remote.ErrorHandler.createThrowable(ErrorHandler.java:214)
at org.openqa.selenium.remote.ErrorHandler.throwIfResponseFailed(ErrorHandler.java:166)
at org.openqa.selenium.remote.http.JsonHttpResponseCodec.reconstructValue(JsonHttpResponseCodec.java:40)
at org.openqa.selenium.remote.http.AbstractHttpResponseCodec.decode(AbstractHttpResponseCodec.java:80)
at org.openqa.selenium.remote.http.AbstractHttpResponseCodec.decode(AbstractHttpResponseCodec.java:44)
at org.openqa.selenium.remote.HttpCommandExecutor.execute(HttpCommandExecutor.java:158)
at org.openqa.selenium.remote.service.DriverCommandExecutor.execute(DriverCommandExecutor.java:83)
at org.openqa.selenium.remote.RemoteWebDriver.execute(RemoteWebDriver.java:548)
at org.openqa.selenium.remote.RemoteWebDriver.findElement(RemoteWebDriver.java:322)
at org.openqa.selenium.remote.RemoteWebDriver.findElementByXPath(RemoteWebDriver.java:424)
at org.openqa.selenium.By$ByXPath.findElement(By.java:353)
at org.openqa.selenium.remote.RemoteWebDriver.findElement(RemoteWebDriver.java:314)
at org.openqa.selenium.support.pagefactory.DefaultElementLocator.findElement(DefaultElementLocator.java:69)
at org.openqa.selenium.support.pagefactory.internal.LocatingElementHandler.invoke(LocatingElementHandler.java:38)
at com.sun.proxy.$Proxy26.isSelected(Unknown Source)
at com.ibm.commerce.cmc.ui.utils.TestUtil.isElementSelected(TestUtil.java:25)
at com.ibm.commerce.cmc.ui.catalogs.pages.NewMasterCategoryPage.isImageAltTextOverrideDefaultRadioSelected(NewMasterCategoryPage.java:583)
at com.ibm.commerce.cmc.catalogs.testcases.CreateNewMasterCategoryTest.validateSearchEngineOptimizationImageAltTextOverrideDefaultRadioAutoSelectTest(CreateNewMasterCategoryTest.java:285)
... Removed 29 stack frames]]>
    </failure>
  </testcase> <!-- validateSearchEngineOptimizationImageAltTextOverrideDefaultRadioAutoSelectTest -->
  <testcase name="validateSearchEngineOptimizationInputDetailsTest" time="1.107" classname="com.ibm.commerce.cmc.catalogs.testcases.CreateNewMasterCategoryTest"/>
  <testcase name="verifyAllColumnsDisplayedUnderAssociatedAssetsTab" time="20.601" classname="com.ibm.commerce.cmc.catalogs.testcases.CreateNewMasterCategoryTest">
    <failure type="org.openqa.selenium.NoSuchElementException" message="no such element: Unable to locate element: {&amp;quot;method&amp;quot;:&amp;quot;xpath&amp;quot;,&amp;quot;selector&amp;quot;:&amp;quot;//ibm-table//thead/tr/th[6]//span[contains(text(), &amp;apos;Code&amp;apos;)]&amp;quot;}
  (Session info: chrome=72.0.3626.109)
  (Driver info: chromedriver=2.45.615355 (d5698f682d8b2742017df6c81e0bd8e6a3063189),platform=Mac OS X 10.13.6 x86_64) (WARNING: The server did not provide any stacktrace information)
Command duration or timeout: 0 milliseconds
For documentation on this error, please visit: http://seleniumhq.org/exceptions/no_such_element.html
Build info: version: &amp;apos;3.14.0&amp;apos;, revision: &amp;apos;aacccce0&amp;apos;, time: &amp;apos;2018-08-02T20:19:58.91Z&amp;apos;
System info: host: &amp;apos;Narasimharaos-MacBook-Pro.local&amp;apos;, ip: &amp;apos;fe80:0:0:0:141e:406d:ad08:5e79%en0&amp;apos;, os.name: &amp;apos;Mac OS X&amp;apos;, os.arch: &amp;apos;x86_64&amp;apos;, os.version: &amp;apos;10.13.6&amp;apos;, java.version: &amp;apos;1.8.0_191&amp;apos;
Driver info: org.openqa.selenium.chrome.ChromeDriver
Capabilities {acceptInsecureCerts: false, acceptSslCerts: false, applicationCacheEnabled: false, browserConnectionEnabled: false, browserName: chrome, chrome: {chromedriverVersion: 2.45.615355 (d5698f682d8b27..., userDataDir: /var/folders/p4/bzwnsv1x7nb...}, cssSelectorsEnabled: true, databaseEnabled: false, goog:chromeOptions: {debuggerAddress: localhost:55138}, handlesAlerts: true, hasTouchScreen: false, javascriptEnabled: true, locationContextEnabled: true, mobileEmulationEnabled: false, nativeEvents: true, networkConnectionEnabled: false, pageLoadStrategy: normal, platform: MAC, platformName: MAC, proxy: Proxy(), rotatable: false, setWindowRect: true, strictFileInteractability: false, takesHeapSnapshot: true, takesScreenshot: true, timeouts: {implicit: 0, pageLoad: 300000, script: 30000}, unexpectedAlertBehaviour: ignore, unhandledPromptBehavior: ignore, version: 72.0.3626.109, webStorageEnabled: true}
Session ID: 2a015e7bcca66ed43bc1a8c0250b8f77
*** Element info: {Using=xpath, value=//ibm-table//thead/tr/th[6]//span[contains(text(), &amp;apos;Code&amp;apos;)]}">
      <![CDATA[org.openqa.selenium.NoSuchElementException: no such element: Unable to locate element: {"method":"xpath","selector":"//ibm-table//thead/tr/th[6]//span[contains(text(), 'Code')]"}
  (Session info: chrome=72.0.3626.109)
  (Driver info: chromedriver=2.45.615355 (d5698f682d8b2742017df6c81e0bd8e6a3063189),platform=Mac OS X 10.13.6 x86_64) (WARNING: The server did not provide any stacktrace information)
Command duration or timeout: 0 milliseconds
For documentation on this error, please visit: http://seleniumhq.org/exceptions/no_such_element.html
Build info: version: '3.14.0', revision: 'aacccce0', time: '2018-08-02T20:19:58.91Z'
System info: host: 'Narasimharaos-MacBook-Pro.local', ip: 'fe80:0:0:0:141e:406d:ad08:5e79%en0', os.name: 'Mac OS X', os.arch: 'x86_64', os.version: '10.13.6', java.version: '1.8.0_191'
Driver info: org.openqa.selenium.chrome.ChromeDriver
Capabilities {acceptInsecureCerts: false, acceptSslCerts: false, applicationCacheEnabled: false, browserConnectionEnabled: false, browserName: chrome, chrome: {chromedriverVersion: 2.45.615355 (d5698f682d8b27..., userDataDir: /var/folders/p4/bzwnsv1x7nb...}, cssSelectorsEnabled: true, databaseEnabled: false, goog:chromeOptions: {debuggerAddress: localhost:55138}, handlesAlerts: true, hasTouchScreen: false, javascriptEnabled: true, locationContextEnabled: true, mobileEmulationEnabled: false, nativeEvents: true, networkConnectionEnabled: false, pageLoadStrategy: normal, platform: MAC, platformName: MAC, proxy: Proxy(), rotatable: false, setWindowRect: true, strictFileInteractability: false, takesHeapSnapshot: true, takesScreenshot: true, timeouts: {implicit: 0, pageLoad: 300000, script: 30000}, unexpectedAlertBehaviour: ignore, unhandledPromptBehavior: ignore, version: 72.0.3626.109, webStorageEnabled: true}
Session ID: 2a015e7bcca66ed43bc1a8c0250b8f77
*** Element info: {Using=xpath, value=//ibm-table//thead/tr/th[6]//span[contains(text(), 'Code')]}
at org.openqa.selenium.remote.ErrorHandler.createThrowable(ErrorHandler.java:214)
at org.openqa.selenium.remote.ErrorHandler.throwIfResponseFailed(ErrorHandler.java:166)
at org.openqa.selenium.remote.http.JsonHttpResponseCodec.reconstructValue(JsonHttpResponseCodec.java:40)
at org.openqa.selenium.remote.http.AbstractHttpResponseCodec.decode(AbstractHttpResponseCodec.java:80)
at org.openqa.selenium.remote.http.AbstractHttpResponseCodec.decode(AbstractHttpResponseCodec.java:44)
at org.openqa.selenium.remote.HttpCommandExecutor.execute(HttpCommandExecutor.java:158)
at org.openqa.selenium.remote.service.DriverCommandExecutor.execute(DriverCommandExecutor.java:83)
at org.openqa.selenium.remote.RemoteWebDriver.execute(RemoteWebDriver.java:548)
at org.openqa.selenium.remote.RemoteWebDriver.findElement(RemoteWebDriver.java:322)
at org.openqa.selenium.remote.RemoteWebDriver.findElementByXPath(RemoteWebDriver.java:424)
at org.openqa.selenium.By$ByXPath.findElement(By.java:353)
at org.openqa.selenium.remote.RemoteWebDriver.findElement(RemoteWebDriver.java:314)
at org.openqa.selenium.support.pagefactory.DefaultElementLocator.findElement(DefaultElementLocator.java:69)
at org.openqa.selenium.support.pagefactory.internal.LocatingElementHandler.invoke(LocatingElementHandler.java:38)
at com.sun.proxy.$Proxy26.isDisplayed(Unknown Source)
at com.ibm.commerce.cmc.ui.utils.TestUtil.isElementDisplayed(TestUtil.java:21)
at com.ibm.commerce.cmc.ui.catalogs.pages.NewMasterCategoryPage.isAACodeColumnExists(NewMasterCategoryPage.java:641)
at com.ibm.commerce.cmc.catalogs.testcases.CreateNewMasterCategoryTest.verifyAllColumnsDisplayedUnderAssociatedAssetsTab(CreateNewMasterCategoryTest.java:306)
... Removed 29 stack frames]]>
    </failure>
  </testcase> <!-- verifyAllColumnsDisplayedUnderAssociatedAssetsTab -->
  <testcase name="verifyAllColumnsDisplayedUnderContentTab" time="0.707" classname="com.ibm.commerce.cmc.catalogs.testcases.CreateNewMasterCategoryTest"/>
  <testcase name="verifyAllColumnsDisplayedUnderReferencesTab" time="0.547" classname="com.ibm.commerce.cmc.catalogs.testcases.CreateNewMasterCategoryTest"/>
  <testcase name="saveNewMasterCategory" time="0.16" classname="com.ibm.commerce.cmc.catalogs.testcases.CreateNewMasterCategoryTest"/>
</testsuite> <!-- CreateNewMasterCategory -->
