<?xml version="1.0" encoding="UTF-8"?>
<!-- Generated by org.testng.reporters.JUnitReportReporter -->
<testsuite skipped="0" hostname="Narasimharaos-MacBook-Pro.local" name="com.ibm.commerce.cmc.catalogs.testcases.CreateNewMasterCategoryTest" tests="33" failures="7" timestamp="05 Feb 2019 14:09:33 GMT" time="5.084" errors="0">
  <testcase name="newMasterCategoryPageHeadingTest" time="0.187" classname="com.ibm.commerce.cmc.catalogs.testcases.CreateNewMasterCategoryTest"/>
  <testcase name="validateSaveandPreviewButtonExistance" time="0.069" classname="com.ibm.commerce.cmc.catalogs.testcases.CreateNewMasterCategoryTest"/>
  <testcase name="validateSaveButtonExistance" time="0.041" classname="com.ibm.commerce.cmc.catalogs.testcases.CreateNewMasterCategoryTest"/>
  <testcase name="validateCloseButtonExistance" time="0.032" classname="com.ibm.commerce.cmc.catalogs.testcases.CreateNewMasterCategoryTest"/>
  <testcase name="validateManageCategoryTabExistance" time="0.035" classname="com.ibm.commerce.cmc.catalogs.testcases.CreateNewMasterCategoryTest"/>
  <testcase name="validateSearchEngineOptimizationTabExistance" time="0.035" classname="com.ibm.commerce.cmc.catalogs.testcases.CreateNewMasterCategoryTest"/>
  <testcase name="validateAssociatedAssetsTabExistance" time="0.033" classname="com.ibm.commerce.cmc.catalogs.testcases.CreateNewMasterCategoryTest"/>
  <testcase name="validateContentTabExistance" time="0.032" classname="com.ibm.commerce.cmc.catalogs.testcases.CreateNewMasterCategoryTest"/>
  <testcase name="validateReferencesTabExistance" time="0.046" classname="com.ibm.commerce.cmc.catalogs.testcases.CreateNewMasterCategoryTest"/>
  <testcase name="validateManageCategoryObjectPropertiesAssociatedStoreTest" time="0.193" classname="com.ibm.commerce.cmc.catalogs.testcases.CreateNewMasterCategoryTest"/>
  <testcase name="validateManageCategoryObjectPropertiesAssociatedStoreDisplayedTest" time="0.150" classname="com.ibm.commerce.cmc.catalogs.testcases.CreateNewMasterCategoryTest"/>
  <testcase name="validateManageCategoryGeneralCategoryInformationUniqueIdFieldNameTest" time="0.254" classname="com.ibm.commerce.cmc.catalogs.testcases.CreateNewMasterCategoryTest">
    <failure type="java.lang.AssertionError" message="expected [Unique ID Code] but found [Unique ID]">
      <![CDATA[java.lang.AssertionError: expected [Unique ID Code] but found [Unique ID]
at org.testng.Assert.fail(Assert.java:96)
at org.testng.Assert.failNotEquals(Assert.java:776)
at org.testng.Assert.assertEqualsImpl(Assert.java:137)
at org.testng.Assert.assertEquals(Assert.java:118)
at org.testng.Assert.assertEquals(Assert.java:453)
at org.testng.Assert.assertEquals(Assert.java:463)
at com.ibm.commerce.cmc.catalogs.testcases.CreateNewMasterCategoryTest.validateManageCategoryGeneralCategoryInformationUniqueIdFieldNameTest(CreateNewMasterCategoryTest.java:159)
at sun.reflect.NativeMethodAccessorImpl.invoke0(Native Method)
at sun.reflect.NativeMethodAccessorImpl.invoke(NativeMethodAccessorImpl.java:62)
at sun.reflect.DelegatingMethodAccessorImpl.invoke(DelegatingMethodAccessorImpl.java:43)
at java.lang.reflect.Method.invoke(Method.java:498)
at org.testng.internal.MethodInvocationHelper.invokeMethod(MethodInvocationHelper.java:124)
at org.testng.internal.Invoker.invokeMethod(Invoker.java:583)
at org.testng.internal.Invoker.invokeTestMethod(Invoker.java:719)
at org.testng.internal.Invoker.invokeTestMethods(Invoker.java:989)
at org.testng.internal.TestMethodWorker.invokeTestMethods(TestMethodWorker.java:125)
at org.testng.internal.TestMethodWorker.run(TestMethodWorker.java:109)
at org.testng.TestRunner.privateRun(TestRunner.java:648)
at org.testng.TestRunner.run(TestRunner.java:505)
at org.testng.SuiteRunner.runTest(SuiteRunner.java:455)
at org.testng.SuiteRunner.runSequentially(SuiteRunner.java:450)
at org.testng.SuiteRunner.privateRun(SuiteRunner.java:415)
at org.testng.SuiteRunner.run(SuiteRunner.java:364)
at org.testng.SuiteRunnerWorker.runSuite(SuiteRunnerWorker.java:52)
at org.testng.SuiteRunnerWorker.run(SuiteRunnerWorker.java:84)
at org.testng.TestNG.runSuitesSequentially(TestNG.java:1208)
at org.testng.TestNG.runSuitesLocally(TestNG.java:1137)
at org.testng.TestNG.runSuites(TestNG.java:1049)
at org.testng.TestNG.run(TestNG.java:1017)
at org.testng.remote.AbstractRemoteTestNG.run(AbstractRemoteTestNG.java:114)
at org.testng.remote.RemoteTestNG.initAndRun(RemoteTestNG.java:251)
at org.testng.remote.RemoteTestNG.main(RemoteTestNG.java:77)
]]>
    </failure>
  </testcase> <!-- validateManageCategoryGeneralCategoryInformationUniqueIdFieldNameTest -->
  <testcase name="validateManageCategoryGeneralCategoryInformationNameFieldTest" time="0.123" classname="com.ibm.commerce.cmc.catalogs.testcases.CreateNewMasterCategoryTest"/>
  <testcase name="validateManageCategoryGeneralCategoryInformationShortDescriptionFieldTest" time="0.103" classname="com.ibm.commerce.cmc.catalogs.testcases.CreateNewMasterCategoryTest"/>
  <testcase name="validateManageCategoryInputGeneralCategoryInformationTest" time="1.010" classname="com.ibm.commerce.cmc.catalogs.testcases.CreateNewMasterCategoryTest"/>
  <testcase name="validateManageCategoryDisplayAccordionDisplayToCustomerFieldTest" time="0.307" classname="com.ibm.commerce.cmc.catalogs.testcases.CreateNewMasterCategoryTest"/>
  <testcase name="validateManageCategoryDisplayAccordionThumbnailFieldTest" time="0.132" classname="com.ibm.commerce.cmc.catalogs.testcases.CreateNewMasterCategoryTest"/>
  <testcase name="validateManageCategoryDisplayAccordionFullImageFieldTest" time="0.078" classname="com.ibm.commerce.cmc.catalogs.testcases.CreateNewMasterCategoryTest"/>
  <testcase name="validateManageCategoryInputDisplayAccordionInformationTest" time="0.624" classname="com.ibm.commerce.cmc.catalogs.testcases.CreateNewMasterCategoryTest"/>
  <testcase name="validateSearchEngineOptimizationURLKeywordFieldTest" time="0.130" classname="com.ibm.commerce.cmc.catalogs.testcases.CreateNewMasterCategoryTest"/>
  <testcase name="validateSearchEngineOptimizationPageTitleFieldTest" time="0.034" classname="com.ibm.commerce.cmc.catalogs.testcases.CreateNewMasterCategoryTest"/>
  <testcase name="validateSearchEngineOptimizationPageTitleUseDefaultRadioTest" time="0.030" classname="com.ibm.commerce.cmc.catalogs.testcases.CreateNewMasterCategoryTest">
    <failure type="java.lang.AssertionError" message="expected [true] but found [false]">
      <![CDATA[java.lang.AssertionError: expected [true] but found [false]
at org.testng.Assert.fail(Assert.java:96)
at org.testng.Assert.failNotEquals(Assert.java:776)
at org.testng.Assert.assertTrue(Assert.java:44)
at org.testng.Assert.assertTrue(Assert.java:54)
at com.ibm.commerce.cmc.catalogs.testcases.CreateNewMasterCategoryTest.validateSearchEngineOptimizationPageTitleUseDefaultRadioTest(CreateNewMasterCategoryTest.java:228)
at sun.reflect.NativeMethodAccessorImpl.invoke0(Native Method)
at sun.reflect.NativeMethodAccessorImpl.invoke(NativeMethodAccessorImpl.java:62)
at sun.reflect.DelegatingMethodAccessorImpl.invoke(DelegatingMethodAccessorImpl.java:43)
at java.lang.reflect.Method.invoke(Method.java:498)
at org.testng.internal.MethodInvocationHelper.invokeMethod(MethodInvocationHelper.java:124)
at org.testng.internal.Invoker.invokeMethod(Invoker.java:583)
at org.testng.internal.Invoker.invokeTestMethod(Invoker.java:719)
at org.testng.internal.Invoker.invokeTestMethods(Invoker.java:989)
at org.testng.internal.TestMethodWorker.invokeTestMethods(TestMethodWorker.java:125)
at org.testng.internal.TestMethodWorker.run(TestMethodWorker.java:109)
at org.testng.TestRunner.privateRun(TestRunner.java:648)
at org.testng.TestRunner.run(TestRunner.java:505)
at org.testng.SuiteRunner.runTest(SuiteRunner.java:455)
at org.testng.SuiteRunner.runSequentially(SuiteRunner.java:450)
at org.testng.SuiteRunner.privateRun(SuiteRunner.java:415)
at org.testng.SuiteRunner.run(SuiteRunner.java:364)
at org.testng.SuiteRunnerWorker.runSuite(SuiteRunnerWorker.java:52)
at org.testng.SuiteRunnerWorker.run(SuiteRunnerWorker.java:84)
at org.testng.TestNG.runSuitesSequentially(TestNG.java:1208)
at org.testng.TestNG.runSuitesLocally(TestNG.java:1137)
at org.testng.TestNG.runSuites(TestNG.java:1049)
at org.testng.TestNG.run(TestNG.java:1017)
at org.testng.remote.AbstractRemoteTestNG.run(AbstractRemoteTestNG.java:114)
at org.testng.remote.RemoteTestNG.initAndRun(RemoteTestNG.java:251)
at org.testng.remote.RemoteTestNG.main(RemoteTestNG.java:77)
]]>
    </failure>
  </testcase> <!-- validateSearchEngineOptimizationPageTitleUseDefaultRadioTest -->
  <testcase name="validateSearchEngineOptimizationPageTitleOverrideDefaultRadioTest" time="0.034" classname="com.ibm.commerce.cmc.catalogs.testcases.CreateNewMasterCategoryTest"/>
  <testcase name="validateSearchEngineOptimizationPageTitleOverrideDefaultRadioAutoSelectTest" time="0.102" classname="com.ibm.commerce.cmc.catalogs.testcases.CreateNewMasterCategoryTest">
    <failure type="java.lang.AssertionError" message="expected [true] but found [false]">
      <![CDATA[java.lang.AssertionError: expected [true] but found [false]
at org.testng.Assert.fail(Assert.java:96)
at org.testng.Assert.failNotEquals(Assert.java:776)
at org.testng.Assert.assertTrue(Assert.java:44)
at org.testng.Assert.assertTrue(Assert.java:54)
at com.ibm.commerce.cmc.catalogs.testcases.CreateNewMasterCategoryTest.validateSearchEngineOptimizationPageTitleOverrideDefaultRadioAutoSelectTest(CreateNewMasterCategoryTest.java:238)
at sun.reflect.NativeMethodAccessorImpl.invoke0(Native Method)
at sun.reflect.NativeMethodAccessorImpl.invoke(NativeMethodAccessorImpl.java:62)
at sun.reflect.DelegatingMethodAccessorImpl.invoke(DelegatingMethodAccessorImpl.java:43)
at java.lang.reflect.Method.invoke(Method.java:498)
at org.testng.internal.MethodInvocationHelper.invokeMethod(MethodInvocationHelper.java:124)
at org.testng.internal.Invoker.invokeMethod(Invoker.java:583)
at org.testng.internal.Invoker.invokeTestMethod(Invoker.java:719)
at org.testng.internal.Invoker.invokeTestMethods(Invoker.java:989)
at org.testng.internal.TestMethodWorker.invokeTestMethods(TestMethodWorker.java:125)
at org.testng.internal.TestMethodWorker.run(TestMethodWorker.java:109)
at org.testng.TestRunner.privateRun(TestRunner.java:648)
at org.testng.TestRunner.run(TestRunner.java:505)
at org.testng.SuiteRunner.runTest(SuiteRunner.java:455)
at org.testng.SuiteRunner.runSequentially(SuiteRunner.java:450)
at org.testng.SuiteRunner.privateRun(SuiteRunner.java:415)
at org.testng.SuiteRunner.run(SuiteRunner.java:364)
at org.testng.SuiteRunnerWorker.runSuite(SuiteRunnerWorker.java:52)
at org.testng.SuiteRunnerWorker.run(SuiteRunnerWorker.java:84)
at org.testng.TestNG.runSuitesSequentially(TestNG.java:1208)
at org.testng.TestNG.runSuitesLocally(TestNG.java:1137)
at org.testng.TestNG.runSuites(TestNG.java:1049)
at org.testng.TestNG.run(TestNG.java:1017)
at org.testng.remote.AbstractRemoteTestNG.run(AbstractRemoteTestNG.java:114)
at org.testng.remote.RemoteTestNG.initAndRun(RemoteTestNG.java:251)
at org.testng.remote.RemoteTestNG.main(RemoteTestNG.java:77)
]]>
    </failure>
  </testcase> <!-- validateSearchEngineOptimizationPageTitleOverrideDefaultRadioAutoSelectTest -->
  <testcase name="validateSearchEngineOptimizationMetaDescriptionFieldTest" time="0.035" classname="com.ibm.commerce.cmc.catalogs.testcases.CreateNewMasterCategoryTest"/>
  <testcase name="validateSearchEngineOptimizationMetaDescriptionUseDefaultRadioTest" time="0.028" classname="com.ibm.commerce.cmc.catalogs.testcases.CreateNewMasterCategoryTest">
    <failure type="java.lang.AssertionError" message="expected [true] but found [false]">
      <![CDATA[java.lang.AssertionError: expected [true] but found [false]
at org.testng.Assert.fail(Assert.java:96)
at org.testng.Assert.failNotEquals(Assert.java:776)
at org.testng.Assert.assertTrue(Assert.java:44)
at org.testng.Assert.assertTrue(Assert.java:54)
at com.ibm.commerce.cmc.catalogs.testcases.CreateNewMasterCategoryTest.validateSearchEngineOptimizationMetaDescriptionUseDefaultRadioTest(CreateNewMasterCategoryTest.java:249)
at sun.reflect.NativeMethodAccessorImpl.invoke0(Native Method)
at sun.reflect.NativeMethodAccessorImpl.invoke(NativeMethodAccessorImpl.java:62)
at sun.reflect.DelegatingMethodAccessorImpl.invoke(DelegatingMethodAccessorImpl.java:43)
at java.lang.reflect.Method.invoke(Method.java:498)
at org.testng.internal.MethodInvocationHelper.invokeMethod(MethodInvocationHelper.java:124)
at org.testng.internal.Invoker.invokeMethod(Invoker.java:583)
at org.testng.internal.Invoker.invokeTestMethod(Invoker.java:719)
at org.testng.internal.Invoker.invokeTestMethods(Invoker.java:989)
at org.testng.internal.TestMethodWorker.invokeTestMethods(TestMethodWorker.java:125)
at org.testng.internal.TestMethodWorker.run(TestMethodWorker.java:109)
at org.testng.TestRunner.privateRun(TestRunner.java:648)
at org.testng.TestRunner.run(TestRunner.java:505)
at org.testng.SuiteRunner.runTest(SuiteRunner.java:455)
at org.testng.SuiteRunner.runSequentially(SuiteRunner.java:450)
at org.testng.SuiteRunner.privateRun(SuiteRunner.java:415)
at org.testng.SuiteRunner.run(SuiteRunner.java:364)
at org.testng.SuiteRunnerWorker.runSuite(SuiteRunnerWorker.java:52)
at org.testng.SuiteRunnerWorker.run(SuiteRunnerWorker.java:84)
at org.testng.TestNG.runSuitesSequentially(TestNG.java:1208)
at org.testng.TestNG.runSuitesLocally(TestNG.java:1137)
at org.testng.TestNG.runSuites(TestNG.java:1049)
at org.testng.TestNG.run(TestNG.java:1017)
at org.testng.remote.AbstractRemoteTestNG.run(AbstractRemoteTestNG.java:114)
at org.testng.remote.RemoteTestNG.initAndRun(RemoteTestNG.java:251)
at org.testng.remote.RemoteTestNG.main(RemoteTestNG.java:77)
]]>
    </failure>
  </testcase> <!-- validateSearchEngineOptimizationMetaDescriptionUseDefaultRadioTest -->
  <testcase name="validateSearchEngineOptimizationMetaDescriptionOverrideDefaultRadioTest" time="0.034" classname="com.ibm.commerce.cmc.catalogs.testcases.CreateNewMasterCategoryTest"/>
  <testcase name="validateSearchEngineOptimizationMetaDescriptionOverrideDefaultRadioAutoSelectTest" time="0.115" classname="com.ibm.commerce.cmc.catalogs.testcases.CreateNewMasterCategoryTest">
    <failure type="java.lang.AssertionError" message="expected [true] but found [false]">
      <![CDATA[java.lang.AssertionError: expected [true] but found [false]
at org.testng.Assert.fail(Assert.java:96)
at org.testng.Assert.failNotEquals(Assert.java:776)
at org.testng.Assert.assertTrue(Assert.java:44)
at org.testng.Assert.assertTrue(Assert.java:54)
at com.ibm.commerce.cmc.catalogs.testcases.CreateNewMasterCategoryTest.validateSearchEngineOptimizationMetaDescriptionOverrideDefaultRadioAutoSelectTest(CreateNewMasterCategoryTest.java:260)
at sun.reflect.NativeMethodAccessorImpl.invoke0(Native Method)
at sun.reflect.NativeMethodAccessorImpl.invoke(NativeMethodAccessorImpl.java:62)
at sun.reflect.DelegatingMethodAccessorImpl.invoke(DelegatingMethodAccessorImpl.java:43)
at java.lang.reflect.Method.invoke(Method.java:498)
at org.testng.internal.MethodInvocationHelper.invokeMethod(MethodInvocationHelper.java:124)
at org.testng.internal.Invoker.invokeMethod(Invoker.java:583)
at org.testng.internal.Invoker.invokeTestMethod(Invoker.java:719)
at org.testng.internal.Invoker.invokeTestMethods(Invoker.java:989)
at org.testng.internal.TestMethodWorker.invokeTestMethods(TestMethodWorker.java:125)
at org.testng.internal.TestMethodWorker.run(TestMethodWorker.java:109)
at org.testng.TestRunner.privateRun(TestRunner.java:648)
at org.testng.TestRunner.run(TestRunner.java:505)
at org.testng.SuiteRunner.runTest(SuiteRunner.java:455)
at org.testng.SuiteRunner.runSequentially(SuiteRunner.java:450)
at org.testng.SuiteRunner.privateRun(SuiteRunner.java:415)
at org.testng.SuiteRunner.run(SuiteRunner.java:364)
at org.testng.SuiteRunnerWorker.runSuite(SuiteRunnerWorker.java:52)
at org.testng.SuiteRunnerWorker.run(SuiteRunnerWorker.java:84)
at org.testng.TestNG.runSuitesSequentially(TestNG.java:1208)
at org.testng.TestNG.runSuitesLocally(TestNG.java:1137)
at org.testng.TestNG.runSuites(TestNG.java:1049)
at org.testng.TestNG.run(TestNG.java:1017)
at org.testng.remote.AbstractRemoteTestNG.run(AbstractRemoteTestNG.java:114)
at org.testng.remote.RemoteTestNG.initAndRun(RemoteTestNG.java:251)
at org.testng.remote.RemoteTestNG.main(RemoteTestNG.java:77)
]]>
    </failure>
  </testcase> <!-- validateSearchEngineOptimizationMetaDescriptionOverrideDefaultRadioAutoSelectTest -->
  <testcase name="validateSearchEngineOptimizationImageAltFieldTest" time="0.106" classname="com.ibm.commerce.cmc.catalogs.testcases.CreateNewMasterCategoryTest"/>
  <testcase name="validateSearchEngineOptimizationImageAltTextUseDefaultRadioTest" time="0.044" classname="com.ibm.commerce.cmc.catalogs.testcases.CreateNewMasterCategoryTest">
    <failure type="java.lang.AssertionError" message="expected [true] but found [false]">
      <![CDATA[java.lang.AssertionError: expected [true] but found [false]
at org.testng.Assert.fail(Assert.java:96)
at org.testng.Assert.failNotEquals(Assert.java:776)
at org.testng.Assert.assertTrue(Assert.java:44)
at org.testng.Assert.assertTrue(Assert.java:54)
at com.ibm.commerce.cmc.catalogs.testcases.CreateNewMasterCategoryTest.validateSearchEngineOptimizationImageAltTextUseDefaultRadioTest(CreateNewMasterCategoryTest.java:271)
at sun.reflect.NativeMethodAccessorImpl.invoke0(Native Method)
at sun.reflect.NativeMethodAccessorImpl.invoke(NativeMethodAccessorImpl.java:62)
at sun.reflect.DelegatingMethodAccessorImpl.invoke(DelegatingMethodAccessorImpl.java:43)
at java.lang.reflect.Method.invoke(Method.java:498)
at org.testng.internal.MethodInvocationHelper.invokeMethod(MethodInvocationHelper.java:124)
at org.testng.internal.Invoker.invokeMethod(Invoker.java:583)
at org.testng.internal.Invoker.invokeTestMethod(Invoker.java:719)
at org.testng.internal.Invoker.invokeTestMethods(Invoker.java:989)
at org.testng.internal.TestMethodWorker.invokeTestMethods(TestMethodWorker.java:125)
at org.testng.internal.TestMethodWorker.run(TestMethodWorker.java:109)
at org.testng.TestRunner.privateRun(TestRunner.java:648)
at org.testng.TestRunner.run(TestRunner.java:505)
at org.testng.SuiteRunner.runTest(SuiteRunner.java:455)
at org.testng.SuiteRunner.runSequentially(SuiteRunner.java:450)
at org.testng.SuiteRunner.privateRun(SuiteRunner.java:415)
at org.testng.SuiteRunner.run(SuiteRunner.java:364)
at org.testng.SuiteRunnerWorker.runSuite(SuiteRunnerWorker.java:52)
at org.testng.SuiteRunnerWorker.run(SuiteRunnerWorker.java:84)
at org.testng.TestNG.runSuitesSequentially(TestNG.java:1208)
at org.testng.TestNG.runSuitesLocally(TestNG.java:1137)
at org.testng.TestNG.runSuites(TestNG.java:1049)
at org.testng.TestNG.run(TestNG.java:1017)
at org.testng.remote.AbstractRemoteTestNG.run(AbstractRemoteTestNG.java:114)
at org.testng.remote.RemoteTestNG.initAndRun(RemoteTestNG.java:251)
at org.testng.remote.RemoteTestNG.main(RemoteTestNG.java:77)
]]>
    </failure>
  </testcase> <!-- validateSearchEngineOptimizationImageAltTextUseDefaultRadioTest -->
  <testcase name="validateSearchEngineOptimizationImageAltTextOverrideDefaultRadioTest" time="0.054" classname="com.ibm.commerce.cmc.catalogs.testcases.CreateNewMasterCategoryTest"/>
  <testcase name="validateSearchEngineOptimizationImageAltTextOverrideDefaultRadioAutoSelectTest" time="0.105" classname="com.ibm.commerce.cmc.catalogs.testcases.CreateNewMasterCategoryTest">
    <failure type="java.lang.AssertionError" message="expected [true] but found [false]">
      <![CDATA[java.lang.AssertionError: expected [true] but found [false]
at org.testng.Assert.fail(Assert.java:96)
at org.testng.Assert.failNotEquals(Assert.java:776)
at org.testng.Assert.assertTrue(Assert.java:44)
at org.testng.Assert.assertTrue(Assert.java:54)
at com.ibm.commerce.cmc.catalogs.testcases.CreateNewMasterCategoryTest.validateSearchEngineOptimizationImageAltTextOverrideDefaultRadioAutoSelectTest(CreateNewMasterCategoryTest.java:282)
at sun.reflect.NativeMethodAccessorImpl.invoke0(Native Method)
at sun.reflect.NativeMethodAccessorImpl.invoke(NativeMethodAccessorImpl.java:62)
at sun.reflect.DelegatingMethodAccessorImpl.invoke(DelegatingMethodAccessorImpl.java:43)
at java.lang.reflect.Method.invoke(Method.java:498)
at org.testng.internal.MethodInvocationHelper.invokeMethod(MethodInvocationHelper.java:124)
at org.testng.internal.Invoker.invokeMethod(Invoker.java:583)
at org.testng.internal.Invoker.invokeTestMethod(Invoker.java:719)
at org.testng.internal.Invoker.invokeTestMethods(Invoker.java:989)
at org.testng.internal.TestMethodWorker.invokeTestMethods(TestMethodWorker.java:125)
at org.testng.internal.TestMethodWorker.run(TestMethodWorker.java:109)
at org.testng.TestRunner.privateRun(TestRunner.java:648)
at org.testng.TestRunner.run(TestRunner.java:505)
at org.testng.SuiteRunner.runTest(SuiteRunner.java:455)
at org.testng.SuiteRunner.runSequentially(SuiteRunner.java:450)
at org.testng.SuiteRunner.privateRun(SuiteRunner.java:415)
at org.testng.SuiteRunner.run(SuiteRunner.java:364)
at org.testng.SuiteRunnerWorker.runSuite(SuiteRunnerWorker.java:52)
at org.testng.SuiteRunnerWorker.run(SuiteRunnerWorker.java:84)
at org.testng.TestNG.runSuitesSequentially(TestNG.java:1208)
at org.testng.TestNG.runSuitesLocally(TestNG.java:1137)
at org.testng.TestNG.runSuites(TestNG.java:1049)
at org.testng.TestNG.run(TestNG.java:1017)
at org.testng.remote.AbstractRemoteTestNG.run(AbstractRemoteTestNG.java:114)
at org.testng.remote.RemoteTestNG.initAndRun(RemoteTestNG.java:251)
at org.testng.remote.RemoteTestNG.main(RemoteTestNG.java:77)
]]>
    </failure>
  </testcase> <!-- validateSearchEngineOptimizationImageAltTextOverrideDefaultRadioAutoSelectTest -->
  <testcase name="validateSearchEngineOptimizationInputDetailsTest" time="0.749" classname="com.ibm.commerce.cmc.catalogs.testcases.CreateNewMasterCategoryTest"/>
</testsuite> <!-- com.ibm.commerce.cmc.catalogs.testcases.CreateNewMasterCategoryTest -->
