<?xml version="1.0" encoding="UTF-8"?>
<!-- Generated by org.testng.reporters.JUnitXMLReporter -->
<testsuite hostname="Narasimharaos-MacBook-Pro.local" ignored="0" name="CatalogsHomePage" tests="3" failures="1" timestamp="05 Feb 2019 14:09:18 GMT" time="6.144" errors="0">
  <testcase name="catalogHomePageTitleTest" time="0.017" classname="com.ibm.commerce.cmc.catalogs.testcases.CatalogsHomePageTest">
    <failure type="java.lang.AssertionError" message="expected [Catalogs] but found []">
      <![CDATA[java.lang.AssertionError: expected [Catalogs] but found []
at com.ibm.commerce.cmc.catalogs.testcases.CatalogsHomePageTest.catalogHomePageTitleTest(CatalogsHomePageTest.java:37)
... Removed 31 stack frames]]>
    </failure>
  </testcase> <!-- catalogHomePageTitleTest -->
  <testcase name="catalogHomePageHeadingTest" time="0.051" classname="com.ibm.commerce.cmc.catalogs.testcases.CatalogsHomePageTest"/>
  <testcase name="navigatetoNewMasterCategoryPageTest" time="0.648" classname="com.ibm.commerce.cmc.catalogs.testcases.CatalogsHomePageTest"/>
</testsuite> <!-- CatalogsHomePage -->
