<?xml version="1.0" encoding="UTF-8"?>
<!-- Generated by org.testng.reporters.JUnitXMLReporter -->
<testsuite hostname="Narasimharaos-MacBook-Pro.local" ignored="0" name="CreateNewMasterCategory" tests="33" failures="7" timestamp="05 Feb 2019 14:09:28 GMT" time="9.465" errors="0">
  <testcase name="newMasterCategoryPageHeadingTest" time="0.187" classname="com.ibm.commerce.cmc.catalogs.testcases.CreateNewMasterCategoryTest"/>
  <testcase name="validateSaveandPreviewButtonExistance" time="0.069" classname="com.ibm.commerce.cmc.catalogs.testcases.CreateNewMasterCategoryTest"/>
  <testcase name="validateSaveButtonExistance" time="0.041" classname="com.ibm.commerce.cmc.catalogs.testcases.CreateNewMasterCategoryTest"/>
  <testcase name="validateCloseButtonExistance" time="0.032" classname="com.ibm.commerce.cmc.catalogs.testcases.CreateNewMasterCategoryTest"/>
  <testcase name="validateManageCategoryTabExistance" time="0.035" classname="com.ibm.commerce.cmc.catalogs.testcases.CreateNewMasterCategoryTest"/>
  <testcase name="validateSearchEngineOptimizationTabExistance" time="0.035" classname="com.ibm.commerce.cmc.catalogs.testcases.CreateNewMasterCategoryTest"/>
  <testcase name="validateAssociatedAssetsTabExistance" time="0.033" classname="com.ibm.commerce.cmc.catalogs.testcases.CreateNewMasterCategoryTest"/>
  <testcase name="validateContentTabExistance" time="0.032" classname="com.ibm.commerce.cmc.catalogs.testcases.CreateNewMasterCategoryTest"/>
  <testcase name="validateReferencesTabExistance" time="0.046" classname="com.ibm.commerce.cmc.catalogs.testcases.CreateNewMasterCategoryTest"/>
  <testcase name="validateManageCategoryObjectPropertiesAssociatedStoreTest" time="0.193" classname="com.ibm.commerce.cmc.catalogs.testcases.CreateNewMasterCategoryTest"/>
  <testcase name="validateManageCategoryObjectPropertiesAssociatedStoreDisplayedTest" time="0.15" classname="com.ibm.commerce.cmc.catalogs.testcases.CreateNewMasterCategoryTest"/>
  <testcase name="validateManageCategoryGeneralCategoryInformationUniqueIdFieldNameTest" time="0.254" classname="com.ibm.commerce.cmc.catalogs.testcases.CreateNewMasterCategoryTest">
    <failure type="java.lang.AssertionError" message="expected [Unique ID Code] but found [Unique ID]">
      <![CDATA[java.lang.AssertionError: expected [Unique ID Code] but found [Unique ID]
at com.ibm.commerce.cmc.catalogs.testcases.CreateNewMasterCategoryTest.validateManageCategoryGeneralCategoryInformationUniqueIdFieldNameTest(CreateNewMasterCategoryTest.java:159)
... Removed 31 stack frames]]>
    </failure>
  </testcase> <!-- validateManageCategoryGeneralCategoryInformationUniqueIdFieldNameTest -->
  <testcase name="validateManageCategoryGeneralCategoryInformationNameFieldTest" time="0.123" classname="com.ibm.commerce.cmc.catalogs.testcases.CreateNewMasterCategoryTest"/>
  <testcase name="validateManageCategoryGeneralCategoryInformationShortDescriptionFieldTest" time="0.103" classname="com.ibm.commerce.cmc.catalogs.testcases.CreateNewMasterCategoryTest"/>
  <testcase name="validateManageCategoryInputGeneralCategoryInformationTest" time="1.01" classname="com.ibm.commerce.cmc.catalogs.testcases.CreateNewMasterCategoryTest"/>
  <testcase name="validateManageCategoryDisplayAccordionDisplayToCustomerFieldTest" time="0.307" classname="com.ibm.commerce.cmc.catalogs.testcases.CreateNewMasterCategoryTest"/>
  <testcase name="validateManageCategoryDisplayAccordionThumbnailFieldTest" time="0.132" classname="com.ibm.commerce.cmc.catalogs.testcases.CreateNewMasterCategoryTest"/>
  <testcase name="validateManageCategoryDisplayAccordionFullImageFieldTest" time="0.078" classname="com.ibm.commerce.cmc.catalogs.testcases.CreateNewMasterCategoryTest"/>
  <testcase name="validateManageCategoryInputDisplayAccordionInformationTest" time="0.624" classname="com.ibm.commerce.cmc.catalogs.testcases.CreateNewMasterCategoryTest"/>
  <testcase name="validateSearchEngineOptimizationURLKeywordFieldTest" time="0.13" classname="com.ibm.commerce.cmc.catalogs.testcases.CreateNewMasterCategoryTest"/>
  <testcase name="validateSearchEngineOptimizationPageTitleFieldTest" time="0.034" classname="com.ibm.commerce.cmc.catalogs.testcases.CreateNewMasterCategoryTest"/>
  <testcase name="validateSearchEngineOptimizationPageTitleUseDefaultRadioTest" time="0.03" classname="com.ibm.commerce.cmc.catalogs.testcases.CreateNewMasterCategoryTest">
    <failure type="java.lang.AssertionError" message="expected [true] but found [false]">
      <![CDATA[java.lang.AssertionError: expected [true] but found [false]
at com.ibm.commerce.cmc.catalogs.testcases.CreateNewMasterCategoryTest.validateSearchEngineOptimizationPageTitleUseDefaultRadioTest(CreateNewMasterCategoryTest.java:228)
... Removed 29 stack frames]]>
    </failure>
  </testcase> <!-- validateSearchEngineOptimizationPageTitleUseDefaultRadioTest -->
  <testcase name="validateSearchEngineOptimizationPageTitleOverrideDefaultRadioTest" time="0.034" classname="com.ibm.commerce.cmc.catalogs.testcases.CreateNewMasterCategoryTest"/>
  <testcase name="validateSearchEngineOptimizationPageTitleOverrideDefaultRadioAutoSelectTest" time="0.102" classname="com.ibm.commerce.cmc.catalogs.testcases.CreateNewMasterCategoryTest">
    <failure type="java.lang.AssertionError" message="expected [true] but found [false]">
      <![CDATA[java.lang.AssertionError: expected [true] but found [false]
at com.ibm.commerce.cmc.catalogs.testcases.CreateNewMasterCategoryTest.validateSearchEngineOptimizationPageTitleOverrideDefaultRadioAutoSelectTest(CreateNewMasterCategoryTest.java:238)
... Removed 29 stack frames]]>
    </failure>
  </testcase> <!-- validateSearchEngineOptimizationPageTitleOverrideDefaultRadioAutoSelectTest -->
  <testcase name="validateSearchEngineOptimizationMetaDescriptionFieldTest" time="0.035" classname="com.ibm.commerce.cmc.catalogs.testcases.CreateNewMasterCategoryTest"/>
  <testcase name="validateSearchEngineOptimizationMetaDescriptionUseDefaultRadioTest" time="0.028" classname="com.ibm.commerce.cmc.catalogs.testcases.CreateNewMasterCategoryTest">
    <failure type="java.lang.AssertionError" message="expected [true] but found [false]">
      <![CDATA[java.lang.AssertionError: expected [true] but found [false]
at com.ibm.commerce.cmc.catalogs.testcases.CreateNewMasterCategoryTest.validateSearchEngineOptimizationMetaDescriptionUseDefaultRadioTest(CreateNewMasterCategoryTest.java:249)
... Removed 29 stack frames]]>
    </failure>
  </testcase> <!-- validateSearchEngineOptimizationMetaDescriptionUseDefaultRadioTest -->
  <testcase name="validateSearchEngineOptimizationMetaDescriptionOverrideDefaultRadioTest" time="0.034" classname="com.ibm.commerce.cmc.catalogs.testcases.CreateNewMasterCategoryTest"/>
  <testcase name="validateSearchEngineOptimizationMetaDescriptionOverrideDefaultRadioAutoSelectTest" time="0.115" classname="com.ibm.commerce.cmc.catalogs.testcases.CreateNewMasterCategoryTest">
    <failure type="java.lang.AssertionError" message="expected [true] but found [false]">
      <![CDATA[java.lang.AssertionError: expected [true] but found [false]
at com.ibm.commerce.cmc.catalogs.testcases.CreateNewMasterCategoryTest.validateSearchEngineOptimizationMetaDescriptionOverrideDefaultRadioAutoSelectTest(CreateNewMasterCategoryTest.java:260)
... Removed 29 stack frames]]>
    </failure>
  </testcase> <!-- validateSearchEngineOptimizationMetaDescriptionOverrideDefaultRadioAutoSelectTest -->
  <testcase name="validateSearchEngineOptimizationImageAltFieldTest" time="0.106" classname="com.ibm.commerce.cmc.catalogs.testcases.CreateNewMasterCategoryTest"/>
  <testcase name="validateSearchEngineOptimizationImageAltTextUseDefaultRadioTest" time="0.044" classname="com.ibm.commerce.cmc.catalogs.testcases.CreateNewMasterCategoryTest">
    <failure type="java.lang.AssertionError" message="expected [true] but found [false]">
      <![CDATA[java.lang.AssertionError: expected [true] but found [false]
at com.ibm.commerce.cmc.catalogs.testcases.CreateNewMasterCategoryTest.validateSearchEngineOptimizationImageAltTextUseDefaultRadioTest(CreateNewMasterCategoryTest.java:271)
... Removed 29 stack frames]]>
    </failure>
  </testcase> <!-- validateSearchEngineOptimizationImageAltTextUseDefaultRadioTest -->
  <testcase name="validateSearchEngineOptimizationImageAltTextOverrideDefaultRadioTest" time="0.054" classname="com.ibm.commerce.cmc.catalogs.testcases.CreateNewMasterCategoryTest"/>
  <testcase name="validateSearchEngineOptimizationImageAltTextOverrideDefaultRadioAutoSelectTest" time="0.105" classname="com.ibm.commerce.cmc.catalogs.testcases.CreateNewMasterCategoryTest">
    <failure type="java.lang.AssertionError" message="expected [true] but found [false]">
      <![CDATA[java.lang.AssertionError: expected [true] but found [false]
at com.ibm.commerce.cmc.catalogs.testcases.CreateNewMasterCategoryTest.validateSearchEngineOptimizationImageAltTextOverrideDefaultRadioAutoSelectTest(CreateNewMasterCategoryTest.java:282)
... Removed 29 stack frames]]>
    </failure>
  </testcase> <!-- validateSearchEngineOptimizationImageAltTextOverrideDefaultRadioAutoSelectTest -->
  <testcase name="validateSearchEngineOptimizationInputDetailsTest" time="0.749" classname="com.ibm.commerce.cmc.catalogs.testcases.CreateNewMasterCategoryTest"/>
</testsuite> <!-- CreateNewMasterCategory -->
