<html>
<head>
<title>TestNG:  test2</title>
<link href="../testng.css" rel="stylesheet" type="text/css" />
<link href="../my-testng.css" rel="stylesheet" type="text/css" />

<style type="text/css">
.log { display: none;} 
.stack-trace { display: none;} 
</style>
<script type="text/javascript">
<!--
function flip(e) {
  current = e.style.display;
  if (current == 'block') {
    e.style.display = 'none';
    return 0;
  }
  else {
    e.style.display = 'block';
    return 1;
  }
}

function toggleBox(szDivId, elem, msg1, msg2)
{
  var res = -1;  if (document.getElementById) {
    res = flip(document.getElementById(szDivId));
  }
  else if (document.all) {
    // this is the way old msie versions work
    res = flip(document.all[szDivId]);
  }
  if(elem) {
    if(res == 0) elem.innerHTML = msg1; else elem.innerHTML = msg2;
  }

}

function toggleAllBoxes() {
  if (document.getElementsByTagName) {
    d = document.getElementsByTagName('div');
    for (i = 0; i < d.length; i++) {
      if (d[i].className == 'log') {
        flip(d[i]);
      }
    }
  }
}

// -->
</script>

</head>
<body>
<h2 align='center'>test2</h2><table border='1' align="center">
<tr>
<td>Tests passed/Failed/Skipped:</td><td>26/7/0</td>
</tr><tr>
<td>Started on:</td><td>Mon Feb 04 13:05:08 IST 2019</td>
</tr>
<tr><td>Total time:</td><td>9 seconds (9441 ms)</td>
</tr><tr>
<td>Included groups:</td><td></td>
</tr><tr>
<td>Excluded groups:</td><td></td>
</tr>
</table><p/>
<small><i>(Hover the method name to see the test class name)</i></small><p/>
<table width='100%' border='1' class='invocation-failed'>
<tr><td colspan='4' align='center'><b>FAILED TESTS</b></td></tr>
<tr><td><b>Test method</b></td>
<td width="30%"><b>Exception</b></td>
<td width="10%"><b>Time (seconds)</b></td>
<td><b>Instance</b></td>
</tr>
<tr>
<td title='com.ibm.commerce.cmc.catalogs.testcases.CreateNewMasterCategoryTest.validateManageCategoryGeneralCategoryInformationUniqueIdFieldNameTest()'><b>validateManageCategoryGeneralCategoryInformationUniqueIdFieldNameTest</b><br>Test class: com.ibm.commerce.cmc.catalogs.testcases.CreateNewMasterCategoryTest</td>
<td><div><pre>java.lang.AssertionError: expected [Unique ID Code] but found [Unique ID]
	at com.ibm.commerce.cmc.catalogs.testcases.CreateNewMasterCategoryTest.validateManageCategoryGeneralCategoryInformationUniqueIdFieldNameTest(CreateNewMasterCategoryTest.java:159)
... Removed 31 stack frames</pre></div><a href='#' onClick='toggleBox("stack-trace149225732", this, "Click to show all stack frames", "Click to hide stack frames")'>Click to show all stack frames</a>
<div class='stack-trace' id='stack-trace149225732'><pre>java.lang.AssertionError: expected [Unique ID Code] but found [Unique ID]
	at org.testng.Assert.fail(Assert.java:96)
	at org.testng.Assert.failNotEquals(Assert.java:776)
	at org.testng.Assert.assertEqualsImpl(Assert.java:137)
	at org.testng.Assert.assertEquals(Assert.java:118)
	at org.testng.Assert.assertEquals(Assert.java:453)
	at org.testng.Assert.assertEquals(Assert.java:463)
	at com.ibm.commerce.cmc.catalogs.testcases.CreateNewMasterCategoryTest.validateManageCategoryGeneralCategoryInformationUniqueIdFieldNameTest(CreateNewMasterCategoryTest.java:159)
	at sun.reflect.NativeMethodAccessorImpl.invoke0(Native Method)
	at sun.reflect.NativeMethodAccessorImpl.invoke(NativeMethodAccessorImpl.java:62)
	at sun.reflect.DelegatingMethodAccessorImpl.invoke(DelegatingMethodAccessorImpl.java:43)
	at java.lang.reflect.Method.invoke(Method.java:498)
	at org.testng.internal.MethodInvocationHelper.invokeMethod(MethodInvocationHelper.java:124)
	at org.testng.internal.Invoker.invokeMethod(Invoker.java:583)
	at org.testng.internal.Invoker.invokeTestMethod(Invoker.java:719)
	at org.testng.internal.Invoker.invokeTestMethods(Invoker.java:989)
	at org.testng.internal.TestMethodWorker.invokeTestMethods(TestMethodWorker.java:125)
	at org.testng.internal.TestMethodWorker.run(TestMethodWorker.java:109)
	at org.testng.TestRunner.privateRun(TestRunner.java:648)
	at org.testng.TestRunner.run(TestRunner.java:505)
	at org.testng.SuiteRunner.runTest(SuiteRunner.java:455)
	at org.testng.SuiteRunner.runSequentially(SuiteRunner.java:450)
	at org.testng.SuiteRunner.privateRun(SuiteRunner.java:415)
	at org.testng.SuiteRunner.run(SuiteRunner.java:364)
	at org.testng.SuiteRunnerWorker.runSuite(SuiteRunnerWorker.java:52)
	at org.testng.SuiteRunnerWorker.run(SuiteRunnerWorker.java:84)
	at org.testng.TestNG.runSuitesSequentially(TestNG.java:1208)
	at org.testng.TestNG.runSuitesLocally(TestNG.java:1137)
	at org.testng.TestNG.runSuites(TestNG.java:1049)
	at org.testng.TestNG.run(TestNG.java:1017)
	at org.testng.remote.AbstractRemoteTestNG.run(AbstractRemoteTestNG.java:114)
	at org.testng.remote.RemoteTestNG.initAndRun(RemoteTestNG.java:251)
	at org.testng.remote.RemoteTestNG.main(RemoteTestNG.java:77)
</pre></div></td>
<td>0</td>
<td>com.ibm.commerce.cmc.catalogs.testcases.CreateNewMasterCategoryTest@464bee09</td></tr>
<tr>
<td title='com.ibm.commerce.cmc.catalogs.testcases.CreateNewMasterCategoryTest.validateSearchEngineOptimizationImageAltTextOverrideDefaultRadioAutoSelectTest()'><b>validateSearchEngineOptimizationImageAltTextOverrideDefaultRadioAutoSelectTest</b><br>Test class: com.ibm.commerce.cmc.catalogs.testcases.CreateNewMasterCategoryTest</td>
<td><div><pre>java.lang.AssertionError: expected [true] but found [false]
	at com.ibm.commerce.cmc.catalogs.testcases.CreateNewMasterCategoryTest.validateSearchEngineOptimizationImageAltTextOverrideDefaultRadioAutoSelectTest(CreateNewMasterCategoryTest.java:282)
... Removed 29 stack frames</pre></div><a href='#' onClick='toggleBox("stack-trace58488213", this, "Click to show all stack frames", "Click to hide stack frames")'>Click to show all stack frames</a>
<div class='stack-trace' id='stack-trace58488213'><pre>java.lang.AssertionError: expected [true] but found [false]
	at org.testng.Assert.fail(Assert.java:96)
	at org.testng.Assert.failNotEquals(Assert.java:776)
	at org.testng.Assert.assertTrue(Assert.java:44)
	at org.testng.Assert.assertTrue(Assert.java:54)
	at com.ibm.commerce.cmc.catalogs.testcases.CreateNewMasterCategoryTest.validateSearchEngineOptimizationImageAltTextOverrideDefaultRadioAutoSelectTest(CreateNewMasterCategoryTest.java:282)
	at sun.reflect.NativeMethodAccessorImpl.invoke0(Native Method)
	at sun.reflect.NativeMethodAccessorImpl.invoke(NativeMethodAccessorImpl.java:62)
	at sun.reflect.DelegatingMethodAccessorImpl.invoke(DelegatingMethodAccessorImpl.java:43)
	at java.lang.reflect.Method.invoke(Method.java:498)
	at org.testng.internal.MethodInvocationHelper.invokeMethod(MethodInvocationHelper.java:124)
	at org.testng.internal.Invoker.invokeMethod(Invoker.java:583)
	at org.testng.internal.Invoker.invokeTestMethod(Invoker.java:719)
	at org.testng.internal.Invoker.invokeTestMethods(Invoker.java:989)
	at org.testng.internal.TestMethodWorker.invokeTestMethods(TestMethodWorker.java:125)
	at org.testng.internal.TestMethodWorker.run(TestMethodWorker.java:109)
	at org.testng.TestRunner.privateRun(TestRunner.java:648)
	at org.testng.TestRunner.run(TestRunner.java:505)
	at org.testng.SuiteRunner.runTest(SuiteRunner.java:455)
	at org.testng.SuiteRunner.runSequentially(SuiteRunner.java:450)
	at org.testng.SuiteRunner.privateRun(SuiteRunner.java:415)
	at org.testng.SuiteRunner.run(SuiteRunner.java:364)
	at org.testng.SuiteRunnerWorker.runSuite(SuiteRunnerWorker.java:52)
	at org.testng.SuiteRunnerWorker.run(SuiteRunnerWorker.java:84)
	at org.testng.TestNG.runSuitesSequentially(TestNG.java:1208)
	at org.testng.TestNG.runSuitesLocally(TestNG.java:1137)
	at org.testng.TestNG.runSuites(TestNG.java:1049)
	at org.testng.TestNG.run(TestNG.java:1017)
	at org.testng.remote.AbstractRemoteTestNG.run(AbstractRemoteTestNG.java:114)
	at org.testng.remote.RemoteTestNG.initAndRun(RemoteTestNG.java:251)
	at org.testng.remote.RemoteTestNG.main(RemoteTestNG.java:77)
</pre></div></td>
<td>0</td>
<td>com.ibm.commerce.cmc.catalogs.testcases.CreateNewMasterCategoryTest@464bee09</td></tr>
<tr>
<td title='com.ibm.commerce.cmc.catalogs.testcases.CreateNewMasterCategoryTest.validateSearchEngineOptimizationImageAltTextUseDefaultRadioTest()'><b>validateSearchEngineOptimizationImageAltTextUseDefaultRadioTest</b><br>Test class: com.ibm.commerce.cmc.catalogs.testcases.CreateNewMasterCategoryTest</td>
<td><div><pre>java.lang.AssertionError: expected [true] but found [false]
	at com.ibm.commerce.cmc.catalogs.testcases.CreateNewMasterCategoryTest.validateSearchEngineOptimizationImageAltTextUseDefaultRadioTest(CreateNewMasterCategoryTest.java:271)
... Removed 29 stack frames</pre></div><a href='#' onClick='toggleBox("stack-trace319670866", this, "Click to show all stack frames", "Click to hide stack frames")'>Click to show all stack frames</a>
<div class='stack-trace' id='stack-trace319670866'><pre>java.lang.AssertionError: expected [true] but found [false]
	at org.testng.Assert.fail(Assert.java:96)
	at org.testng.Assert.failNotEquals(Assert.java:776)
	at org.testng.Assert.assertTrue(Assert.java:44)
	at org.testng.Assert.assertTrue(Assert.java:54)
	at com.ibm.commerce.cmc.catalogs.testcases.CreateNewMasterCategoryTest.validateSearchEngineOptimizationImageAltTextUseDefaultRadioTest(CreateNewMasterCategoryTest.java:271)
	at sun.reflect.NativeMethodAccessorImpl.invoke0(Native Method)
	at sun.reflect.NativeMethodAccessorImpl.invoke(NativeMethodAccessorImpl.java:62)
	at sun.reflect.DelegatingMethodAccessorImpl.invoke(DelegatingMethodAccessorImpl.java:43)
	at java.lang.reflect.Method.invoke(Method.java:498)
	at org.testng.internal.MethodInvocationHelper.invokeMethod(MethodInvocationHelper.java:124)
	at org.testng.internal.Invoker.invokeMethod(Invoker.java:583)
	at org.testng.internal.Invoker.invokeTestMethod(Invoker.java:719)
	at org.testng.internal.Invoker.invokeTestMethods(Invoker.java:989)
	at org.testng.internal.TestMethodWorker.invokeTestMethods(TestMethodWorker.java:125)
	at org.testng.internal.TestMethodWorker.run(TestMethodWorker.java:109)
	at org.testng.TestRunner.privateRun(TestRunner.java:648)
	at org.testng.TestRunner.run(TestRunner.java:505)
	at org.testng.SuiteRunner.runTest(SuiteRunner.java:455)
	at org.testng.SuiteRunner.runSequentially(SuiteRunner.java:450)
	at org.testng.SuiteRunner.privateRun(SuiteRunner.java:415)
	at org.testng.SuiteRunner.run(SuiteRunner.java:364)
	at org.testng.SuiteRunnerWorker.runSuite(SuiteRunnerWorker.java:52)
	at org.testng.SuiteRunnerWorker.run(SuiteRunnerWorker.java:84)
	at org.testng.TestNG.runSuitesSequentially(TestNG.java:1208)
	at org.testng.TestNG.runSuitesLocally(TestNG.java:1137)
	at org.testng.TestNG.runSuites(TestNG.java:1049)
	at org.testng.TestNG.run(TestNG.java:1017)
	at org.testng.remote.AbstractRemoteTestNG.run(AbstractRemoteTestNG.java:114)
	at org.testng.remote.RemoteTestNG.initAndRun(RemoteTestNG.java:251)
	at org.testng.remote.RemoteTestNG.main(RemoteTestNG.java:77)
</pre></div></td>
<td>0</td>
<td>com.ibm.commerce.cmc.catalogs.testcases.CreateNewMasterCategoryTest@464bee09</td></tr>
<tr>
<td title='com.ibm.commerce.cmc.catalogs.testcases.CreateNewMasterCategoryTest.validateSearchEngineOptimizationMetaDescriptionOverrideDefaultRadioAutoSelectTest()'><b>validateSearchEngineOptimizationMetaDescriptionOverrideDefaultRadioAutoSelectTest</b><br>Test class: com.ibm.commerce.cmc.catalogs.testcases.CreateNewMasterCategoryTest</td>
<td><div><pre>java.lang.AssertionError: expected [true] but found [false]
	at com.ibm.commerce.cmc.catalogs.testcases.CreateNewMasterCategoryTest.validateSearchEngineOptimizationMetaDescriptionOverrideDefaultRadioAutoSelectTest(CreateNewMasterCategoryTest.java:260)
... Removed 29 stack frames</pre></div><a href='#' onClick='toggleBox("stack-trace771105389", this, "Click to show all stack frames", "Click to hide stack frames")'>Click to show all stack frames</a>
<div class='stack-trace' id='stack-trace771105389'><pre>java.lang.AssertionError: expected [true] but found [false]
	at org.testng.Assert.fail(Assert.java:96)
	at org.testng.Assert.failNotEquals(Assert.java:776)
	at org.testng.Assert.assertTrue(Assert.java:44)
	at org.testng.Assert.assertTrue(Assert.java:54)
	at com.ibm.commerce.cmc.catalogs.testcases.CreateNewMasterCategoryTest.validateSearchEngineOptimizationMetaDescriptionOverrideDefaultRadioAutoSelectTest(CreateNewMasterCategoryTest.java:260)
	at sun.reflect.NativeMethodAccessorImpl.invoke0(Native Method)
	at sun.reflect.NativeMethodAccessorImpl.invoke(NativeMethodAccessorImpl.java:62)
	at sun.reflect.DelegatingMethodAccessorImpl.invoke(DelegatingMethodAccessorImpl.java:43)
	at java.lang.reflect.Method.invoke(Method.java:498)
	at org.testng.internal.MethodInvocationHelper.invokeMethod(MethodInvocationHelper.java:124)
	at org.testng.internal.Invoker.invokeMethod(Invoker.java:583)
	at org.testng.internal.Invoker.invokeTestMethod(Invoker.java:719)
	at org.testng.internal.Invoker.invokeTestMethods(Invoker.java:989)
	at org.testng.internal.TestMethodWorker.invokeTestMethods(TestMethodWorker.java:125)
	at org.testng.internal.TestMethodWorker.run(TestMethodWorker.java:109)
	at org.testng.TestRunner.privateRun(TestRunner.java:648)
	at org.testng.TestRunner.run(TestRunner.java:505)
	at org.testng.SuiteRunner.runTest(SuiteRunner.java:455)
	at org.testng.SuiteRunner.runSequentially(SuiteRunner.java:450)
	at org.testng.SuiteRunner.privateRun(SuiteRunner.java:415)
	at org.testng.SuiteRunner.run(SuiteRunner.java:364)
	at org.testng.SuiteRunnerWorker.runSuite(SuiteRunnerWorker.java:52)
	at org.testng.SuiteRunnerWorker.run(SuiteRunnerWorker.java:84)
	at org.testng.TestNG.runSuitesSequentially(TestNG.java:1208)
	at org.testng.TestNG.runSuitesLocally(TestNG.java:1137)
	at org.testng.TestNG.runSuites(TestNG.java:1049)
	at org.testng.TestNG.run(TestNG.java:1017)
	at org.testng.remote.AbstractRemoteTestNG.run(AbstractRemoteTestNG.java:114)
	at org.testng.remote.RemoteTestNG.initAndRun(RemoteTestNG.java:251)
	at org.testng.remote.RemoteTestNG.main(RemoteTestNG.java:77)
</pre></div></td>
<td>0</td>
<td>com.ibm.commerce.cmc.catalogs.testcases.CreateNewMasterCategoryTest@464bee09</td></tr>
<tr>
<td title='com.ibm.commerce.cmc.catalogs.testcases.CreateNewMasterCategoryTest.validateSearchEngineOptimizationMetaDescriptionUseDefaultRadioTest()'><b>validateSearchEngineOptimizationMetaDescriptionUseDefaultRadioTest</b><br>Test class: com.ibm.commerce.cmc.catalogs.testcases.CreateNewMasterCategoryTest</td>
<td><div><pre>java.lang.AssertionError: expected [true] but found [false]
	at com.ibm.commerce.cmc.catalogs.testcases.CreateNewMasterCategoryTest.validateSearchEngineOptimizationMetaDescriptionUseDefaultRadioTest(CreateNewMasterCategoryTest.java:249)
... Removed 29 stack frames</pre></div><a href='#' onClick='toggleBox("stack-trace1367165453", this, "Click to show all stack frames", "Click to hide stack frames")'>Click to show all stack frames</a>
<div class='stack-trace' id='stack-trace1367165453'><pre>java.lang.AssertionError: expected [true] but found [false]
	at org.testng.Assert.fail(Assert.java:96)
	at org.testng.Assert.failNotEquals(Assert.java:776)
	at org.testng.Assert.assertTrue(Assert.java:44)
	at org.testng.Assert.assertTrue(Assert.java:54)
	at com.ibm.commerce.cmc.catalogs.testcases.CreateNewMasterCategoryTest.validateSearchEngineOptimizationMetaDescriptionUseDefaultRadioTest(CreateNewMasterCategoryTest.java:249)
	at sun.reflect.NativeMethodAccessorImpl.invoke0(Native Method)
	at sun.reflect.NativeMethodAccessorImpl.invoke(NativeMethodAccessorImpl.java:62)
	at sun.reflect.DelegatingMethodAccessorImpl.invoke(DelegatingMethodAccessorImpl.java:43)
	at java.lang.reflect.Method.invoke(Method.java:498)
	at org.testng.internal.MethodInvocationHelper.invokeMethod(MethodInvocationHelper.java:124)
	at org.testng.internal.Invoker.invokeMethod(Invoker.java:583)
	at org.testng.internal.Invoker.invokeTestMethod(Invoker.java:719)
	at org.testng.internal.Invoker.invokeTestMethods(Invoker.java:989)
	at org.testng.internal.TestMethodWorker.invokeTestMethods(TestMethodWorker.java:125)
	at org.testng.internal.TestMethodWorker.run(TestMethodWorker.java:109)
	at org.testng.TestRunner.privateRun(TestRunner.java:648)
	at org.testng.TestRunner.run(TestRunner.java:505)
	at org.testng.SuiteRunner.runTest(SuiteRunner.java:455)
	at org.testng.SuiteRunner.runSequentially(SuiteRunner.java:450)
	at org.testng.SuiteRunner.privateRun(SuiteRunner.java:415)
	at org.testng.SuiteRunner.run(SuiteRunner.java:364)
	at org.testng.SuiteRunnerWorker.runSuite(SuiteRunnerWorker.java:52)
	at org.testng.SuiteRunnerWorker.run(SuiteRunnerWorker.java:84)
	at org.testng.TestNG.runSuitesSequentially(TestNG.java:1208)
	at org.testng.TestNG.runSuitesLocally(TestNG.java:1137)
	at org.testng.TestNG.runSuites(TestNG.java:1049)
	at org.testng.TestNG.run(TestNG.java:1017)
	at org.testng.remote.AbstractRemoteTestNG.run(AbstractRemoteTestNG.java:114)
	at org.testng.remote.RemoteTestNG.initAndRun(RemoteTestNG.java:251)
	at org.testng.remote.RemoteTestNG.main(RemoteTestNG.java:77)
</pre></div></td>
<td>0</td>
<td>com.ibm.commerce.cmc.catalogs.testcases.CreateNewMasterCategoryTest@464bee09</td></tr>
<tr>
<td title='com.ibm.commerce.cmc.catalogs.testcases.CreateNewMasterCategoryTest.validateSearchEngineOptimizationPageTitleOverrideDefaultRadioAutoSelectTest()'><b>validateSearchEngineOptimizationPageTitleOverrideDefaultRadioAutoSelectTest</b><br>Test class: com.ibm.commerce.cmc.catalogs.testcases.CreateNewMasterCategoryTest</td>
<td><div><pre>java.lang.AssertionError: expected [true] but found [false]
	at com.ibm.commerce.cmc.catalogs.testcases.CreateNewMasterCategoryTest.validateSearchEngineOptimizationPageTitleOverrideDefaultRadioAutoSelectTest(CreateNewMasterCategoryTest.java:238)
... Removed 29 stack frames</pre></div><a href='#' onClick='toggleBox("stack-trace894024873", this, "Click to show all stack frames", "Click to hide stack frames")'>Click to show all stack frames</a>
<div class='stack-trace' id='stack-trace894024873'><pre>java.lang.AssertionError: expected [true] but found [false]
	at org.testng.Assert.fail(Assert.java:96)
	at org.testng.Assert.failNotEquals(Assert.java:776)
	at org.testng.Assert.assertTrue(Assert.java:44)
	at org.testng.Assert.assertTrue(Assert.java:54)
	at com.ibm.commerce.cmc.catalogs.testcases.CreateNewMasterCategoryTest.validateSearchEngineOptimizationPageTitleOverrideDefaultRadioAutoSelectTest(CreateNewMasterCategoryTest.java:238)
	at sun.reflect.NativeMethodAccessorImpl.invoke0(Native Method)
	at sun.reflect.NativeMethodAccessorImpl.invoke(NativeMethodAccessorImpl.java:62)
	at sun.reflect.DelegatingMethodAccessorImpl.invoke(DelegatingMethodAccessorImpl.java:43)
	at java.lang.reflect.Method.invoke(Method.java:498)
	at org.testng.internal.MethodInvocationHelper.invokeMethod(MethodInvocationHelper.java:124)
	at org.testng.internal.Invoker.invokeMethod(Invoker.java:583)
	at org.testng.internal.Invoker.invokeTestMethod(Invoker.java:719)
	at org.testng.internal.Invoker.invokeTestMethods(Invoker.java:989)
	at org.testng.internal.TestMethodWorker.invokeTestMethods(TestMethodWorker.java:125)
	at org.testng.internal.TestMethodWorker.run(TestMethodWorker.java:109)
	at org.testng.TestRunner.privateRun(TestRunner.java:648)
	at org.testng.TestRunner.run(TestRunner.java:505)
	at org.testng.SuiteRunner.runTest(SuiteRunner.java:455)
	at org.testng.SuiteRunner.runSequentially(SuiteRunner.java:450)
	at org.testng.SuiteRunner.privateRun(SuiteRunner.java:415)
	at org.testng.SuiteRunner.run(SuiteRunner.java:364)
	at org.testng.SuiteRunnerWorker.runSuite(SuiteRunnerWorker.java:52)
	at org.testng.SuiteRunnerWorker.run(SuiteRunnerWorker.java:84)
	at org.testng.TestNG.runSuitesSequentially(TestNG.java:1208)
	at org.testng.TestNG.runSuitesLocally(TestNG.java:1137)
	at org.testng.TestNG.runSuites(TestNG.java:1049)
	at org.testng.TestNG.run(TestNG.java:1017)
	at org.testng.remote.AbstractRemoteTestNG.run(AbstractRemoteTestNG.java:114)
	at org.testng.remote.RemoteTestNG.initAndRun(RemoteTestNG.java:251)
	at org.testng.remote.RemoteTestNG.main(RemoteTestNG.java:77)
</pre></div></td>
<td>0</td>
<td>com.ibm.commerce.cmc.catalogs.testcases.CreateNewMasterCategoryTest@464bee09</td></tr>
<tr>
<td title='com.ibm.commerce.cmc.catalogs.testcases.CreateNewMasterCategoryTest.validateSearchEngineOptimizationPageTitleUseDefaultRadioTest()'><b>validateSearchEngineOptimizationPageTitleUseDefaultRadioTest</b><br>Test class: com.ibm.commerce.cmc.catalogs.testcases.CreateNewMasterCategoryTest</td>
<td><div><pre>java.lang.AssertionError: expected [true] but found [false]
	at com.ibm.commerce.cmc.catalogs.testcases.CreateNewMasterCategoryTest.validateSearchEngineOptimizationPageTitleUseDefaultRadioTest(CreateNewMasterCategoryTest.java:228)
... Removed 29 stack frames</pre></div><a href='#' onClick='toggleBox("stack-trace1398241764", this, "Click to show all stack frames", "Click to hide stack frames")'>Click to show all stack frames</a>
<div class='stack-trace' id='stack-trace1398241764'><pre>java.lang.AssertionError: expected [true] but found [false]
	at org.testng.Assert.fail(Assert.java:96)
	at org.testng.Assert.failNotEquals(Assert.java:776)
	at org.testng.Assert.assertTrue(Assert.java:44)
	at org.testng.Assert.assertTrue(Assert.java:54)
	at com.ibm.commerce.cmc.catalogs.testcases.CreateNewMasterCategoryTest.validateSearchEngineOptimizationPageTitleUseDefaultRadioTest(CreateNewMasterCategoryTest.java:228)
	at sun.reflect.NativeMethodAccessorImpl.invoke0(Native Method)
	at sun.reflect.NativeMethodAccessorImpl.invoke(NativeMethodAccessorImpl.java:62)
	at sun.reflect.DelegatingMethodAccessorImpl.invoke(DelegatingMethodAccessorImpl.java:43)
	at java.lang.reflect.Method.invoke(Method.java:498)
	at org.testng.internal.MethodInvocationHelper.invokeMethod(MethodInvocationHelper.java:124)
	at org.testng.internal.Invoker.invokeMethod(Invoker.java:583)
	at org.testng.internal.Invoker.invokeTestMethod(Invoker.java:719)
	at org.testng.internal.Invoker.invokeTestMethods(Invoker.java:989)
	at org.testng.internal.TestMethodWorker.invokeTestMethods(TestMethodWorker.java:125)
	at org.testng.internal.TestMethodWorker.run(TestMethodWorker.java:109)
	at org.testng.TestRunner.privateRun(TestRunner.java:648)
	at org.testng.TestRunner.run(TestRunner.java:505)
	at org.testng.SuiteRunner.runTest(SuiteRunner.java:455)
	at org.testng.SuiteRunner.runSequentially(SuiteRunner.java:450)
	at org.testng.SuiteRunner.privateRun(SuiteRunner.java:415)
	at org.testng.SuiteRunner.run(SuiteRunner.java:364)
	at org.testng.SuiteRunnerWorker.runSuite(SuiteRunnerWorker.java:52)
	at org.testng.SuiteRunnerWorker.run(SuiteRunnerWorker.java:84)
	at org.testng.TestNG.runSuitesSequentially(TestNG.java:1208)
	at org.testng.TestNG.runSuitesLocally(TestNG.java:1137)
	at org.testng.TestNG.runSuites(TestNG.java:1049)
	at org.testng.TestNG.run(TestNG.java:1017)
	at org.testng.remote.AbstractRemoteTestNG.run(AbstractRemoteTestNG.java:114)
	at org.testng.remote.RemoteTestNG.initAndRun(RemoteTestNG.java:251)
	at org.testng.remote.RemoteTestNG.main(RemoteTestNG.java:77)
</pre></div></td>
<td>0</td>
<td>com.ibm.commerce.cmc.catalogs.testcases.CreateNewMasterCategoryTest@464bee09</td></tr>
</table><p>
<table width='100%' border='1' class='invocation-passed'>
<tr><td colspan='4' align='center'><b>PASSED TESTS</b></td></tr>
<tr><td><b>Test method</b></td>
<td width="30%"><b>Exception</b></td>
<td width="10%"><b>Time (seconds)</b></td>
<td><b>Instance</b></td>
</tr>
<tr>
<td title='com.ibm.commerce.cmc.catalogs.testcases.CreateNewMasterCategoryTest.newMasterCategoryPageHeadingTest()'><b>newMasterCategoryPageHeadingTest</b><br>Test class: com.ibm.commerce.cmc.catalogs.testcases.CreateNewMasterCategoryTest</td>
<td></td>
<td>0</td>
<td>com.ibm.commerce.cmc.catalogs.testcases.CreateNewMasterCategoryTest@464bee09</td></tr>
<tr>
<td title='com.ibm.commerce.cmc.catalogs.testcases.CreateNewMasterCategoryTest.validateAssociatedAssetsTabExistance()'><b>validateAssociatedAssetsTabExistance</b><br>Test class: com.ibm.commerce.cmc.catalogs.testcases.CreateNewMasterCategoryTest</td>
<td></td>
<td>0</td>
<td>com.ibm.commerce.cmc.catalogs.testcases.CreateNewMasterCategoryTest@464bee09</td></tr>
<tr>
<td title='com.ibm.commerce.cmc.catalogs.testcases.CreateNewMasterCategoryTest.validateCloseButtonExistance()'><b>validateCloseButtonExistance</b><br>Test class: com.ibm.commerce.cmc.catalogs.testcases.CreateNewMasterCategoryTest</td>
<td></td>
<td>0</td>
<td>com.ibm.commerce.cmc.catalogs.testcases.CreateNewMasterCategoryTest@464bee09</td></tr>
<tr>
<td title='com.ibm.commerce.cmc.catalogs.testcases.CreateNewMasterCategoryTest.validateContentTabExistance()'><b>validateContentTabExistance</b><br>Test class: com.ibm.commerce.cmc.catalogs.testcases.CreateNewMasterCategoryTest</td>
<td></td>
<td>0</td>
<td>com.ibm.commerce.cmc.catalogs.testcases.CreateNewMasterCategoryTest@464bee09</td></tr>
<tr>
<td title='com.ibm.commerce.cmc.catalogs.testcases.CreateNewMasterCategoryTest.validateManageCategoryDisplayAccordionDisplayToCustomerFieldTest()'><b>validateManageCategoryDisplayAccordionDisplayToCustomerFieldTest</b><br>Test class: com.ibm.commerce.cmc.catalogs.testcases.CreateNewMasterCategoryTest</td>
<td></td>
<td>0</td>
<td>com.ibm.commerce.cmc.catalogs.testcases.CreateNewMasterCategoryTest@464bee09</td></tr>
<tr>
<td title='com.ibm.commerce.cmc.catalogs.testcases.CreateNewMasterCategoryTest.validateManageCategoryDisplayAccordionFullImageFieldTest()'><b>validateManageCategoryDisplayAccordionFullImageFieldTest</b><br>Test class: com.ibm.commerce.cmc.catalogs.testcases.CreateNewMasterCategoryTest</td>
<td></td>
<td>0</td>
<td>com.ibm.commerce.cmc.catalogs.testcases.CreateNewMasterCategoryTest@464bee09</td></tr>
<tr>
<td title='com.ibm.commerce.cmc.catalogs.testcases.CreateNewMasterCategoryTest.validateManageCategoryDisplayAccordionThumbnailFieldTest()'><b>validateManageCategoryDisplayAccordionThumbnailFieldTest</b><br>Test class: com.ibm.commerce.cmc.catalogs.testcases.CreateNewMasterCategoryTest</td>
<td></td>
<td>0</td>
<td>com.ibm.commerce.cmc.catalogs.testcases.CreateNewMasterCategoryTest@464bee09</td></tr>
<tr>
<td title='com.ibm.commerce.cmc.catalogs.testcases.CreateNewMasterCategoryTest.validateManageCategoryGeneralCategoryInformationNameFieldTest()'><b>validateManageCategoryGeneralCategoryInformationNameFieldTest</b><br>Test class: com.ibm.commerce.cmc.catalogs.testcases.CreateNewMasterCategoryTest</td>
<td></td>
<td>0</td>
<td>com.ibm.commerce.cmc.catalogs.testcases.CreateNewMasterCategoryTest@464bee09</td></tr>
<tr>
<td title='com.ibm.commerce.cmc.catalogs.testcases.CreateNewMasterCategoryTest.validateManageCategoryGeneralCategoryInformationShortDescriptionFieldTest()'><b>validateManageCategoryGeneralCategoryInformationShortDescriptionFieldTest</b><br>Test class: com.ibm.commerce.cmc.catalogs.testcases.CreateNewMasterCategoryTest</td>
<td></td>
<td>0</td>
<td>com.ibm.commerce.cmc.catalogs.testcases.CreateNewMasterCategoryTest@464bee09</td></tr>
<tr>
<td title='com.ibm.commerce.cmc.catalogs.testcases.CreateNewMasterCategoryTest.validateManageCategoryInputDisplayAccordionInformationTest()'><b>validateManageCategoryInputDisplayAccordionInformationTest</b><br>Test class: com.ibm.commerce.cmc.catalogs.testcases.CreateNewMasterCategoryTest</td>
<td></td>
<td>0</td>
<td>com.ibm.commerce.cmc.catalogs.testcases.CreateNewMasterCategoryTest@464bee09</td></tr>
<tr>
<td title='com.ibm.commerce.cmc.catalogs.testcases.CreateNewMasterCategoryTest.validateManageCategoryInputGeneralCategoryInformationTest()'><b>validateManageCategoryInputGeneralCategoryInformationTest</b><br>Test class: com.ibm.commerce.cmc.catalogs.testcases.CreateNewMasterCategoryTest</td>
<td></td>
<td>0</td>
<td>com.ibm.commerce.cmc.catalogs.testcases.CreateNewMasterCategoryTest@464bee09</td></tr>
<tr>
<td title='com.ibm.commerce.cmc.catalogs.testcases.CreateNewMasterCategoryTest.validateManageCategoryObjectPropertiesAssociatedStoreDisplayedTest()'><b>validateManageCategoryObjectPropertiesAssociatedStoreDisplayedTest</b><br>Test class: com.ibm.commerce.cmc.catalogs.testcases.CreateNewMasterCategoryTest</td>
<td></td>
<td>0</td>
<td>com.ibm.commerce.cmc.catalogs.testcases.CreateNewMasterCategoryTest@464bee09</td></tr>
<tr>
<td title='com.ibm.commerce.cmc.catalogs.testcases.CreateNewMasterCategoryTest.validateManageCategoryObjectPropertiesAssociatedStoreTest()'><b>validateManageCategoryObjectPropertiesAssociatedStoreTest</b><br>Test class: com.ibm.commerce.cmc.catalogs.testcases.CreateNewMasterCategoryTest</td>
<td></td>
<td>0</td>
<td>com.ibm.commerce.cmc.catalogs.testcases.CreateNewMasterCategoryTest@464bee09</td></tr>
<tr>
<td title='com.ibm.commerce.cmc.catalogs.testcases.CreateNewMasterCategoryTest.validateManageCategoryTabExistance()'><b>validateManageCategoryTabExistance</b><br>Test class: com.ibm.commerce.cmc.catalogs.testcases.CreateNewMasterCategoryTest</td>
<td></td>
<td>0</td>
<td>com.ibm.commerce.cmc.catalogs.testcases.CreateNewMasterCategoryTest@464bee09</td></tr>
<tr>
<td title='com.ibm.commerce.cmc.catalogs.testcases.CreateNewMasterCategoryTest.validateReferencesTabExistance()'><b>validateReferencesTabExistance</b><br>Test class: com.ibm.commerce.cmc.catalogs.testcases.CreateNewMasterCategoryTest</td>
<td></td>
<td>0</td>
<td>com.ibm.commerce.cmc.catalogs.testcases.CreateNewMasterCategoryTest@464bee09</td></tr>
<tr>
<td title='com.ibm.commerce.cmc.catalogs.testcases.CreateNewMasterCategoryTest.validateSaveButtonExistance()'><b>validateSaveButtonExistance</b><br>Test class: com.ibm.commerce.cmc.catalogs.testcases.CreateNewMasterCategoryTest</td>
<td></td>
<td>0</td>
<td>com.ibm.commerce.cmc.catalogs.testcases.CreateNewMasterCategoryTest@464bee09</td></tr>
<tr>
<td title='com.ibm.commerce.cmc.catalogs.testcases.CreateNewMasterCategoryTest.validateSaveandPreviewButtonExistance()'><b>validateSaveandPreviewButtonExistance</b><br>Test class: com.ibm.commerce.cmc.catalogs.testcases.CreateNewMasterCategoryTest</td>
<td></td>
<td>0</td>
<td>com.ibm.commerce.cmc.catalogs.testcases.CreateNewMasterCategoryTest@464bee09</td></tr>
<tr>
<td title='com.ibm.commerce.cmc.catalogs.testcases.CreateNewMasterCategoryTest.validateSearchEngineOptimizationImageAltFieldTest()'><b>validateSearchEngineOptimizationImageAltFieldTest</b><br>Test class: com.ibm.commerce.cmc.catalogs.testcases.CreateNewMasterCategoryTest</td>
<td></td>
<td>0</td>
<td>com.ibm.commerce.cmc.catalogs.testcases.CreateNewMasterCategoryTest@464bee09</td></tr>
<tr>
<td title='com.ibm.commerce.cmc.catalogs.testcases.CreateNewMasterCategoryTest.validateSearchEngineOptimizationImageAltTextOverrideDefaultRadioTest()'><b>validateSearchEngineOptimizationImageAltTextOverrideDefaultRadioTest</b><br>Test class: com.ibm.commerce.cmc.catalogs.testcases.CreateNewMasterCategoryTest</td>
<td></td>
<td>0</td>
<td>com.ibm.commerce.cmc.catalogs.testcases.CreateNewMasterCategoryTest@464bee09</td></tr>
<tr>
<td title='com.ibm.commerce.cmc.catalogs.testcases.CreateNewMasterCategoryTest.validateSearchEngineOptimizationInputDetailsTest()'><b>validateSearchEngineOptimizationInputDetailsTest</b><br>Test class: com.ibm.commerce.cmc.catalogs.testcases.CreateNewMasterCategoryTest</td>
<td></td>
<td>1</td>
<td>com.ibm.commerce.cmc.catalogs.testcases.CreateNewMasterCategoryTest@464bee09</td></tr>
<tr>
<td title='com.ibm.commerce.cmc.catalogs.testcases.CreateNewMasterCategoryTest.validateSearchEngineOptimizationMetaDescriptionFieldTest()'><b>validateSearchEngineOptimizationMetaDescriptionFieldTest</b><br>Test class: com.ibm.commerce.cmc.catalogs.testcases.CreateNewMasterCategoryTest</td>
<td></td>
<td>0</td>
<td>com.ibm.commerce.cmc.catalogs.testcases.CreateNewMasterCategoryTest@464bee09</td></tr>
<tr>
<td title='com.ibm.commerce.cmc.catalogs.testcases.CreateNewMasterCategoryTest.validateSearchEngineOptimizationMetaDescriptionOverrideDefaultRadioTest()'><b>validateSearchEngineOptimizationMetaDescriptionOverrideDefaultRadioTest</b><br>Test class: com.ibm.commerce.cmc.catalogs.testcases.CreateNewMasterCategoryTest</td>
<td></td>
<td>0</td>
<td>com.ibm.commerce.cmc.catalogs.testcases.CreateNewMasterCategoryTest@464bee09</td></tr>
<tr>
<td title='com.ibm.commerce.cmc.catalogs.testcases.CreateNewMasterCategoryTest.validateSearchEngineOptimizationPageTitleFieldTest()'><b>validateSearchEngineOptimizationPageTitleFieldTest</b><br>Test class: com.ibm.commerce.cmc.catalogs.testcases.CreateNewMasterCategoryTest</td>
<td></td>
<td>0</td>
<td>com.ibm.commerce.cmc.catalogs.testcases.CreateNewMasterCategoryTest@464bee09</td></tr>
<tr>
<td title='com.ibm.commerce.cmc.catalogs.testcases.CreateNewMasterCategoryTest.validateSearchEngineOptimizationPageTitleOverrideDefaultRadioTest()'><b>validateSearchEngineOptimizationPageTitleOverrideDefaultRadioTest</b><br>Test class: com.ibm.commerce.cmc.catalogs.testcases.CreateNewMasterCategoryTest</td>
<td></td>
<td>0</td>
<td>com.ibm.commerce.cmc.catalogs.testcases.CreateNewMasterCategoryTest@464bee09</td></tr>
<tr>
<td title='com.ibm.commerce.cmc.catalogs.testcases.CreateNewMasterCategoryTest.validateSearchEngineOptimizationTabExistance()'><b>validateSearchEngineOptimizationTabExistance</b><br>Test class: com.ibm.commerce.cmc.catalogs.testcases.CreateNewMasterCategoryTest</td>
<td></td>
<td>0</td>
<td>com.ibm.commerce.cmc.catalogs.testcases.CreateNewMasterCategoryTest@464bee09</td></tr>
<tr>
<td title='com.ibm.commerce.cmc.catalogs.testcases.CreateNewMasterCategoryTest.validateSearchEngineOptimizationURLKeywordFieldTest()'><b>validateSearchEngineOptimizationURLKeywordFieldTest</b><br>Test class: com.ibm.commerce.cmc.catalogs.testcases.CreateNewMasterCategoryTest</td>
<td></td>
<td>0</td>
<td>com.ibm.commerce.cmc.catalogs.testcases.CreateNewMasterCategoryTest@464bee09</td></tr>
</table><p>
</body>
</html>