<?xml version="1.0" encoding="UTF-8"?>
<!-- Generated by org.testng.reporters.JUnitXMLReporter -->
<testsuite hostname="Narasimharaos-MacBook-Pro.local" ignored="0" name="Test" tests="3" failures="1" timestamp="04 Feb 2019 07:35:08 GMT" time="8.24" errors="0">
  <testcase name="catalogHomePageTitleTest" time="0.034" classname="com.ibm.commerce.cmc.catalogs.testcases.CatalogsHomePageTest">
    <failure type="java.lang.AssertionError" message="expected [Catalogs] but found []">
      <![CDATA[java.lang.AssertionError: expected [Catalogs] but found []
at com.ibm.commerce.cmc.catalogs.testcases.CatalogsHomePageTest.catalogHomePageTitleTest(CatalogsHomePageTest.java:37)
... Removed 31 stack frames]]>
    </failure>
  </testcase> <!-- catalogHomePageTitleTest -->
  <testcase name="catalogHomePageHeadingTest" time="0.051" classname="com.ibm.commerce.cmc.catalogs.testcases.CatalogsHomePageTest"/>
  <testcase name="navigatetoNewMasterCategoryPageTest" time="0.491" classname="com.ibm.commerce.cmc.catalogs.testcases.CatalogsHomePageTest"/>
</testsuite> <!-- Test -->
