<!DOCTYPE html PUBLIC "-//W3C//DTD XHTML 1.1//EN" "http://www.w3.org/TR/xhtml11/DTD/xhtml11.dtd">
<html xmlns="http://www.w3.org/1999/xhtml">
<head>
<meta http-equiv="content-type" content="text/html; charset=UTF-8"/>
<title>TestNG Report</title>
<style type="text/css">table {margin-bottom:10px;border-collapse:collapse;empty-cells:show}th,td {border:1px solid #009;padding:.25em .5em}th {vertical-align:bottom}td {vertical-align:top}table a {font-weight:bold}.stripe td {background-color: #E6EBF9}.num {text-align:right}.passedodd td {background-color: #3F3}.passedeven td {background-color: #0A0}.skippedodd td {background-color: #DDD}.skippedeven td {background-color: #CCC}.failedodd td,.attn {background-color: #F33}.failedeven td,.stripe .attn {background-color: #D00}.stacktrace {white-space:pre;font-family:monospace}.totop {font-size:85%;text-align:center;border-bottom:2px solid #000}.invisible {display:none}</style>
</head>
<body>
<table>
<tr><th>Test</th><th># Passed</th><th># Skipped</th><th># Failed</th><th>Time (ms)</th><th>Included Groups</th><th>Excluded Groups</th></tr>
<tr><th colspan="7">Suite</th></tr>
<tr><td><a href="#t0">CatalogsHomePage</a></td><td class="num">3</td><td class="num">0</td><td class="num attn">1</td><td class="num">7,243</td><td></td><td></td></tr>
<tr class="stripe"><td><a href="#t1">CreateNewMasterCategory</a></td><td class="num">27</td><td class="num">0</td><td class="num attn">11</td><td class="num">76,824</td><td></td><td></td></tr>
<tr><td><a href="#t2">ExtendedSitesCatalogAssetStoreCategoriesList</a></td><td class="num">0</td><td class="num attn">3</td><td class="num">0</td><td class="num">23,440</td><td></td><td></td></tr>
<tr class="stripe"><td><a href="#t3">SearchResultsPage</a></td><td class="num">0</td><td class="num attn">3</td><td class="num">0</td><td class="num">27,039</td><td></td><td></td></tr>
<tr><th>Total</th><th class="num">30</th><th class="num attn">6</th><th class="num attn">12</th><th class="num">134,546</th><th colspan="2"></th></tr>
</table>
<table id='summary'><thead><tr><th>Class</th><th>Method</th><th>Start</th><th>Time (ms)</th></tr></thead><tbody><tr><th colspan="4">Suite</th></tr></tbody><tbody id="t0"><tr><th colspan="4">CatalogsHomePage &#8212; failed</th></tr><tr class="failedeven"><td rowspan="1">com.ibm.commerce.cmc.catalogs.testcases.CatalogsHomePageTest</td><td><a href="#m0">validateStoreSelectionTest</a></td><td rowspan="1">1550665165135</td><td rowspan="1">178</td></tr><tr><th colspan="4">CatalogsHomePage &#8212; passed</th></tr><tr class="passedeven"><td rowspan="3">com.ibm.commerce.cmc.catalogs.testcases.CatalogsHomePageTest</td><td><a href="#m1">catalogHomePageHeadingTest</a></td><td rowspan="1">1550665165077</td><td rowspan="1">54</td></tr><tr class="passedeven"><td><a href="#m2">navigatetoNewMasterCategoryPageTest</a></td><td rowspan="1">1550665166377</td><td rowspan="1">380</td></tr><tr class="passedeven"><td><a href="#m3">searchForCategoryOnCatalogsHomePage</a></td><td rowspan="1">1550665165856</td><td rowspan="1">514</td></tr></tbody>
<tbody id="t1"><tr><th colspan="4">CreateNewMasterCategory &#8212; failed</th></tr><tr class="failedeven"><td rowspan="11">com.ibm.commerce.cmc.catalogs.testcases.CreateNewMasterCategoryTest</td><td><a href="#m4">validateManageCategoryDisplayAccordionFullImageFieldTest</a></td><td rowspan="1">1550665174702</td><td rowspan="1">84</td></tr><tr class="failedeven"><td><a href="#m5">validateManageCategoryGeneralCategoryInformationCodeFieldNameTest</a></td><td rowspan="1">1550665171586</td><td rowspan="1">89</td></tr><tr class="failedeven"><td><a href="#m6">validateSearchEngineOptimizationImageAltTextOverrideDefaultRadioAutoSelectTest</a></td><td rowspan="1">1550665199641</td><td rowspan="1">20149</td></tr><tr class="failedeven"><td><a href="#m7">validateSearchEngineOptimizationImageAltTextOverrideDefaultRadioTest</a></td><td rowspan="1">1550665179164</td><td rowspan="1">20090</td></tr><tr class="failedeven"><td><a href="#m8">validateSearchEngineOptimizationImageAltTextUseDefaultRadioTest</a></td><td rowspan="1">1550665178740</td><td rowspan="1">35</td></tr><tr class="failedeven"><td><a href="#m9">validateSearchEngineOptimizationMetaDescriptionOverrideDefaultRadioAutoSelectTest</a></td><td rowspan="1">1550665178192</td><td rowspan="1">103</td></tr><tr class="failedeven"><td><a href="#m10">validateSearchEngineOptimizationMetaDescriptionUseDefaultRadioTest</a></td><td rowspan="1">1550665177725</td><td rowspan="1">53</td></tr><tr class="failedeven"><td><a href="#m11">validateSearchEngineOptimizationPageTitleOverrideDefaultRadioAutoSelectTest</a></td><td rowspan="1">1550665177138</td><td rowspan="1">127</td></tr><tr class="failedeven"><td><a href="#m12">validateSearchEngineOptimizationPageTitleUseDefaultRadioTest</a></td><td rowspan="1">1550665176693</td><td rowspan="1">34</td></tr><tr class="failedeven"><td><a href="#m13">validateSearchEngineOptimizationURLKeywordFieldTest</a></td><td rowspan="1">1550665176141</td><td rowspan="1">134</td></tr><tr class="failedeven"><td><a href="#m14">verifyAllColumnsDisplayedUnderAssociatedAssetsTab</a></td><td rowspan="1">1550665221297</td><td rowspan="1">20601</td></tr><tr><th colspan="4">CreateNewMasterCategory &#8212; passed</th></tr><tr class="passedeven"><td rowspan="27">com.ibm.commerce.cmc.catalogs.testcases.CreateNewMasterCategoryTest</td><td><a href="#m15">newMasterCategoryPageHeadingTest</a></td><td rowspan="1">1550665170846</td><td rowspan="1">75</td></tr><tr class="passedeven"><td><a href="#m16">saveNewMasterCategory</a></td><td rowspan="1">1550665243577</td><td rowspan="1">160</td></tr><tr class="passedeven"><td><a href="#m17">validateAssociatedAssetsTabExistance</a></td><td rowspan="1">1550665171120</td><td rowspan="1">27</td></tr><tr class="passedeven"><td><a href="#m18">validateCloseButtonExistance</a></td><td rowspan="1">1550665171032</td><td rowspan="1">28</td></tr><tr class="passedeven"><td><a href="#m19">validateContentTabExistance</a></td><td rowspan="1">1550665171149</td><td rowspan="1">26</td></tr><tr class="passedeven"><td><a href="#m20">validateManageCategoryDisplayAccordionDisplayToCustomerFieldTest</a></td><td rowspan="1">1550665174342</td><td rowspan="1">238</td></tr><tr class="passedeven"><td><a href="#m21">validateManageCategoryDisplayAccordionThumbnailFieldTest</a></td><td rowspan="1">1550665174582</td><td rowspan="1">113</td></tr><tr class="passedeven"><td><a href="#m22">validateManageCategoryGeneralCategoryInformationNameFieldTest</a></td><td rowspan="1">1550665172385</td><td rowspan="1">62</td></tr><tr class="passedeven"><td><a href="#m23">validateManageCategoryGeneralCategoryInformationShortDescriptionFieldTest</a></td><td rowspan="1">1550665172450</td><td rowspan="1">68</td></tr><tr class="passedeven"><td><a href="#m24">validateManageCategoryGeneralCategoryInformationUniqueIdFieldNameTest</a></td><td rowspan="1">1550665172244</td><td rowspan="1">136</td></tr><tr class="passedeven"><td><a href="#m25">validateManageCategoryInputDisplayAccordionInformationTest</a></td><td rowspan="1">1550665175237</td><td rowspan="1">903</td></tr><tr class="passedeven"><td><a href="#m26">validateManageCategoryInputGeneralCategoryInformationTest</a></td><td rowspan="1">1550665172521</td><td rowspan="1">1819</td></tr><tr class="passedeven"><td><a href="#m27">validateManageCategoryObjectPropertiesAssociatedStoreDisplayedTest</a></td><td rowspan="1">1550665171439</td><td rowspan="1">142</td></tr><tr class="passedeven"><td><a href="#m28">validateManageCategoryObjectPropertiesAssociatedStoreTest</a></td><td rowspan="1">1550665171204</td><td rowspan="1">232</td></tr><tr class="passedeven"><td><a href="#m29">validateManageCategoryTabExistance</a></td><td rowspan="1">1550665171062</td><td rowspan="1">28</td></tr><tr class="passedeven"><td><a href="#m30">validateReferencesTabExistance</a></td><td rowspan="1">1550665171176</td><td rowspan="1">27</td></tr><tr class="passedeven"><td><a href="#m31">validateSaveButtonExistance</a></td><td rowspan="1">1550665170982</td><td rowspan="1">48</td></tr><tr class="passedeven"><td><a href="#m32">validateSaveandPreviewButtonExistance</a></td><td rowspan="1">1550665170923</td><td rowspan="1">57</td></tr><tr class="passedeven"><td><a href="#m33">validateSearchEngineOptimizationImageAltFieldTest</a></td><td rowspan="1">1550665178694</td><td rowspan="1">45</td></tr><tr class="passedeven"><td><a href="#m34">validateSearchEngineOptimizationInputDetailsTest</a></td><td rowspan="1">1550665220188</td><td rowspan="1">1107</td></tr><tr class="passedeven"><td><a href="#m35">validateSearchEngineOptimizationMetaDescriptionFieldTest</a></td><td rowspan="1">1550665177690</td><td rowspan="1">34</td></tr><tr class="passedeven"><td><a href="#m36">validateSearchEngineOptimizationMetaDescriptionOverrideDefaultRadioTest</a></td><td rowspan="1">1550665178159</td><td rowspan="1">32</td></tr><tr class="passedeven"><td><a href="#m37">validateSearchEngineOptimizationPageTitleFieldTest</a></td><td rowspan="1">1550665176657</td><td rowspan="1">35</td></tr><tr class="passedeven"><td><a href="#m38">validateSearchEngineOptimizationPageTitleOverrideDefaultRadioTest</a></td><td rowspan="1">1550665177107</td><td rowspan="1">30</td></tr><tr class="passedeven"><td><a href="#m39">validateSearchEngineOptimizationTabExistance</a></td><td rowspan="1">1550665171092</td><td rowspan="1">26</td></tr><tr class="passedeven"><td><a href="#m40">verifyAllColumnsDisplayedUnderContentTab</a></td><td rowspan="1">1550665242321</td><td rowspan="1">707</td></tr><tr class="passedeven"><td><a href="#m41">verifyAllColumnsDisplayedUnderReferencesTab</a></td><td rowspan="1">1550665243029</td><td rowspan="1">547</td></tr></tbody>
<tbody id="t2"><tr><th colspan="4">ExtendedSitesCatalogAssetStoreCategoriesList &#8212; failed (configuration methods)</th></tr><tr class="failedeven"><td rowspan="1">com.ibm.commerce.cmc.catalogs.testcases.ExtendedSitesCatalogAssetStoreCategoriesListTest</td><td><a href="#m42">setUp</a></td><td rowspan="1">1550665244029</td><td rowspan="1">23419</td></tr><tr><th colspan="4">ExtendedSitesCatalogAssetStoreCategoriesList &#8212; skipped (configuration methods)</th></tr><tr class="skippedeven"><td rowspan="1">com.ibm.commerce.cmc.catalogs.testcases.ExtendedSitesCatalogAssetStoreCategoriesListTest</td><td><a href="#m43">tearDown</a></td><td rowspan="1">1550665267464</td><td rowspan="1">0</td></tr><tr><th colspan="4">ExtendedSitesCatalogAssetStoreCategoriesList &#8212; skipped</th></tr><tr class="skippedeven"><td rowspan="3">com.ibm.commerce.cmc.catalogs.testcases.ExtendedSitesCatalogAssetStoreCategoriesListTest</td><td><a href="#m44">extendedSitesCatalogAssetStoreCategoriesListPageHeadingTest</a></td><td rowspan="1">1550665267458</td><td rowspan="1">0</td></tr><tr class="skippedeven"><td><a href="#m45">verifyAllColumnsClickable</a></td><td rowspan="1">1550665267462</td><td rowspan="1">0</td></tr><tr class="skippedeven"><td><a href="#m46">verifyAllColumnsDisplayedOnThePage</a></td><td rowspan="1">1550665267461</td><td rowspan="1">0</td></tr></tbody>
<tbody id="t3"><tr><th colspan="4">SearchResultsPage &#8212; failed (configuration methods)</th></tr><tr class="failedeven"><td rowspan="1">com.ibm.commerce.cmc.catalogs.testcases.SearchResultsPageTest</td><td><a href="#m47">setUp</a></td><td rowspan="1">1550665267491</td><td rowspan="1">27020</td></tr><tr><th colspan="4">SearchResultsPage &#8212; skipped (configuration methods)</th></tr><tr class="skippedeven"><td rowspan="1">com.ibm.commerce.cmc.catalogs.testcases.SearchResultsPageTest</td><td><a href="#m48">tearDown</a></td><td rowspan="1">1550665294527</td><td rowspan="1">0</td></tr><tr><th colspan="4">SearchResultsPage &#8212; skipped</th></tr><tr class="skippedeven"><td rowspan="3">com.ibm.commerce.cmc.catalogs.testcases.SearchResultsPageTest</td><td><a href="#m49">searchResultsPageHeadingTest</a></td><td rowspan="1">1550665294522</td><td rowspan="1">0</td></tr><tr class="skippedeven"><td><a href="#m50">verifyAllColumnsDisplayedOnThePage</a></td><td rowspan="1">1550665294525</td><td rowspan="1">0</td></tr><tr class="skippedeven"><td><a href="#m51">veriverifyAllColumnsClickable</a></td><td rowspan="1">1550665294526</td><td rowspan="1">0</td></tr></tbody>
</table>
<h2>CatalogsHomePage</h2><h3 id="m0">com.ibm.commerce.cmc.catalogs.testcases.CatalogsHomePageTest#validateStoreSelectionTest</h3><table class="result"><tr><th>Exception</th></tr><tr><td><div class="stacktrace">java.lang.AssertionError: expected [true] but found [false]
	at com.ibm.commerce.cmc.catalogs.testcases.CatalogsHomePageTest.validateStoreSelectionTest(CatalogsHomePageTest.java:61)
... Removed 29 stack frames</div></td></tr></table><p class="totop"><a href="#summary">back to summary</a></p>
<h3 id="m1">com.ibm.commerce.cmc.catalogs.testcases.CatalogsHomePageTest#catalogHomePageHeadingTest</h3><table class="result"><tr><th class="invisible"/></tr></table><p class="totop"><a href="#summary">back to summary</a></p>
<h3 id="m2">com.ibm.commerce.cmc.catalogs.testcases.CatalogsHomePageTest#navigatetoNewMasterCategoryPageTest</h3><table class="result"><tr><th class="invisible"/></tr></table><p class="totop"><a href="#summary">back to summary</a></p>
<h3 id="m3">com.ibm.commerce.cmc.catalogs.testcases.CatalogsHomePageTest#searchForCategoryOnCatalogsHomePage</h3><table class="result"><tr><th class="invisible"/></tr></table><p class="totop"><a href="#summary">back to summary</a></p>
<h2>CreateNewMasterCategory</h2><h3 id="m4">com.ibm.commerce.cmc.catalogs.testcases.CreateNewMasterCategoryTest#validateManageCategoryDisplayAccordionFullImageFieldTest</h3><table class="result"><tr><th>Exception</th></tr><tr><td><div class="stacktrace">java.lang.AssertionError: expected [Full image (United State English)] but found [Full image]
	at com.ibm.commerce.cmc.catalogs.testcases.CreateNewMasterCategoryTest.validateManageCategoryDisplayAccordionFullImageFieldTest(CreateNewMasterCategoryTest.java:202)
... Removed 31 stack frames</div></td></tr></table><p class="totop"><a href="#summary">back to summary</a></p>
<h3 id="m5">com.ibm.commerce.cmc.catalogs.testcases.CreateNewMasterCategoryTest#validateManageCategoryGeneralCategoryInformationCodeFieldNameTest</h3><table class="result"><tr><th>Exception</th></tr><tr><td><div class="stacktrace">java.lang.AssertionError: expected [Code] but found []
	at com.ibm.commerce.cmc.catalogs.testcases.CreateNewMasterCategoryTest.validateManageCategoryGeneralCategoryInformationCodeFieldNameTest(CreateNewMasterCategoryTest.java:160)
... Removed 31 stack frames</div></td></tr></table><p class="totop"><a href="#summary">back to summary</a></p>
<h3 id="m6">com.ibm.commerce.cmc.catalogs.testcases.CreateNewMasterCategoryTest#validateSearchEngineOptimizationImageAltTextOverrideDefaultRadioAutoSelectTest</h3><table class="result"><tr><th>Exception</th></tr><tr><td><div class="stacktrace">org.openqa.selenium.NoSuchElementException: no such element: Unable to locate element: {&quot;method&quot;:&quot;xpath&quot;,&quot;selector&quot;:&quot;//*[@id=&apos;n-tab-1&apos;]//ibm-radio//input[@id=&apos;radio-5&apos;]//following-sibling::label/span&quot;}
  (Session info: chrome=72.0.3626.109)
  (Driver info: chromedriver=2.45.615355 (d5698f682d8b2742017df6c81e0bd8e6a3063189),platform=Mac OS X 10.13.6 x86_64) (WARNING: The server did not provide any stacktrace information)
Command duration or timeout: 0 milliseconds
For documentation on this error, please visit: http://seleniumhq.org/exceptions/no_such_element.html
Build info: version: &apos;3.14.0&apos;, revision: &apos;aacccce0&apos;, time: &apos;2018-08-02T20:19:58.91Z&apos;
System info: host: &apos;Narasimharaos-MacBook-Pro.local&apos;, ip: &apos;fe80:0:0:0:141e:406d:ad08:5e79%en0&apos;, os.name: &apos;Mac OS X&apos;, os.arch: &apos;x86_64&apos;, os.version: &apos;10.13.6&apos;, java.version: &apos;1.8.0_191&apos;
Driver info: org.openqa.selenium.chrome.ChromeDriver
Capabilities {acceptInsecureCerts: false, acceptSslCerts: false, applicationCacheEnabled: false, browserConnectionEnabled: false, browserName: chrome, chrome: {chromedriverVersion: 2.45.615355 (d5698f682d8b27..., userDataDir: /var/folders/p4/bzwnsv1x7nb...}, cssSelectorsEnabled: true, databaseEnabled: false, goog:chromeOptions: {debuggerAddress: localhost:55138}, handlesAlerts: true, hasTouchScreen: false, javascriptEnabled: true, locationContextEnabled: true, mobileEmulationEnabled: false, nativeEvents: true, networkConnectionEnabled: false, pageLoadStrategy: normal, platform: MAC, platformName: MAC, proxy: Proxy(), rotatable: false, setWindowRect: true, strictFileInteractability: false, takesHeapSnapshot: true, takesScreenshot: true, timeouts: {implicit: 0, pageLoad: 300000, script: 30000}, unexpectedAlertBehaviour: ignore, unhandledPromptBehavior: ignore, version: 72.0.3626.109, webStorageEnabled: true}
Session ID: 2a015e7bcca66ed43bc1a8c0250b8f77
*** Element info: {Using=xpath, value=//*[@id=&apos;n-tab-1&apos;]//ibm-radio//input[@id=&apos;radio-5&apos;]//following-sibling::label/span}
	at org.openqa.selenium.remote.ErrorHandler.createThrowable(ErrorHandler.java:214)
	at org.openqa.selenium.remote.ErrorHandler.throwIfResponseFailed(ErrorHandler.java:166)
	at org.openqa.selenium.remote.http.JsonHttpResponseCodec.reconstructValue(JsonHttpResponseCodec.java:40)
	at org.openqa.selenium.remote.http.AbstractHttpResponseCodec.decode(AbstractHttpResponseCodec.java:80)
	at org.openqa.selenium.remote.http.AbstractHttpResponseCodec.decode(AbstractHttpResponseCodec.java:44)
	at org.openqa.selenium.remote.HttpCommandExecutor.execute(HttpCommandExecutor.java:158)
	at org.openqa.selenium.remote.service.DriverCommandExecutor.execute(DriverCommandExecutor.java:83)
	at org.openqa.selenium.remote.RemoteWebDriver.execute(RemoteWebDriver.java:548)
	at org.openqa.selenium.remote.RemoteWebDriver.findElement(RemoteWebDriver.java:322)
	at org.openqa.selenium.remote.RemoteWebDriver.findElementByXPath(RemoteWebDriver.java:424)
	at org.openqa.selenium.By$ByXPath.findElement(By.java:353)
	at org.openqa.selenium.remote.RemoteWebDriver.findElement(RemoteWebDriver.java:314)
	at org.openqa.selenium.support.pagefactory.DefaultElementLocator.findElement(DefaultElementLocator.java:69)
	at org.openqa.selenium.support.pagefactory.internal.LocatingElementHandler.invoke(LocatingElementHandler.java:38)
	at com.sun.proxy.$Proxy26.isSelected(Unknown Source)
	at com.ibm.commerce.cmc.ui.utils.TestUtil.isElementSelected(TestUtil.java:25)
	at com.ibm.commerce.cmc.ui.catalogs.pages.NewMasterCategoryPage.isImageAltTextOverrideDefaultRadioSelected(NewMasterCategoryPage.java:583)
	at com.ibm.commerce.cmc.catalogs.testcases.CreateNewMasterCategoryTest.validateSearchEngineOptimizationImageAltTextOverrideDefaultRadioAutoSelectTest(CreateNewMasterCategoryTest.java:285)
... Removed 29 stack frames</div></td></tr></table><p class="totop"><a href="#summary">back to summary</a></p>
<h3 id="m7">com.ibm.commerce.cmc.catalogs.testcases.CreateNewMasterCategoryTest#validateSearchEngineOptimizationImageAltTextOverrideDefaultRadioTest</h3><table class="result"><tr><th>Exception</th></tr><tr><td><div class="stacktrace">org.openqa.selenium.NoSuchElementException: no such element: Unable to locate element: {&quot;method&quot;:&quot;xpath&quot;,&quot;selector&quot;:&quot;//*[@id=&apos;n-tab-1&apos;]//ibm-radio//input[@id=&apos;radio-5&apos;]//following-sibling::label/span&quot;}
  (Session info: chrome=72.0.3626.109)
  (Driver info: chromedriver=2.45.615355 (d5698f682d8b2742017df6c81e0bd8e6a3063189),platform=Mac OS X 10.13.6 x86_64) (WARNING: The server did not provide any stacktrace information)
Command duration or timeout: 0 milliseconds
For documentation on this error, please visit: http://seleniumhq.org/exceptions/no_such_element.html
Build info: version: &apos;3.14.0&apos;, revision: &apos;aacccce0&apos;, time: &apos;2018-08-02T20:19:58.91Z&apos;
System info: host: &apos;Narasimharaos-MacBook-Pro.local&apos;, ip: &apos;fe80:0:0:0:141e:406d:ad08:5e79%en0&apos;, os.name: &apos;Mac OS X&apos;, os.arch: &apos;x86_64&apos;, os.version: &apos;10.13.6&apos;, java.version: &apos;1.8.0_191&apos;
Driver info: org.openqa.selenium.chrome.ChromeDriver
Capabilities {acceptInsecureCerts: false, acceptSslCerts: false, applicationCacheEnabled: false, browserConnectionEnabled: false, browserName: chrome, chrome: {chromedriverVersion: 2.45.615355 (d5698f682d8b27..., userDataDir: /var/folders/p4/bzwnsv1x7nb...}, cssSelectorsEnabled: true, databaseEnabled: false, goog:chromeOptions: {debuggerAddress: localhost:55138}, handlesAlerts: true, hasTouchScreen: false, javascriptEnabled: true, locationContextEnabled: true, mobileEmulationEnabled: false, nativeEvents: true, networkConnectionEnabled: false, pageLoadStrategy: normal, platform: MAC, platformName: MAC, proxy: Proxy(), rotatable: false, setWindowRect: true, strictFileInteractability: false, takesHeapSnapshot: true, takesScreenshot: true, timeouts: {implicit: 0, pageLoad: 300000, script: 30000}, unexpectedAlertBehaviour: ignore, unhandledPromptBehavior: ignore, version: 72.0.3626.109, webStorageEnabled: true}
Session ID: 2a015e7bcca66ed43bc1a8c0250b8f77
*** Element info: {Using=xpath, value=//*[@id=&apos;n-tab-1&apos;]//ibm-radio//input[@id=&apos;radio-5&apos;]//following-sibling::label/span}
	at org.openqa.selenium.remote.ErrorHandler.createThrowable(ErrorHandler.java:214)
	at org.openqa.selenium.remote.ErrorHandler.throwIfResponseFailed(ErrorHandler.java:166)
	at org.openqa.selenium.remote.http.JsonHttpResponseCodec.reconstructValue(JsonHttpResponseCodec.java:40)
	at org.openqa.selenium.remote.http.AbstractHttpResponseCodec.decode(AbstractHttpResponseCodec.java:80)
	at org.openqa.selenium.remote.http.AbstractHttpResponseCodec.decode(AbstractHttpResponseCodec.java:44)
	at org.openqa.selenium.remote.HttpCommandExecutor.execute(HttpCommandExecutor.java:158)
	at org.openqa.selenium.remote.service.DriverCommandExecutor.execute(DriverCommandExecutor.java:83)
	at org.openqa.selenium.remote.RemoteWebDriver.execute(RemoteWebDriver.java:548)
	at org.openqa.selenium.remote.RemoteWebDriver.findElement(RemoteWebDriver.java:322)
	at org.openqa.selenium.remote.RemoteWebDriver.findElementByXPath(RemoteWebDriver.java:424)
	at org.openqa.selenium.By$ByXPath.findElement(By.java:353)
	at org.openqa.selenium.remote.RemoteWebDriver.findElement(RemoteWebDriver.java:314)
	at org.openqa.selenium.support.pagefactory.DefaultElementLocator.findElement(DefaultElementLocator.java:69)
	at org.openqa.selenium.support.pagefactory.internal.LocatingElementHandler.invoke(LocatingElementHandler.java:38)
	at com.sun.proxy.$Proxy26.isSelected(Unknown Source)
	at com.ibm.commerce.cmc.ui.utils.TestUtil.isElementSelected(TestUtil.java:25)
	at com.ibm.commerce.cmc.ui.catalogs.pages.NewMasterCategoryPage.isImageAltTextOverrideDefaultRadioSelected(NewMasterCategoryPage.java:583)
	at com.ibm.commerce.cmc.catalogs.testcases.CreateNewMasterCategoryTest.validateSearchEngineOptimizationImageAltTextOverrideDefaultRadioTest(CreateNewMasterCategoryTest.java:278)
... Removed 29 stack frames</div></td></tr></table><p class="totop"><a href="#summary">back to summary</a></p>
<h3 id="m8">com.ibm.commerce.cmc.catalogs.testcases.CreateNewMasterCategoryTest#validateSearchEngineOptimizationImageAltTextUseDefaultRadioTest</h3><table class="result"><tr><th>Exception</th></tr><tr><td><div class="stacktrace">java.lang.AssertionError: expected [true] but found [false]
	at com.ibm.commerce.cmc.catalogs.testcases.CreateNewMasterCategoryTest.validateSearchEngineOptimizationImageAltTextUseDefaultRadioTest(CreateNewMasterCategoryTest.java:273)
... Removed 29 stack frames</div></td></tr></table><p class="totop"><a href="#summary">back to summary</a></p>
<h3 id="m9">com.ibm.commerce.cmc.catalogs.testcases.CreateNewMasterCategoryTest#validateSearchEngineOptimizationMetaDescriptionOverrideDefaultRadioAutoSelectTest</h3><table class="result"><tr><th>Exception</th></tr><tr><td><div class="stacktrace">java.lang.AssertionError: expected [true] but found [false]
	at com.ibm.commerce.cmc.catalogs.testcases.CreateNewMasterCategoryTest.validateSearchEngineOptimizationMetaDescriptionOverrideDefaultRadioAutoSelectTest(CreateNewMasterCategoryTest.java:261)
... Removed 29 stack frames</div></td></tr></table><p class="totop"><a href="#summary">back to summary</a></p>
<h3 id="m10">com.ibm.commerce.cmc.catalogs.testcases.CreateNewMasterCategoryTest#validateSearchEngineOptimizationMetaDescriptionUseDefaultRadioTest</h3><table class="result"><tr><th>Exception</th></tr><tr><td><div class="stacktrace">java.lang.AssertionError: expected [true] but found [false]
	at com.ibm.commerce.cmc.catalogs.testcases.CreateNewMasterCategoryTest.validateSearchEngineOptimizationMetaDescriptionUseDefaultRadioTest(CreateNewMasterCategoryTest.java:250)
... Removed 29 stack frames</div></td></tr></table><p class="totop"><a href="#summary">back to summary</a></p>
<h3 id="m11">com.ibm.commerce.cmc.catalogs.testcases.CreateNewMasterCategoryTest#validateSearchEngineOptimizationPageTitleOverrideDefaultRadioAutoSelectTest</h3><table class="result"><tr><th>Exception</th></tr><tr><td><div class="stacktrace">java.lang.AssertionError: expected [true] but found [false]
	at com.ibm.commerce.cmc.catalogs.testcases.CreateNewMasterCategoryTest.validateSearchEngineOptimizationPageTitleOverrideDefaultRadioAutoSelectTest(CreateNewMasterCategoryTest.java:239)
... Removed 29 stack frames</div></td></tr></table><p class="totop"><a href="#summary">back to summary</a></p>
<h3 id="m12">com.ibm.commerce.cmc.catalogs.testcases.CreateNewMasterCategoryTest#validateSearchEngineOptimizationPageTitleUseDefaultRadioTest</h3><table class="result"><tr><th>Exception</th></tr><tr><td><div class="stacktrace">java.lang.AssertionError: expected [true] but found [false]
	at com.ibm.commerce.cmc.catalogs.testcases.CreateNewMasterCategoryTest.validateSearchEngineOptimizationPageTitleUseDefaultRadioTest(CreateNewMasterCategoryTest.java:228)
... Removed 29 stack frames</div></td></tr></table><p class="totop"><a href="#summary">back to summary</a></p>
<h3 id="m13">com.ibm.commerce.cmc.catalogs.testcases.CreateNewMasterCategoryTest#validateSearchEngineOptimizationURLKeywordFieldTest</h3><table class="result"><tr><th>Exception</th></tr><tr><td><div class="stacktrace">java.lang.AssertionError: expected [URL keyword (United State English)] but found [URL keyword]
	at com.ibm.commerce.cmc.catalogs.testcases.CreateNewMasterCategoryTest.validateSearchEngineOptimizationURLKeywordFieldTest(CreateNewMasterCategoryTest.java:215)
... Removed 31 stack frames</div></td></tr></table><p class="totop"><a href="#summary">back to summary</a></p>
<h3 id="m14">com.ibm.commerce.cmc.catalogs.testcases.CreateNewMasterCategoryTest#verifyAllColumnsDisplayedUnderAssociatedAssetsTab</h3><table class="result"><tr><th>Exception</th></tr><tr><td><div class="stacktrace">org.openqa.selenium.NoSuchElementException: no such element: Unable to locate element: {&quot;method&quot;:&quot;xpath&quot;,&quot;selector&quot;:&quot;//ibm-table//thead/tr/th[6]//span[contains(text(), &apos;Code&apos;)]&quot;}
  (Session info: chrome=72.0.3626.109)
  (Driver info: chromedriver=2.45.615355 (d5698f682d8b2742017df6c81e0bd8e6a3063189),platform=Mac OS X 10.13.6 x86_64) (WARNING: The server did not provide any stacktrace information)
Command duration or timeout: 0 milliseconds
For documentation on this error, please visit: http://seleniumhq.org/exceptions/no_such_element.html
Build info: version: &apos;3.14.0&apos;, revision: &apos;aacccce0&apos;, time: &apos;2018-08-02T20:19:58.91Z&apos;
System info: host: &apos;Narasimharaos-MacBook-Pro.local&apos;, ip: &apos;fe80:0:0:0:141e:406d:ad08:5e79%en0&apos;, os.name: &apos;Mac OS X&apos;, os.arch: &apos;x86_64&apos;, os.version: &apos;10.13.6&apos;, java.version: &apos;1.8.0_191&apos;
Driver info: org.openqa.selenium.chrome.ChromeDriver
Capabilities {acceptInsecureCerts: false, acceptSslCerts: false, applicationCacheEnabled: false, browserConnectionEnabled: false, browserName: chrome, chrome: {chromedriverVersion: 2.45.615355 (d5698f682d8b27..., userDataDir: /var/folders/p4/bzwnsv1x7nb...}, cssSelectorsEnabled: true, databaseEnabled: false, goog:chromeOptions: {debuggerAddress: localhost:55138}, handlesAlerts: true, hasTouchScreen: false, javascriptEnabled: true, locationContextEnabled: true, mobileEmulationEnabled: false, nativeEvents: true, networkConnectionEnabled: false, pageLoadStrategy: normal, platform: MAC, platformName: MAC, proxy: Proxy(), rotatable: false, setWindowRect: true, strictFileInteractability: false, takesHeapSnapshot: true, takesScreenshot: true, timeouts: {implicit: 0, pageLoad: 300000, script: 30000}, unexpectedAlertBehaviour: ignore, unhandledPromptBehavior: ignore, version: 72.0.3626.109, webStorageEnabled: true}
Session ID: 2a015e7bcca66ed43bc1a8c0250b8f77
*** Element info: {Using=xpath, value=//ibm-table//thead/tr/th[6]//span[contains(text(), &apos;Code&apos;)]}
	at org.openqa.selenium.remote.ErrorHandler.createThrowable(ErrorHandler.java:214)
	at org.openqa.selenium.remote.ErrorHandler.throwIfResponseFailed(ErrorHandler.java:166)
	at org.openqa.selenium.remote.http.JsonHttpResponseCodec.reconstructValue(JsonHttpResponseCodec.java:40)
	at org.openqa.selenium.remote.http.AbstractHttpResponseCodec.decode(AbstractHttpResponseCodec.java:80)
	at org.openqa.selenium.remote.http.AbstractHttpResponseCodec.decode(AbstractHttpResponseCodec.java:44)
	at org.openqa.selenium.remote.HttpCommandExecutor.execute(HttpCommandExecutor.java:158)
	at org.openqa.selenium.remote.service.DriverCommandExecutor.execute(DriverCommandExecutor.java:83)
	at org.openqa.selenium.remote.RemoteWebDriver.execute(RemoteWebDriver.java:548)
	at org.openqa.selenium.remote.RemoteWebDriver.findElement(RemoteWebDriver.java:322)
	at org.openqa.selenium.remote.RemoteWebDriver.findElementByXPath(RemoteWebDriver.java:424)
	at org.openqa.selenium.By$ByXPath.findElement(By.java:353)
	at org.openqa.selenium.remote.RemoteWebDriver.findElement(RemoteWebDriver.java:314)
	at org.openqa.selenium.support.pagefactory.DefaultElementLocator.findElement(DefaultElementLocator.java:69)
	at org.openqa.selenium.support.pagefactory.internal.LocatingElementHandler.invoke(LocatingElementHandler.java:38)
	at com.sun.proxy.$Proxy26.isDisplayed(Unknown Source)
	at com.ibm.commerce.cmc.ui.utils.TestUtil.isElementDisplayed(TestUtil.java:21)
	at com.ibm.commerce.cmc.ui.catalogs.pages.NewMasterCategoryPage.isAACodeColumnExists(NewMasterCategoryPage.java:641)
	at com.ibm.commerce.cmc.catalogs.testcases.CreateNewMasterCategoryTest.verifyAllColumnsDisplayedUnderAssociatedAssetsTab(CreateNewMasterCategoryTest.java:306)
... Removed 29 stack frames</div></td></tr></table><p class="totop"><a href="#summary">back to summary</a></p>
<h3 id="m15">com.ibm.commerce.cmc.catalogs.testcases.CreateNewMasterCategoryTest#newMasterCategoryPageHeadingTest</h3><table class="result"><tr><th class="invisible"/></tr></table><p class="totop"><a href="#summary">back to summary</a></p>
<h3 id="m16">com.ibm.commerce.cmc.catalogs.testcases.CreateNewMasterCategoryTest#saveNewMasterCategory</h3><table class="result"><tr><th class="invisible"/></tr></table><p class="totop"><a href="#summary">back to summary</a></p>
<h3 id="m17">com.ibm.commerce.cmc.catalogs.testcases.CreateNewMasterCategoryTest#validateAssociatedAssetsTabExistance</h3><table class="result"><tr><th class="invisible"/></tr></table><p class="totop"><a href="#summary">back to summary</a></p>
<h3 id="m18">com.ibm.commerce.cmc.catalogs.testcases.CreateNewMasterCategoryTest#validateCloseButtonExistance</h3><table class="result"><tr><th class="invisible"/></tr></table><p class="totop"><a href="#summary">back to summary</a></p>
<h3 id="m19">com.ibm.commerce.cmc.catalogs.testcases.CreateNewMasterCategoryTest#validateContentTabExistance</h3><table class="result"><tr><th class="invisible"/></tr></table><p class="totop"><a href="#summary">back to summary</a></p>
<h3 id="m20">com.ibm.commerce.cmc.catalogs.testcases.CreateNewMasterCategoryTest#validateManageCategoryDisplayAccordionDisplayToCustomerFieldTest</h3><table class="result"><tr><th class="invisible"/></tr></table><p class="totop"><a href="#summary">back to summary</a></p>
<h3 id="m21">com.ibm.commerce.cmc.catalogs.testcases.CreateNewMasterCategoryTest#validateManageCategoryDisplayAccordionThumbnailFieldTest</h3><table class="result"><tr><th class="invisible"/></tr></table><p class="totop"><a href="#summary">back to summary</a></p>
<h3 id="m22">com.ibm.commerce.cmc.catalogs.testcases.CreateNewMasterCategoryTest#validateManageCategoryGeneralCategoryInformationNameFieldTest</h3><table class="result"><tr><th class="invisible"/></tr></table><p class="totop"><a href="#summary">back to summary</a></p>
<h3 id="m23">com.ibm.commerce.cmc.catalogs.testcases.CreateNewMasterCategoryTest#validateManageCategoryGeneralCategoryInformationShortDescriptionFieldTest</h3><table class="result"><tr><th class="invisible"/></tr></table><p class="totop"><a href="#summary">back to summary</a></p>
<h3 id="m24">com.ibm.commerce.cmc.catalogs.testcases.CreateNewMasterCategoryTest#validateManageCategoryGeneralCategoryInformationUniqueIdFieldNameTest</h3><table class="result"><tr><th class="invisible"/></tr></table><p class="totop"><a href="#summary">back to summary</a></p>
<h3 id="m25">com.ibm.commerce.cmc.catalogs.testcases.CreateNewMasterCategoryTest#validateManageCategoryInputDisplayAccordionInformationTest</h3><table class="result"><tr><th class="invisible"/></tr></table><p class="totop"><a href="#summary">back to summary</a></p>
<h3 id="m26">com.ibm.commerce.cmc.catalogs.testcases.CreateNewMasterCategoryTest#validateManageCategoryInputGeneralCategoryInformationTest</h3><table class="result"><tr><th class="invisible"/></tr></table><p class="totop"><a href="#summary">back to summary</a></p>
<h3 id="m27">com.ibm.commerce.cmc.catalogs.testcases.CreateNewMasterCategoryTest#validateManageCategoryObjectPropertiesAssociatedStoreDisplayedTest</h3><table class="result"><tr><th class="invisible"/></tr></table><p class="totop"><a href="#summary">back to summary</a></p>
<h3 id="m28">com.ibm.commerce.cmc.catalogs.testcases.CreateNewMasterCategoryTest#validateManageCategoryObjectPropertiesAssociatedStoreTest</h3><table class="result"><tr><th class="invisible"/></tr></table><p class="totop"><a href="#summary">back to summary</a></p>
<h3 id="m29">com.ibm.commerce.cmc.catalogs.testcases.CreateNewMasterCategoryTest#validateManageCategoryTabExistance</h3><table class="result"><tr><th class="invisible"/></tr></table><p class="totop"><a href="#summary">back to summary</a></p>
<h3 id="m30">com.ibm.commerce.cmc.catalogs.testcases.CreateNewMasterCategoryTest#validateReferencesTabExistance</h3><table class="result"><tr><th class="invisible"/></tr></table><p class="totop"><a href="#summary">back to summary</a></p>
<h3 id="m31">com.ibm.commerce.cmc.catalogs.testcases.CreateNewMasterCategoryTest#validateSaveButtonExistance</h3><table class="result"><tr><th class="invisible"/></tr></table><p class="totop"><a href="#summary">back to summary</a></p>
<h3 id="m32">com.ibm.commerce.cmc.catalogs.testcases.CreateNewMasterCategoryTest#validateSaveandPreviewButtonExistance</h3><table class="result"><tr><th class="invisible"/></tr></table><p class="totop"><a href="#summary">back to summary</a></p>
<h3 id="m33">com.ibm.commerce.cmc.catalogs.testcases.CreateNewMasterCategoryTest#validateSearchEngineOptimizationImageAltFieldTest</h3><table class="result"><tr><th class="invisible"/></tr></table><p class="totop"><a href="#summary">back to summary</a></p>
<h3 id="m34">com.ibm.commerce.cmc.catalogs.testcases.CreateNewMasterCategoryTest#validateSearchEngineOptimizationInputDetailsTest</h3><table class="result"><tr><th class="invisible"/></tr></table><p class="totop"><a href="#summary">back to summary</a></p>
<h3 id="m35">com.ibm.commerce.cmc.catalogs.testcases.CreateNewMasterCategoryTest#validateSearchEngineOptimizationMetaDescriptionFieldTest</h3><table class="result"><tr><th class="invisible"/></tr></table><p class="totop"><a href="#summary">back to summary</a></p>
<h3 id="m36">com.ibm.commerce.cmc.catalogs.testcases.CreateNewMasterCategoryTest#validateSearchEngineOptimizationMetaDescriptionOverrideDefaultRadioTest</h3><table class="result"><tr><th class="invisible"/></tr></table><p class="totop"><a href="#summary">back to summary</a></p>
<h3 id="m37">com.ibm.commerce.cmc.catalogs.testcases.CreateNewMasterCategoryTest#validateSearchEngineOptimizationPageTitleFieldTest</h3><table class="result"><tr><th class="invisible"/></tr></table><p class="totop"><a href="#summary">back to summary</a></p>
<h3 id="m38">com.ibm.commerce.cmc.catalogs.testcases.CreateNewMasterCategoryTest#validateSearchEngineOptimizationPageTitleOverrideDefaultRadioTest</h3><table class="result"><tr><th class="invisible"/></tr></table><p class="totop"><a href="#summary">back to summary</a></p>
<h3 id="m39">com.ibm.commerce.cmc.catalogs.testcases.CreateNewMasterCategoryTest#validateSearchEngineOptimizationTabExistance</h3><table class="result"><tr><th class="invisible"/></tr></table><p class="totop"><a href="#summary">back to summary</a></p>
<h3 id="m40">com.ibm.commerce.cmc.catalogs.testcases.CreateNewMasterCategoryTest#verifyAllColumnsDisplayedUnderContentTab</h3><table class="result"><tr><th class="invisible"/></tr></table><p class="totop"><a href="#summary">back to summary</a></p>
<h3 id="m41">com.ibm.commerce.cmc.catalogs.testcases.CreateNewMasterCategoryTest#verifyAllColumnsDisplayedUnderReferencesTab</h3><table class="result"><tr><th class="invisible"/></tr></table><p class="totop"><a href="#summary">back to summary</a></p>
<h2>ExtendedSitesCatalogAssetStoreCategoriesList</h2><h3 id="m42">com.ibm.commerce.cmc.catalogs.testcases.ExtendedSitesCatalogAssetStoreCategoriesListTest#setUp</h3><table class="result"><tr><th>Exception</th></tr><tr><td><div class="stacktrace">org.openqa.selenium.NoSuchElementException: no such element: Unable to locate element: {&quot;method&quot;:&quot;xpath&quot;,&quot;selector&quot;:&quot;//button[contains(text(), &apos;ExtendedSitesCatalogAssetStore&apos;)]&quot;}
  (Session info: chrome=72.0.3626.109)
  (Driver info: chromedriver=2.45.615355 (d5698f682d8b2742017df6c81e0bd8e6a3063189),platform=Mac OS X 10.13.6 x86_64) (WARNING: The server did not provide any stacktrace information)
Command duration or timeout: 0 milliseconds
For documentation on this error, please visit: http://seleniumhq.org/exceptions/no_such_element.html
Build info: version: &apos;3.14.0&apos;, revision: &apos;aacccce0&apos;, time: &apos;2018-08-02T20:19:58.91Z&apos;
System info: host: &apos;Narasimharaos-MacBook-Pro.local&apos;, ip: &apos;fe80:0:0:0:141e:406d:ad08:5e79%en0&apos;, os.name: &apos;Mac OS X&apos;, os.arch: &apos;x86_64&apos;, os.version: &apos;10.13.6&apos;, java.version: &apos;1.8.0_191&apos;
Driver info: org.openqa.selenium.chrome.ChromeDriver
Capabilities {acceptInsecureCerts: false, acceptSslCerts: false, applicationCacheEnabled: false, browserConnectionEnabled: false, browserName: chrome, chrome: {chromedriverVersion: 2.45.615355 (d5698f682d8b27..., userDataDir: /var/folders/p4/bzwnsv1x7nb...}, cssSelectorsEnabled: true, databaseEnabled: false, goog:chromeOptions: {debuggerAddress: localhost:55489}, handlesAlerts: true, hasTouchScreen: false, javascriptEnabled: true, locationContextEnabled: true, mobileEmulationEnabled: false, nativeEvents: true, networkConnectionEnabled: false, pageLoadStrategy: normal, platform: MAC, platformName: MAC, proxy: Proxy(), rotatable: false, setWindowRect: true, strictFileInteractability: false, takesHeapSnapshot: true, takesScreenshot: true, timeouts: {implicit: 0, pageLoad: 300000, script: 30000}, unexpectedAlertBehaviour: ignore, unhandledPromptBehavior: ignore, version: 72.0.3626.109, webStorageEnabled: true}
Session ID: 09bec516a16d310d9bd54d88a1905bd0
*** Element info: {Using=xpath, value=//button[contains(text(), &apos;ExtendedSitesCatalogAssetStore&apos;)]}
	at org.openqa.selenium.remote.ErrorHandler.createThrowable(ErrorHandler.java:214)
	at org.openqa.selenium.remote.ErrorHandler.throwIfResponseFailed(ErrorHandler.java:166)
	at org.openqa.selenium.remote.http.JsonHttpResponseCodec.reconstructValue(JsonHttpResponseCodec.java:40)
	at org.openqa.selenium.remote.http.AbstractHttpResponseCodec.decode(AbstractHttpResponseCodec.java:80)
	at org.openqa.selenium.remote.http.AbstractHttpResponseCodec.decode(AbstractHttpResponseCodec.java:44)
	at org.openqa.selenium.remote.HttpCommandExecutor.execute(HttpCommandExecutor.java:158)
	at org.openqa.selenium.remote.service.DriverCommandExecutor.execute(DriverCommandExecutor.java:83)
	at org.openqa.selenium.remote.RemoteWebDriver.execute(RemoteWebDriver.java:548)
	at org.openqa.selenium.remote.RemoteWebDriver.findElement(RemoteWebDriver.java:322)
	at org.openqa.selenium.remote.RemoteWebDriver.findElementByXPath(RemoteWebDriver.java:424)
	at org.openqa.selenium.By$ByXPath.findElement(By.java:353)
	at org.openqa.selenium.remote.RemoteWebDriver.findElement(RemoteWebDriver.java:314)
	at org.openqa.selenium.support.pagefactory.DefaultElementLocator.findElement(DefaultElementLocator.java:69)
	at org.openqa.selenium.support.pagefactory.internal.LocatingElementHandler.invoke(LocatingElementHandler.java:38)
	at com.sun.proxy.$Proxy26.click(Unknown Source)
	at com.ibm.commerce.cmc.ui.utils.TestUtil.clickOnElement(TestUtil.java:30)
	at com.ibm.commerce.cmc.ui.catalogs.pages.ExtendedSitesCatalogAssetStoreCategoriesListPage.clickOnExtendedSitesCatalogAssetStore(ExtendedSitesCatalogAssetStoreCategoriesListPage.java:50)
	at com.ibm.commerce.cmc.catalogs.testcases.ExtendedSitesCatalogAssetStoreCategoriesListTest.setUp(ExtendedSitesCatalogAssetStoreCategoriesListTest.java:29)
... Removed 30 stack frames</div></td></tr></table><p class="totop"><a href="#summary">back to summary</a></p>
<h3 id="m43">com.ibm.commerce.cmc.catalogs.testcases.ExtendedSitesCatalogAssetStoreCategoriesListTest#tearDown</h3><table class="result"><tr><th class="invisible"/></tr></table><p class="totop"><a href="#summary">back to summary</a></p>
<h3 id="m44">com.ibm.commerce.cmc.catalogs.testcases.ExtendedSitesCatalogAssetStoreCategoriesListTest#extendedSitesCatalogAssetStoreCategoriesListPageHeadingTest</h3><table class="result"><tr><th>Exception</th></tr><tr><td><div class="stacktrace">org.openqa.selenium.NoSuchElementException: no such element: Unable to locate element: {&quot;method&quot;:&quot;xpath&quot;,&quot;selector&quot;:&quot;//button[contains(text(), &apos;ExtendedSitesCatalogAssetStore&apos;)]&quot;}
  (Session info: chrome=72.0.3626.109)
  (Driver info: chromedriver=2.45.615355 (d5698f682d8b2742017df6c81e0bd8e6a3063189),platform=Mac OS X 10.13.6 x86_64) (WARNING: The server did not provide any stacktrace information)
Command duration or timeout: 0 milliseconds
For documentation on this error, please visit: http://seleniumhq.org/exceptions/no_such_element.html
Build info: version: &apos;3.14.0&apos;, revision: &apos;aacccce0&apos;, time: &apos;2018-08-02T20:19:58.91Z&apos;
System info: host: &apos;Narasimharaos-MacBook-Pro.local&apos;, ip: &apos;fe80:0:0:0:141e:406d:ad08:5e79%en0&apos;, os.name: &apos;Mac OS X&apos;, os.arch: &apos;x86_64&apos;, os.version: &apos;10.13.6&apos;, java.version: &apos;1.8.0_191&apos;
Driver info: org.openqa.selenium.chrome.ChromeDriver
Capabilities {acceptInsecureCerts: false, acceptSslCerts: false, applicationCacheEnabled: false, browserConnectionEnabled: false, browserName: chrome, chrome: {chromedriverVersion: 2.45.615355 (d5698f682d8b27..., userDataDir: /var/folders/p4/bzwnsv1x7nb...}, cssSelectorsEnabled: true, databaseEnabled: false, goog:chromeOptions: {debuggerAddress: localhost:55489}, handlesAlerts: true, hasTouchScreen: false, javascriptEnabled: true, locationContextEnabled: true, mobileEmulationEnabled: false, nativeEvents: true, networkConnectionEnabled: false, pageLoadStrategy: normal, platform: MAC, platformName: MAC, proxy: Proxy(), rotatable: false, setWindowRect: true, strictFileInteractability: false, takesHeapSnapshot: true, takesScreenshot: true, timeouts: {implicit: 0, pageLoad: 300000, script: 30000}, unexpectedAlertBehaviour: ignore, unhandledPromptBehavior: ignore, version: 72.0.3626.109, webStorageEnabled: true}
Session ID: 09bec516a16d310d9bd54d88a1905bd0
*** Element info: {Using=xpath, value=//button[contains(text(), &apos;ExtendedSitesCatalogAssetStore&apos;)]}
	at org.openqa.selenium.remote.ErrorHandler.createThrowable(ErrorHandler.java:214)
	at org.openqa.selenium.remote.ErrorHandler.throwIfResponseFailed(ErrorHandler.java:166)
	at org.openqa.selenium.remote.http.JsonHttpResponseCodec.reconstructValue(JsonHttpResponseCodec.java:40)
	at org.openqa.selenium.remote.http.AbstractHttpResponseCodec.decode(AbstractHttpResponseCodec.java:80)
	at org.openqa.selenium.remote.http.AbstractHttpResponseCodec.decode(AbstractHttpResponseCodec.java:44)
	at org.openqa.selenium.remote.HttpCommandExecutor.execute(HttpCommandExecutor.java:158)
	at org.openqa.selenium.remote.service.DriverCommandExecutor.execute(DriverCommandExecutor.java:83)
	at org.openqa.selenium.remote.RemoteWebDriver.execute(RemoteWebDriver.java:548)
	at org.openqa.selenium.remote.RemoteWebDriver.findElement(RemoteWebDriver.java:322)
	at org.openqa.selenium.remote.RemoteWebDriver.findElementByXPath(RemoteWebDriver.java:424)
	at org.openqa.selenium.By$ByXPath.findElement(By.java:353)
	at org.openqa.selenium.remote.RemoteWebDriver.findElement(RemoteWebDriver.java:314)
	at org.openqa.selenium.support.pagefactory.DefaultElementLocator.findElement(DefaultElementLocator.java:69)
	at org.openqa.selenium.support.pagefactory.internal.LocatingElementHandler.invoke(LocatingElementHandler.java:38)
	at com.sun.proxy.$Proxy26.click(Unknown Source)
	at com.ibm.commerce.cmc.ui.utils.TestUtil.clickOnElement(TestUtil.java:30)
	at com.ibm.commerce.cmc.ui.catalogs.pages.ExtendedSitesCatalogAssetStoreCategoriesListPage.clickOnExtendedSitesCatalogAssetStore(ExtendedSitesCatalogAssetStoreCategoriesListPage.java:50)
	at com.ibm.commerce.cmc.catalogs.testcases.ExtendedSitesCatalogAssetStoreCategoriesListTest.setUp(ExtendedSitesCatalogAssetStoreCategoriesListTest.java:29)
... Removed 30 stack frames</div></td></tr></table><p class="totop"><a href="#summary">back to summary</a></p>
<h3 id="m45">com.ibm.commerce.cmc.catalogs.testcases.ExtendedSitesCatalogAssetStoreCategoriesListTest#verifyAllColumnsClickable</h3><table class="result"><tr><th>Exception</th></tr><tr><td><div class="stacktrace">org.openqa.selenium.NoSuchElementException: no such element: Unable to locate element: {&quot;method&quot;:&quot;xpath&quot;,&quot;selector&quot;:&quot;//button[contains(text(), &apos;ExtendedSitesCatalogAssetStore&apos;)]&quot;}
  (Session info: chrome=72.0.3626.109)
  (Driver info: chromedriver=2.45.615355 (d5698f682d8b2742017df6c81e0bd8e6a3063189),platform=Mac OS X 10.13.6 x86_64) (WARNING: The server did not provide any stacktrace information)
Command duration or timeout: 0 milliseconds
For documentation on this error, please visit: http://seleniumhq.org/exceptions/no_such_element.html
Build info: version: &apos;3.14.0&apos;, revision: &apos;aacccce0&apos;, time: &apos;2018-08-02T20:19:58.91Z&apos;
System info: host: &apos;Narasimharaos-MacBook-Pro.local&apos;, ip: &apos;fe80:0:0:0:141e:406d:ad08:5e79%en0&apos;, os.name: &apos;Mac OS X&apos;, os.arch: &apos;x86_64&apos;, os.version: &apos;10.13.6&apos;, java.version: &apos;1.8.0_191&apos;
Driver info: org.openqa.selenium.chrome.ChromeDriver
Capabilities {acceptInsecureCerts: false, acceptSslCerts: false, applicationCacheEnabled: false, browserConnectionEnabled: false, browserName: chrome, chrome: {chromedriverVersion: 2.45.615355 (d5698f682d8b27..., userDataDir: /var/folders/p4/bzwnsv1x7nb...}, cssSelectorsEnabled: true, databaseEnabled: false, goog:chromeOptions: {debuggerAddress: localhost:55489}, handlesAlerts: true, hasTouchScreen: false, javascriptEnabled: true, locationContextEnabled: true, mobileEmulationEnabled: false, nativeEvents: true, networkConnectionEnabled: false, pageLoadStrategy: normal, platform: MAC, platformName: MAC, proxy: Proxy(), rotatable: false, setWindowRect: true, strictFileInteractability: false, takesHeapSnapshot: true, takesScreenshot: true, timeouts: {implicit: 0, pageLoad: 300000, script: 30000}, unexpectedAlertBehaviour: ignore, unhandledPromptBehavior: ignore, version: 72.0.3626.109, webStorageEnabled: true}
Session ID: 09bec516a16d310d9bd54d88a1905bd0
*** Element info: {Using=xpath, value=//button[contains(text(), &apos;ExtendedSitesCatalogAssetStore&apos;)]}
	at org.openqa.selenium.remote.ErrorHandler.createThrowable(ErrorHandler.java:214)
	at org.openqa.selenium.remote.ErrorHandler.throwIfResponseFailed(ErrorHandler.java:166)
	at org.openqa.selenium.remote.http.JsonHttpResponseCodec.reconstructValue(JsonHttpResponseCodec.java:40)
	at org.openqa.selenium.remote.http.AbstractHttpResponseCodec.decode(AbstractHttpResponseCodec.java:80)
	at org.openqa.selenium.remote.http.AbstractHttpResponseCodec.decode(AbstractHttpResponseCodec.java:44)
	at org.openqa.selenium.remote.HttpCommandExecutor.execute(HttpCommandExecutor.java:158)
	at org.openqa.selenium.remote.service.DriverCommandExecutor.execute(DriverCommandExecutor.java:83)
	at org.openqa.selenium.remote.RemoteWebDriver.execute(RemoteWebDriver.java:548)
	at org.openqa.selenium.remote.RemoteWebDriver.findElement(RemoteWebDriver.java:322)
	at org.openqa.selenium.remote.RemoteWebDriver.findElementByXPath(RemoteWebDriver.java:424)
	at org.openqa.selenium.By$ByXPath.findElement(By.java:353)
	at org.openqa.selenium.remote.RemoteWebDriver.findElement(RemoteWebDriver.java:314)
	at org.openqa.selenium.support.pagefactory.DefaultElementLocator.findElement(DefaultElementLocator.java:69)
	at org.openqa.selenium.support.pagefactory.internal.LocatingElementHandler.invoke(LocatingElementHandler.java:38)
	at com.sun.proxy.$Proxy26.click(Unknown Source)
	at com.ibm.commerce.cmc.ui.utils.TestUtil.clickOnElement(TestUtil.java:30)
	at com.ibm.commerce.cmc.ui.catalogs.pages.ExtendedSitesCatalogAssetStoreCategoriesListPage.clickOnExtendedSitesCatalogAssetStore(ExtendedSitesCatalogAssetStoreCategoriesListPage.java:50)
	at com.ibm.commerce.cmc.catalogs.testcases.ExtendedSitesCatalogAssetStoreCategoriesListTest.setUp(ExtendedSitesCatalogAssetStoreCategoriesListTest.java:29)
... Removed 30 stack frames</div></td></tr></table><p class="totop"><a href="#summary">back to summary</a></p>
<h3 id="m46">com.ibm.commerce.cmc.catalogs.testcases.ExtendedSitesCatalogAssetStoreCategoriesListTest#verifyAllColumnsDisplayedOnThePage</h3><table class="result"><tr><th>Exception</th></tr><tr><td><div class="stacktrace">org.openqa.selenium.NoSuchElementException: no such element: Unable to locate element: {&quot;method&quot;:&quot;xpath&quot;,&quot;selector&quot;:&quot;//button[contains(text(), &apos;ExtendedSitesCatalogAssetStore&apos;)]&quot;}
  (Session info: chrome=72.0.3626.109)
  (Driver info: chromedriver=2.45.615355 (d5698f682d8b2742017df6c81e0bd8e6a3063189),platform=Mac OS X 10.13.6 x86_64) (WARNING: The server did not provide any stacktrace information)
Command duration or timeout: 0 milliseconds
For documentation on this error, please visit: http://seleniumhq.org/exceptions/no_such_element.html
Build info: version: &apos;3.14.0&apos;, revision: &apos;aacccce0&apos;, time: &apos;2018-08-02T20:19:58.91Z&apos;
System info: host: &apos;Narasimharaos-MacBook-Pro.local&apos;, ip: &apos;fe80:0:0:0:141e:406d:ad08:5e79%en0&apos;, os.name: &apos;Mac OS X&apos;, os.arch: &apos;x86_64&apos;, os.version: &apos;10.13.6&apos;, java.version: &apos;1.8.0_191&apos;
Driver info: org.openqa.selenium.chrome.ChromeDriver
Capabilities {acceptInsecureCerts: false, acceptSslCerts: false, applicationCacheEnabled: false, browserConnectionEnabled: false, browserName: chrome, chrome: {chromedriverVersion: 2.45.615355 (d5698f682d8b27..., userDataDir: /var/folders/p4/bzwnsv1x7nb...}, cssSelectorsEnabled: true, databaseEnabled: false, goog:chromeOptions: {debuggerAddress: localhost:55489}, handlesAlerts: true, hasTouchScreen: false, javascriptEnabled: true, locationContextEnabled: true, mobileEmulationEnabled: false, nativeEvents: true, networkConnectionEnabled: false, pageLoadStrategy: normal, platform: MAC, platformName: MAC, proxy: Proxy(), rotatable: false, setWindowRect: true, strictFileInteractability: false, takesHeapSnapshot: true, takesScreenshot: true, timeouts: {implicit: 0, pageLoad: 300000, script: 30000}, unexpectedAlertBehaviour: ignore, unhandledPromptBehavior: ignore, version: 72.0.3626.109, webStorageEnabled: true}
Session ID: 09bec516a16d310d9bd54d88a1905bd0
*** Element info: {Using=xpath, value=//button[contains(text(), &apos;ExtendedSitesCatalogAssetStore&apos;)]}
	at org.openqa.selenium.remote.ErrorHandler.createThrowable(ErrorHandler.java:214)
	at org.openqa.selenium.remote.ErrorHandler.throwIfResponseFailed(ErrorHandler.java:166)
	at org.openqa.selenium.remote.http.JsonHttpResponseCodec.reconstructValue(JsonHttpResponseCodec.java:40)
	at org.openqa.selenium.remote.http.AbstractHttpResponseCodec.decode(AbstractHttpResponseCodec.java:80)
	at org.openqa.selenium.remote.http.AbstractHttpResponseCodec.decode(AbstractHttpResponseCodec.java:44)
	at org.openqa.selenium.remote.HttpCommandExecutor.execute(HttpCommandExecutor.java:158)
	at org.openqa.selenium.remote.service.DriverCommandExecutor.execute(DriverCommandExecutor.java:83)
	at org.openqa.selenium.remote.RemoteWebDriver.execute(RemoteWebDriver.java:548)
	at org.openqa.selenium.remote.RemoteWebDriver.findElement(RemoteWebDriver.java:322)
	at org.openqa.selenium.remote.RemoteWebDriver.findElementByXPath(RemoteWebDriver.java:424)
	at org.openqa.selenium.By$ByXPath.findElement(By.java:353)
	at org.openqa.selenium.remote.RemoteWebDriver.findElement(RemoteWebDriver.java:314)
	at org.openqa.selenium.support.pagefactory.DefaultElementLocator.findElement(DefaultElementLocator.java:69)
	at org.openqa.selenium.support.pagefactory.internal.LocatingElementHandler.invoke(LocatingElementHandler.java:38)
	at com.sun.proxy.$Proxy26.click(Unknown Source)
	at com.ibm.commerce.cmc.ui.utils.TestUtil.clickOnElement(TestUtil.java:30)
	at com.ibm.commerce.cmc.ui.catalogs.pages.ExtendedSitesCatalogAssetStoreCategoriesListPage.clickOnExtendedSitesCatalogAssetStore(ExtendedSitesCatalogAssetStoreCategoriesListPage.java:50)
	at com.ibm.commerce.cmc.catalogs.testcases.ExtendedSitesCatalogAssetStoreCategoriesListTest.setUp(ExtendedSitesCatalogAssetStoreCategoriesListTest.java:29)
... Removed 30 stack frames</div></td></tr></table><p class="totop"><a href="#summary">back to summary</a></p>
<h2>SearchResultsPage</h2><h3 id="m47">com.ibm.commerce.cmc.catalogs.testcases.SearchResultsPageTest#setUp</h3><table class="result"><tr><th>Exception</th></tr><tr><td><div class="stacktrace">org.openqa.selenium.NoSuchElementException: no such element: Unable to locate element: {&quot;method&quot;:&quot;xpath&quot;,&quot;selector&quot;:&quot;//button[contains(text(),&apos;Search Result&apos;)]&quot;}
  (Session info: chrome=72.0.3626.109)
  (Driver info: chromedriver=2.45.615355 (d5698f682d8b2742017df6c81e0bd8e6a3063189),platform=Mac OS X 10.13.6 x86_64) (WARNING: The server did not provide any stacktrace information)
Command duration or timeout: 0 milliseconds
For documentation on this error, please visit: http://seleniumhq.org/exceptions/no_such_element.html
Build info: version: &apos;3.14.0&apos;, revision: &apos;aacccce0&apos;, time: &apos;2018-08-02T20:19:58.91Z&apos;
System info: host: &apos;Narasimharaos-MacBook-Pro.local&apos;, ip: &apos;fe80:0:0:0:141e:406d:ad08:5e79%en0&apos;, os.name: &apos;Mac OS X&apos;, os.arch: &apos;x86_64&apos;, os.version: &apos;10.13.6&apos;, java.version: &apos;1.8.0_191&apos;
Driver info: org.openqa.selenium.chrome.ChromeDriver
Capabilities {acceptInsecureCerts: false, acceptSslCerts: false, applicationCacheEnabled: false, browserConnectionEnabled: false, browserName: chrome, chrome: {chromedriverVersion: 2.45.615355 (d5698f682d8b27..., userDataDir: /var/folders/p4/bzwnsv1x7nb...}, cssSelectorsEnabled: true, databaseEnabled: false, goog:chromeOptions: {debuggerAddress: localhost:55612}, handlesAlerts: true, hasTouchScreen: false, javascriptEnabled: true, locationContextEnabled: true, mobileEmulationEnabled: false, nativeEvents: true, networkConnectionEnabled: false, pageLoadStrategy: normal, platform: MAC, platformName: MAC, proxy: Proxy(), rotatable: false, setWindowRect: true, strictFileInteractability: false, takesHeapSnapshot: true, takesScreenshot: true, timeouts: {implicit: 0, pageLoad: 300000, script: 30000}, unexpectedAlertBehaviour: ignore, unhandledPromptBehavior: ignore, version: 72.0.3626.109, webStorageEnabled: true}
Session ID: 6b914f2711082c8021c1e0c83f7cbd5c
*** Element info: {Using=xpath, value=//button[contains(text(),&apos;Search Result&apos;)]}
	at org.openqa.selenium.remote.ErrorHandler.createThrowable(ErrorHandler.java:214)
	at org.openqa.selenium.remote.ErrorHandler.throwIfResponseFailed(ErrorHandler.java:166)
	at org.openqa.selenium.remote.http.JsonHttpResponseCodec.reconstructValue(JsonHttpResponseCodec.java:40)
	at org.openqa.selenium.remote.http.AbstractHttpResponseCodec.decode(AbstractHttpResponseCodec.java:80)
	at org.openqa.selenium.remote.http.AbstractHttpResponseCodec.decode(AbstractHttpResponseCodec.java:44)
	at org.openqa.selenium.remote.HttpCommandExecutor.execute(HttpCommandExecutor.java:158)
	at org.openqa.selenium.remote.service.DriverCommandExecutor.execute(DriverCommandExecutor.java:83)
	at org.openqa.selenium.remote.RemoteWebDriver.execute(RemoteWebDriver.java:548)
	at org.openqa.selenium.remote.RemoteWebDriver.findElement(RemoteWebDriver.java:322)
	at org.openqa.selenium.remote.RemoteWebDriver.findElementByXPath(RemoteWebDriver.java:424)
	at org.openqa.selenium.By$ByXPath.findElement(By.java:353)
	at org.openqa.selenium.remote.RemoteWebDriver.findElement(RemoteWebDriver.java:314)
	at org.openqa.selenium.support.pagefactory.DefaultElementLocator.findElement(DefaultElementLocator.java:69)
	at org.openqa.selenium.support.pagefactory.internal.LocatingElementHandler.invoke(LocatingElementHandler.java:38)
	at com.sun.proxy.$Proxy26.click(Unknown Source)
	at com.ibm.commerce.cmc.ui.utils.TestUtil.clickOnElement(TestUtil.java:30)
	at com.ibm.commerce.cmc.ui.catalogs.pages.SearchResultsPage.clickOnSearchResults(SearchResultsPage.java:61)
	at com.ibm.commerce.cmc.catalogs.testcases.SearchResultsPageTest.setUp(SearchResultsPageTest.java:26)
... Removed 30 stack frames</div></td></tr></table><p class="totop"><a href="#summary">back to summary</a></p>
<h3 id="m48">com.ibm.commerce.cmc.catalogs.testcases.SearchResultsPageTest#tearDown</h3><table class="result"><tr><th class="invisible"/></tr></table><p class="totop"><a href="#summary">back to summary</a></p>
<h3 id="m49">com.ibm.commerce.cmc.catalogs.testcases.SearchResultsPageTest#searchResultsPageHeadingTest</h3><table class="result"><tr><th>Exception</th></tr><tr><td><div class="stacktrace">org.openqa.selenium.NoSuchElementException: no such element: Unable to locate element: {&quot;method&quot;:&quot;xpath&quot;,&quot;selector&quot;:&quot;//button[contains(text(),&apos;Search Result&apos;)]&quot;}
  (Session info: chrome=72.0.3626.109)
  (Driver info: chromedriver=2.45.615355 (d5698f682d8b2742017df6c81e0bd8e6a3063189),platform=Mac OS X 10.13.6 x86_64) (WARNING: The server did not provide any stacktrace information)
Command duration or timeout: 0 milliseconds
For documentation on this error, please visit: http://seleniumhq.org/exceptions/no_such_element.html
Build info: version: &apos;3.14.0&apos;, revision: &apos;aacccce0&apos;, time: &apos;2018-08-02T20:19:58.91Z&apos;
System info: host: &apos;Narasimharaos-MacBook-Pro.local&apos;, ip: &apos;fe80:0:0:0:141e:406d:ad08:5e79%en0&apos;, os.name: &apos;Mac OS X&apos;, os.arch: &apos;x86_64&apos;, os.version: &apos;10.13.6&apos;, java.version: &apos;1.8.0_191&apos;
Driver info: org.openqa.selenium.chrome.ChromeDriver
Capabilities {acceptInsecureCerts: false, acceptSslCerts: false, applicationCacheEnabled: false, browserConnectionEnabled: false, browserName: chrome, chrome: {chromedriverVersion: 2.45.615355 (d5698f682d8b27..., userDataDir: /var/folders/p4/bzwnsv1x7nb...}, cssSelectorsEnabled: true, databaseEnabled: false, goog:chromeOptions: {debuggerAddress: localhost:55612}, handlesAlerts: true, hasTouchScreen: false, javascriptEnabled: true, locationContextEnabled: true, mobileEmulationEnabled: false, nativeEvents: true, networkConnectionEnabled: false, pageLoadStrategy: normal, platform: MAC, platformName: MAC, proxy: Proxy(), rotatable: false, setWindowRect: true, strictFileInteractability: false, takesHeapSnapshot: true, takesScreenshot: true, timeouts: {implicit: 0, pageLoad: 300000, script: 30000}, unexpectedAlertBehaviour: ignore, unhandledPromptBehavior: ignore, version: 72.0.3626.109, webStorageEnabled: true}
Session ID: 6b914f2711082c8021c1e0c83f7cbd5c
*** Element info: {Using=xpath, value=//button[contains(text(),&apos;Search Result&apos;)]}
	at org.openqa.selenium.remote.ErrorHandler.createThrowable(ErrorHandler.java:214)
	at org.openqa.selenium.remote.ErrorHandler.throwIfResponseFailed(ErrorHandler.java:166)
	at org.openqa.selenium.remote.http.JsonHttpResponseCodec.reconstructValue(JsonHttpResponseCodec.java:40)
	at org.openqa.selenium.remote.http.AbstractHttpResponseCodec.decode(AbstractHttpResponseCodec.java:80)
	at org.openqa.selenium.remote.http.AbstractHttpResponseCodec.decode(AbstractHttpResponseCodec.java:44)
	at org.openqa.selenium.remote.HttpCommandExecutor.execute(HttpCommandExecutor.java:158)
	at org.openqa.selenium.remote.service.DriverCommandExecutor.execute(DriverCommandExecutor.java:83)
	at org.openqa.selenium.remote.RemoteWebDriver.execute(RemoteWebDriver.java:548)
	at org.openqa.selenium.remote.RemoteWebDriver.findElement(RemoteWebDriver.java:322)
	at org.openqa.selenium.remote.RemoteWebDriver.findElementByXPath(RemoteWebDriver.java:424)
	at org.openqa.selenium.By$ByXPath.findElement(By.java:353)
	at org.openqa.selenium.remote.RemoteWebDriver.findElement(RemoteWebDriver.java:314)
	at org.openqa.selenium.support.pagefactory.DefaultElementLocator.findElement(DefaultElementLocator.java:69)
	at org.openqa.selenium.support.pagefactory.internal.LocatingElementHandler.invoke(LocatingElementHandler.java:38)
	at com.sun.proxy.$Proxy26.click(Unknown Source)
	at com.ibm.commerce.cmc.ui.utils.TestUtil.clickOnElement(TestUtil.java:30)
	at com.ibm.commerce.cmc.ui.catalogs.pages.SearchResultsPage.clickOnSearchResults(SearchResultsPage.java:61)
	at com.ibm.commerce.cmc.catalogs.testcases.SearchResultsPageTest.setUp(SearchResultsPageTest.java:26)
... Removed 30 stack frames</div></td></tr></table><p class="totop"><a href="#summary">back to summary</a></p>
<h3 id="m50">com.ibm.commerce.cmc.catalogs.testcases.SearchResultsPageTest#verifyAllColumnsDisplayedOnThePage</h3><table class="result"><tr><th>Exception</th></tr><tr><td><div class="stacktrace">org.openqa.selenium.NoSuchElementException: no such element: Unable to locate element: {&quot;method&quot;:&quot;xpath&quot;,&quot;selector&quot;:&quot;//button[contains(text(),&apos;Search Result&apos;)]&quot;}
  (Session info: chrome=72.0.3626.109)
  (Driver info: chromedriver=2.45.615355 (d5698f682d8b2742017df6c81e0bd8e6a3063189),platform=Mac OS X 10.13.6 x86_64) (WARNING: The server did not provide any stacktrace information)
Command duration or timeout: 0 milliseconds
For documentation on this error, please visit: http://seleniumhq.org/exceptions/no_such_element.html
Build info: version: &apos;3.14.0&apos;, revision: &apos;aacccce0&apos;, time: &apos;2018-08-02T20:19:58.91Z&apos;
System info: host: &apos;Narasimharaos-MacBook-Pro.local&apos;, ip: &apos;fe80:0:0:0:141e:406d:ad08:5e79%en0&apos;, os.name: &apos;Mac OS X&apos;, os.arch: &apos;x86_64&apos;, os.version: &apos;10.13.6&apos;, java.version: &apos;1.8.0_191&apos;
Driver info: org.openqa.selenium.chrome.ChromeDriver
Capabilities {acceptInsecureCerts: false, acceptSslCerts: false, applicationCacheEnabled: false, browserConnectionEnabled: false, browserName: chrome, chrome: {chromedriverVersion: 2.45.615355 (d5698f682d8b27..., userDataDir: /var/folders/p4/bzwnsv1x7nb...}, cssSelectorsEnabled: true, databaseEnabled: false, goog:chromeOptions: {debuggerAddress: localhost:55612}, handlesAlerts: true, hasTouchScreen: false, javascriptEnabled: true, locationContextEnabled: true, mobileEmulationEnabled: false, nativeEvents: true, networkConnectionEnabled: false, pageLoadStrategy: normal, platform: MAC, platformName: MAC, proxy: Proxy(), rotatable: false, setWindowRect: true, strictFileInteractability: false, takesHeapSnapshot: true, takesScreenshot: true, timeouts: {implicit: 0, pageLoad: 300000, script: 30000}, unexpectedAlertBehaviour: ignore, unhandledPromptBehavior: ignore, version: 72.0.3626.109, webStorageEnabled: true}
Session ID: 6b914f2711082c8021c1e0c83f7cbd5c
*** Element info: {Using=xpath, value=//button[contains(text(),&apos;Search Result&apos;)]}
	at org.openqa.selenium.remote.ErrorHandler.createThrowable(ErrorHandler.java:214)
	at org.openqa.selenium.remote.ErrorHandler.throwIfResponseFailed(ErrorHandler.java:166)
	at org.openqa.selenium.remote.http.JsonHttpResponseCodec.reconstructValue(JsonHttpResponseCodec.java:40)
	at org.openqa.selenium.remote.http.AbstractHttpResponseCodec.decode(AbstractHttpResponseCodec.java:80)
	at org.openqa.selenium.remote.http.AbstractHttpResponseCodec.decode(AbstractHttpResponseCodec.java:44)
	at org.openqa.selenium.remote.HttpCommandExecutor.execute(HttpCommandExecutor.java:158)
	at org.openqa.selenium.remote.service.DriverCommandExecutor.execute(DriverCommandExecutor.java:83)
	at org.openqa.selenium.remote.RemoteWebDriver.execute(RemoteWebDriver.java:548)
	at org.openqa.selenium.remote.RemoteWebDriver.findElement(RemoteWebDriver.java:322)
	at org.openqa.selenium.remote.RemoteWebDriver.findElementByXPath(RemoteWebDriver.java:424)
	at org.openqa.selenium.By$ByXPath.findElement(By.java:353)
	at org.openqa.selenium.remote.RemoteWebDriver.findElement(RemoteWebDriver.java:314)
	at org.openqa.selenium.support.pagefactory.DefaultElementLocator.findElement(DefaultElementLocator.java:69)
	at org.openqa.selenium.support.pagefactory.internal.LocatingElementHandler.invoke(LocatingElementHandler.java:38)
	at com.sun.proxy.$Proxy26.click(Unknown Source)
	at com.ibm.commerce.cmc.ui.utils.TestUtil.clickOnElement(TestUtil.java:30)
	at com.ibm.commerce.cmc.ui.catalogs.pages.SearchResultsPage.clickOnSearchResults(SearchResultsPage.java:61)
	at com.ibm.commerce.cmc.catalogs.testcases.SearchResultsPageTest.setUp(SearchResultsPageTest.java:26)
... Removed 30 stack frames</div></td></tr></table><p class="totop"><a href="#summary">back to summary</a></p>
<h3 id="m51">com.ibm.commerce.cmc.catalogs.testcases.SearchResultsPageTest#veriverifyAllColumnsClickable</h3><table class="result"><tr><th>Exception</th></tr><tr><td><div class="stacktrace">org.openqa.selenium.NoSuchElementException: no such element: Unable to locate element: {&quot;method&quot;:&quot;xpath&quot;,&quot;selector&quot;:&quot;//button[contains(text(),&apos;Search Result&apos;)]&quot;}
  (Session info: chrome=72.0.3626.109)
  (Driver info: chromedriver=2.45.615355 (d5698f682d8b2742017df6c81e0bd8e6a3063189),platform=Mac OS X 10.13.6 x86_64) (WARNING: The server did not provide any stacktrace information)
Command duration or timeout: 0 milliseconds
For documentation on this error, please visit: http://seleniumhq.org/exceptions/no_such_element.html
Build info: version: &apos;3.14.0&apos;, revision: &apos;aacccce0&apos;, time: &apos;2018-08-02T20:19:58.91Z&apos;
System info: host: &apos;Narasimharaos-MacBook-Pro.local&apos;, ip: &apos;fe80:0:0:0:141e:406d:ad08:5e79%en0&apos;, os.name: &apos;Mac OS X&apos;, os.arch: &apos;x86_64&apos;, os.version: &apos;10.13.6&apos;, java.version: &apos;1.8.0_191&apos;
Driver info: org.openqa.selenium.chrome.ChromeDriver
Capabilities {acceptInsecureCerts: false, acceptSslCerts: false, applicationCacheEnabled: false, browserConnectionEnabled: false, browserName: chrome, chrome: {chromedriverVersion: 2.45.615355 (d5698f682d8b27..., userDataDir: /var/folders/p4/bzwnsv1x7nb...}, cssSelectorsEnabled: true, databaseEnabled: false, goog:chromeOptions: {debuggerAddress: localhost:55612}, handlesAlerts: true, hasTouchScreen: false, javascriptEnabled: true, locationContextEnabled: true, mobileEmulationEnabled: false, nativeEvents: true, networkConnectionEnabled: false, pageLoadStrategy: normal, platform: MAC, platformName: MAC, proxy: Proxy(), rotatable: false, setWindowRect: true, strictFileInteractability: false, takesHeapSnapshot: true, takesScreenshot: true, timeouts: {implicit: 0, pageLoad: 300000, script: 30000}, unexpectedAlertBehaviour: ignore, unhandledPromptBehavior: ignore, version: 72.0.3626.109, webStorageEnabled: true}
Session ID: 6b914f2711082c8021c1e0c83f7cbd5c
*** Element info: {Using=xpath, value=//button[contains(text(),&apos;Search Result&apos;)]}
	at org.openqa.selenium.remote.ErrorHandler.createThrowable(ErrorHandler.java:214)
	at org.openqa.selenium.remote.ErrorHandler.throwIfResponseFailed(ErrorHandler.java:166)
	at org.openqa.selenium.remote.http.JsonHttpResponseCodec.reconstructValue(JsonHttpResponseCodec.java:40)
	at org.openqa.selenium.remote.http.AbstractHttpResponseCodec.decode(AbstractHttpResponseCodec.java:80)
	at org.openqa.selenium.remote.http.AbstractHttpResponseCodec.decode(AbstractHttpResponseCodec.java:44)
	at org.openqa.selenium.remote.HttpCommandExecutor.execute(HttpCommandExecutor.java:158)
	at org.openqa.selenium.remote.service.DriverCommandExecutor.execute(DriverCommandExecutor.java:83)
	at org.openqa.selenium.remote.RemoteWebDriver.execute(RemoteWebDriver.java:548)
	at org.openqa.selenium.remote.RemoteWebDriver.findElement(RemoteWebDriver.java:322)
	at org.openqa.selenium.remote.RemoteWebDriver.findElementByXPath(RemoteWebDriver.java:424)
	at org.openqa.selenium.By$ByXPath.findElement(By.java:353)
	at org.openqa.selenium.remote.RemoteWebDriver.findElement(RemoteWebDriver.java:314)
	at org.openqa.selenium.support.pagefactory.DefaultElementLocator.findElement(DefaultElementLocator.java:69)
	at org.openqa.selenium.support.pagefactory.internal.LocatingElementHandler.invoke(LocatingElementHandler.java:38)
	at com.sun.proxy.$Proxy26.click(Unknown Source)
	at com.ibm.commerce.cmc.ui.utils.TestUtil.clickOnElement(TestUtil.java:30)
	at com.ibm.commerce.cmc.ui.catalogs.pages.SearchResultsPage.clickOnSearchResults(SearchResultsPage.java:61)
	at com.ibm.commerce.cmc.catalogs.testcases.SearchResultsPageTest.setUp(SearchResultsPageTest.java:26)
... Removed 30 stack frames</div></td></tr></table><p class="totop"><a href="#summary">back to summary</a></p>
</body>
</html>
