<!DOCTYPE html>

<html>
  <head>
  <meta charset='utf-8'>
  <title>TestNG reports</title>

    <link type="text/css" href="testng-reports.css" rel="stylesheet" />
    <script type="text/javascript" src="jquery-1.7.1.min.js"></script>
    <script type="text/javascript" src="testng-reports.js"></script>
    <script type="text/javascript" src="https://www.google.com/jsapi"></script>
    <script type='text/javascript'>
      google.load('visualization', '1', {packages:['table']});
      google.setOnLoadCallback(drawTable);
      var suiteTableInitFunctions = new Array();
      var suiteTableData = new Array();
    </script>
    <!--
      <script type="text/javascript" src="jquery-ui/js/jquery-ui-1.8.16.custom.min.js"></script>
     -->
  </head>

  <body>
    <div class="top-banner-root">
      <span class="top-banner-title-font">Test results</span>
      <br/>
      <span class="top-banner-font-1">1 suite, 12 failed tests</span>
    </div> <!-- top-banner-root -->
    <div class="navigator-root">
      <div class="navigator-suite-header">
        <span>All suites</span>
        <a href="#" class="collapse-all-link" title="Collapse/expand all the suites">
          <img class="collapse-all-icon" src="collapseall.gif">
          </img> <!-- collapse-all-icon -->
        </a> <!-- collapse-all-link -->
      </div> <!-- navigator-suite-header -->
      <div class="suite">
        <div class="rounded-window">
          <div class="suite-header light-rounded-window-top">
            <a href="#" class="navigator-link" panel-name="suite-Suite">
              <span class="suite-name border-failed">Suite</span>
            </a> <!-- navigator-link -->
          </div> <!-- suite-header light-rounded-window-top -->
          <div class="navigator-suite-content">
            <div class="suite-section-title">
              <span>Info</span>
            </div> <!-- suite-section-title -->
            <div class="suite-section-content">
              <ul>
                <li>
                  <a href="#" class="navigator-link " panel-name="test-xml-Suite">
                    <span>testng.xml</span>
                  </a> <!-- navigator-link  -->
                </li>
                <li>
                  <a href="#" class="navigator-link " panel-name="testlist-Suite">
                    <span class="test-stats">4 tests</span>
                  </a> <!-- navigator-link  -->
                </li>
                <li>
                  <a href="#" class="navigator-link " panel-name="group-Suite">
                    <span>0 groups</span>
                  </a> <!-- navigator-link  -->
                </li>
                <li>
                  <a href="#" class="navigator-link " panel-name="times-Suite">
                    <span>Times</span>
                  </a> <!-- navigator-link  -->
                </li>
                <li>
                  <a href="#" class="navigator-link " panel-name="reporter-Suite">
                    <span>Reporter output</span>
                  </a> <!-- navigator-link  -->
                </li>
                <li>
                  <a href="#" class="navigator-link " panel-name="ignored-methods-Suite">
                    <span>Ignored methods</span>
                  </a> <!-- navigator-link  -->
                </li>
                <li>
                  <a href="#" class="navigator-link " panel-name="chronological-Suite">
                    <span>Chronological view</span>
                  </a> <!-- navigator-link  -->
                </li>
              </ul>
            </div> <!-- suite-section-content -->
            <div class="result-section">
              <div class="suite-section-title">
                <span>Results</span>
              </div> <!-- suite-section-title -->
              <div class="suite-section-content">
                <ul>
                  <li>
                    <span class="method-stats">48 methods, 12 failed,  6 skipped,  30 passed</span>
                  </li>
                  <li>
                    <span class="method-list-title failed">Failed methods</span>
                    <span class="show-or-hide-methods failed">
                      <a href="#" panel-name="suite-Suite" class="hide-methods failed suite-Suite"> (hide)</a> <!-- hide-methods failed suite-Suite -->
                      <a href="#" panel-name="suite-Suite" class="show-methods failed suite-Suite"> (show)</a> <!-- show-methods failed suite-Suite -->
                    </span>
                    <div class="method-list-content failed suite-Suite">
                      <span>
                        <img width="3%" src="failed.png"/>
                        <a href="#" class="method navigator-link" panel-name="suite-Suite" title="com.ibm.commerce.cmc.catalogs.testcases.CreateNewMasterCategoryTest" hash-for-method="validateManageCategoryDisplayAccordionFullImageFieldTest">validateManageCategoryDisplayAccordionFullImageFieldTest</a> <!-- method navigator-link -->
                      </span>
                      <br/>
                      <span>
                        <img width="3%" src="failed.png"/>
                        <a href="#" class="method navigator-link" panel-name="suite-Suite" title="com.ibm.commerce.cmc.catalogs.testcases.CreateNewMasterCategoryTest" hash-for-method="validateManageCategoryGeneralCategoryInformationCodeFieldNameTest">validateManageCategoryGeneralCategoryInformationCodeFieldNameTest</a> <!-- method navigator-link -->
                      </span>
                      <br/>
                      <span>
                        <img width="3%" src="failed.png"/>
                        <a href="#" class="method navigator-link" panel-name="suite-Suite" title="com.ibm.commerce.cmc.catalogs.testcases.CreateNewMasterCategoryTest" hash-for-method="validateSearchEngineOptimizationImageAltTextOverrideDefaultRadioAutoSelectTest">validateSearchEngineOptimizationImageAltTextOverrideDefaultRadioAutoSelectTest</a> <!-- method navigator-link -->
                      </span>
                      <br/>
                      <span>
                        <img width="3%" src="failed.png"/>
                        <a href="#" class="method navigator-link" panel-name="suite-Suite" title="com.ibm.commerce.cmc.catalogs.testcases.CreateNewMasterCategoryTest" hash-for-method="validateSearchEngineOptimizationImageAltTextOverrideDefaultRadioTest">validateSearchEngineOptimizationImageAltTextOverrideDefaultRadioTest</a> <!-- method navigator-link -->
                      </span>
                      <br/>
                      <span>
                        <img width="3%" src="failed.png"/>
                        <a href="#" class="method navigator-link" panel-name="suite-Suite" title="com.ibm.commerce.cmc.catalogs.testcases.CreateNewMasterCategoryTest" hash-for-method="validateSearchEngineOptimizationImageAltTextUseDefaultRadioTest">validateSearchEngineOptimizationImageAltTextUseDefaultRadioTest</a> <!-- method navigator-link -->
                      </span>
                      <br/>
                      <span>
                        <img width="3%" src="failed.png"/>
                        <a href="#" class="method navigator-link" panel-name="suite-Suite" title="com.ibm.commerce.cmc.catalogs.testcases.CreateNewMasterCategoryTest" hash-for-method="validateSearchEngineOptimizationMetaDescriptionOverrideDefaultRadioAutoSelectTest">validateSearchEngineOptimizationMetaDescriptionOverrideDefaultRadioAutoSelectTest</a> <!-- method navigator-link -->
                      </span>
                      <br/>
                      <span>
                        <img width="3%" src="failed.png"/>
                        <a href="#" class="method navigator-link" panel-name="suite-Suite" title="com.ibm.commerce.cmc.catalogs.testcases.CreateNewMasterCategoryTest" hash-for-method="validateSearchEngineOptimizationMetaDescriptionUseDefaultRadioTest">validateSearchEngineOptimizationMetaDescriptionUseDefaultRadioTest</a> <!-- method navigator-link -->
                      </span>
                      <br/>
                      <span>
                        <img width="3%" src="failed.png"/>
                        <a href="#" class="method navigator-link" panel-name="suite-Suite" title="com.ibm.commerce.cmc.catalogs.testcases.CreateNewMasterCategoryTest" hash-for-method="validateSearchEngineOptimizationPageTitleOverrideDefaultRadioAutoSelectTest">validateSearchEngineOptimizationPageTitleOverrideDefaultRadioAutoSelectTest</a> <!-- method navigator-link -->
                      </span>
                      <br/>
                      <span>
                        <img width="3%" src="failed.png"/>
                        <a href="#" class="method navigator-link" panel-name="suite-Suite" title="com.ibm.commerce.cmc.catalogs.testcases.CreateNewMasterCategoryTest" hash-for-method="validateSearchEngineOptimizationPageTitleUseDefaultRadioTest">validateSearchEngineOptimizationPageTitleUseDefaultRadioTest</a> <!-- method navigator-link -->
                      </span>
                      <br/>
                      <span>
                        <img width="3%" src="failed.png"/>
                        <a href="#" class="method navigator-link" panel-name="suite-Suite" title="com.ibm.commerce.cmc.catalogs.testcases.CreateNewMasterCategoryTest" hash-for-method="validateSearchEngineOptimizationURLKeywordFieldTest">validateSearchEngineOptimizationURLKeywordFieldTest</a> <!-- method navigator-link -->
                      </span>
                      <br/>
                      <span>
                        <img width="3%" src="failed.png"/>
                        <a href="#" class="method navigator-link" panel-name="suite-Suite" title="com.ibm.commerce.cmc.catalogs.testcases.CatalogsHomePageTest" hash-for-method="validateStoreSelectionTest">validateStoreSelectionTest</a> <!-- method navigator-link -->
                      </span>
                      <br/>
                      <span>
                        <img width="3%" src="failed.png"/>
                        <a href="#" class="method navigator-link" panel-name="suite-Suite" title="com.ibm.commerce.cmc.catalogs.testcases.CreateNewMasterCategoryTest" hash-for-method="verifyAllColumnsDisplayedUnderAssociatedAssetsTab">verifyAllColumnsDisplayedUnderAssociatedAssetsTab</a> <!-- method navigator-link -->
                      </span>
                      <br/>
                    </div> <!-- method-list-content failed suite-Suite -->
                  </li>
                  <li>
                    <span class="method-list-title skipped">Skipped methods</span>
                    <span class="show-or-hide-methods skipped">
                      <a href="#" panel-name="suite-Suite" class="hide-methods skipped suite-Suite"> (hide)</a> <!-- hide-methods skipped suite-Suite -->
                      <a href="#" panel-name="suite-Suite" class="show-methods skipped suite-Suite"> (show)</a> <!-- show-methods skipped suite-Suite -->
                    </span>
                    <div class="method-list-content skipped suite-Suite">
                      <span>
                        <img width="3%" src="skipped.png"/>
                        <a href="#" class="method navigator-link" panel-name="suite-Suite" title="com.ibm.commerce.cmc.catalogs.testcases.ExtendedSitesCatalogAssetStoreCategoriesListTest" hash-for-method="extendedSitesCatalogAssetStoreCategoriesListPageHeadingTest">extendedSitesCatalogAssetStoreCategoriesListPageHeadingTest</a> <!-- method navigator-link -->
                      </span>
                      <br/>
                      <span>
                        <img width="3%" src="skipped.png"/>
                        <a href="#" class="method navigator-link" panel-name="suite-Suite" title="com.ibm.commerce.cmc.catalogs.testcases.SearchResultsPageTest" hash-for-method="searchResultsPageHeadingTest">searchResultsPageHeadingTest</a> <!-- method navigator-link -->
                      </span>
                      <br/>
                      <span>
                        <img width="3%" src="skipped.png"/>
                        <a href="#" class="method navigator-link" panel-name="suite-Suite" title="com.ibm.commerce.cmc.catalogs.testcases.ExtendedSitesCatalogAssetStoreCategoriesListTest" hash-for-method="verifyAllColumnsClickable">verifyAllColumnsClickable</a> <!-- method navigator-link -->
                      </span>
                      <br/>
                      <span>
                        <img width="3%" src="skipped.png"/>
                        <a href="#" class="method navigator-link" panel-name="suite-Suite" title="com.ibm.commerce.cmc.catalogs.testcases.ExtendedSitesCatalogAssetStoreCategoriesListTest" hash-for-method="verifyAllColumnsDisplayedOnThePage">verifyAllColumnsDisplayedOnThePage</a> <!-- method navigator-link -->
                      </span>
                      <br/>
                      <span>
                        <img width="3%" src="skipped.png"/>
                        <a href="#" class="method navigator-link" panel-name="suite-Suite" title="com.ibm.commerce.cmc.catalogs.testcases.SearchResultsPageTest" hash-for-method="verifyAllColumnsDisplayedOnThePage">verifyAllColumnsDisplayedOnThePage</a> <!-- method navigator-link -->
                      </span>
                      <br/>
                      <span>
                        <img width="3%" src="skipped.png"/>
                        <a href="#" class="method navigator-link" panel-name="suite-Suite" title="com.ibm.commerce.cmc.catalogs.testcases.SearchResultsPageTest" hash-for-method="veriverifyAllColumnsClickable">veriverifyAllColumnsClickable</a> <!-- method navigator-link -->
                      </span>
                      <br/>
                    </div> <!-- method-list-content skipped suite-Suite -->
                  </li>
                  <li>
                    <span class="method-list-title passed">Passed methods</span>
                    <span class="show-or-hide-methods passed">
                      <a href="#" panel-name="suite-Suite" class="hide-methods passed suite-Suite"> (hide)</a> <!-- hide-methods passed suite-Suite -->
                      <a href="#" panel-name="suite-Suite" class="show-methods passed suite-Suite"> (show)</a> <!-- show-methods passed suite-Suite -->
                    </span>
                    <div class="method-list-content passed suite-Suite">
                      <span>
                        <img width="3%" src="passed.png"/>
                        <a href="#" class="method navigator-link" panel-name="suite-Suite" title="com.ibm.commerce.cmc.catalogs.testcases.CatalogsHomePageTest" hash-for-method="catalogHomePageHeadingTest">catalogHomePageHeadingTest</a> <!-- method navigator-link -->
                      </span>
                      <br/>
                      <span>
                        <img width="3%" src="passed.png"/>
                        <a href="#" class="method navigator-link" panel-name="suite-Suite" title="com.ibm.commerce.cmc.catalogs.testcases.CatalogsHomePageTest" hash-for-method="navigatetoNewMasterCategoryPageTest">navigatetoNewMasterCategoryPageTest</a> <!-- method navigator-link -->
                      </span>
                      <br/>
                      <span>
                        <img width="3%" src="passed.png"/>
                        <a href="#" class="method navigator-link" panel-name="suite-Suite" title="com.ibm.commerce.cmc.catalogs.testcases.CreateNewMasterCategoryTest" hash-for-method="newMasterCategoryPageHeadingTest">newMasterCategoryPageHeadingTest</a> <!-- method navigator-link -->
                      </span>
                      <br/>
                      <span>
                        <img width="3%" src="passed.png"/>
                        <a href="#" class="method navigator-link" panel-name="suite-Suite" title="com.ibm.commerce.cmc.catalogs.testcases.CreateNewMasterCategoryTest" hash-for-method="saveNewMasterCategory">saveNewMasterCategory</a> <!-- method navigator-link -->
                      </span>
                      <br/>
                      <span>
                        <img width="3%" src="passed.png"/>
                        <a href="#" class="method navigator-link" panel-name="suite-Suite" title="com.ibm.commerce.cmc.catalogs.testcases.CatalogsHomePageTest" hash-for-method="searchForCategoryOnCatalogsHomePage">searchForCategoryOnCatalogsHomePage</a> <!-- method navigator-link -->
                      </span>
                      <br/>
                      <span>
                        <img width="3%" src="passed.png"/>
                        <a href="#" class="method navigator-link" panel-name="suite-Suite" title="com.ibm.commerce.cmc.catalogs.testcases.CreateNewMasterCategoryTest" hash-for-method="validateAssociatedAssetsTabExistance">validateAssociatedAssetsTabExistance</a> <!-- method navigator-link -->
                      </span>
                      <br/>
                      <span>
                        <img width="3%" src="passed.png"/>
                        <a href="#" class="method navigator-link" panel-name="suite-Suite" title="com.ibm.commerce.cmc.catalogs.testcases.CreateNewMasterCategoryTest" hash-for-method="validateCloseButtonExistance">validateCloseButtonExistance</a> <!-- method navigator-link -->
                      </span>
                      <br/>
                      <span>
                        <img width="3%" src="passed.png"/>
                        <a href="#" class="method navigator-link" panel-name="suite-Suite" title="com.ibm.commerce.cmc.catalogs.testcases.CreateNewMasterCategoryTest" hash-for-method="validateContentTabExistance">validateContentTabExistance</a> <!-- method navigator-link -->
                      </span>
                      <br/>
                      <span>
                        <img width="3%" src="passed.png"/>
                        <a href="#" class="method navigator-link" panel-name="suite-Suite" title="com.ibm.commerce.cmc.catalogs.testcases.CreateNewMasterCategoryTest" hash-for-method="validateManageCategoryDisplayAccordionDisplayToCustomerFieldTest">validateManageCategoryDisplayAccordionDisplayToCustomerFieldTest</a> <!-- method navigator-link -->
                      </span>
                      <br/>
                      <span>
                        <img width="3%" src="passed.png"/>
                        <a href="#" class="method navigator-link" panel-name="suite-Suite" title="com.ibm.commerce.cmc.catalogs.testcases.CreateNewMasterCategoryTest" hash-for-method="validateManageCategoryDisplayAccordionThumbnailFieldTest">validateManageCategoryDisplayAccordionThumbnailFieldTest</a> <!-- method navigator-link -->
                      </span>
                      <br/>
                      <span>
                        <img width="3%" src="passed.png"/>
                        <a href="#" class="method navigator-link" panel-name="suite-Suite" title="com.ibm.commerce.cmc.catalogs.testcases.CreateNewMasterCategoryTest" hash-for-method="validateManageCategoryGeneralCategoryInformationNameFieldTest">validateManageCategoryGeneralCategoryInformationNameFieldTest</a> <!-- method navigator-link -->
                      </span>
                      <br/>
                      <span>
                        <img width="3%" src="passed.png"/>
                        <a href="#" class="method navigator-link" panel-name="suite-Suite" title="com.ibm.commerce.cmc.catalogs.testcases.CreateNewMasterCategoryTest" hash-for-method="validateManageCategoryGeneralCategoryInformationShortDescriptionFieldTest">validateManageCategoryGeneralCategoryInformationShortDescriptionFieldTest</a> <!-- method navigator-link -->
                      </span>
                      <br/>
                      <span>
                        <img width="3%" src="passed.png"/>
                        <a href="#" class="method navigator-link" panel-name="suite-Suite" title="com.ibm.commerce.cmc.catalogs.testcases.CreateNewMasterCategoryTest" hash-for-method="validateManageCategoryGeneralCategoryInformationUniqueIdFieldNameTest">validateManageCategoryGeneralCategoryInformationUniqueIdFieldNameTest</a> <!-- method navigator-link -->
                      </span>
                      <br/>
                      <span>
                        <img width="3%" src="passed.png"/>
                        <a href="#" class="method navigator-link" panel-name="suite-Suite" title="com.ibm.commerce.cmc.catalogs.testcases.CreateNewMasterCategoryTest" hash-for-method="validateManageCategoryInputDisplayAccordionInformationTest">validateManageCategoryInputDisplayAccordionInformationTest</a> <!-- method navigator-link -->
                      </span>
                      <br/>
                      <span>
                        <img width="3%" src="passed.png"/>
                        <a href="#" class="method navigator-link" panel-name="suite-Suite" title="com.ibm.commerce.cmc.catalogs.testcases.CreateNewMasterCategoryTest" hash-for-method="validateManageCategoryInputGeneralCategoryInformationTest">validateManageCategoryInputGeneralCategoryInformationTest</a> <!-- method navigator-link -->
                      </span>
                      <br/>
                      <span>
                        <img width="3%" src="passed.png"/>
                        <a href="#" class="method navigator-link" panel-name="suite-Suite" title="com.ibm.commerce.cmc.catalogs.testcases.CreateNewMasterCategoryTest" hash-for-method="validateManageCategoryObjectPropertiesAssociatedStoreDisplayedTest">validateManageCategoryObjectPropertiesAssociatedStoreDisplayedTest</a> <!-- method navigator-link -->
                      </span>
                      <br/>
                      <span>
                        <img width="3%" src="passed.png"/>
                        <a href="#" class="method navigator-link" panel-name="suite-Suite" title="com.ibm.commerce.cmc.catalogs.testcases.CreateNewMasterCategoryTest" hash-for-method="validateManageCategoryObjectPropertiesAssociatedStoreTest">validateManageCategoryObjectPropertiesAssociatedStoreTest</a> <!-- method navigator-link -->
                      </span>
                      <br/>
                      <span>
                        <img width="3%" src="passed.png"/>
                        <a href="#" class="method navigator-link" panel-name="suite-Suite" title="com.ibm.commerce.cmc.catalogs.testcases.CreateNewMasterCategoryTest" hash-for-method="validateManageCategoryTabExistance">validateManageCategoryTabExistance</a> <!-- method navigator-link -->
                      </span>
                      <br/>
                      <span>
                        <img width="3%" src="passed.png"/>
                        <a href="#" class="method navigator-link" panel-name="suite-Suite" title="com.ibm.commerce.cmc.catalogs.testcases.CreateNewMasterCategoryTest" hash-for-method="validateReferencesTabExistance">validateReferencesTabExistance</a> <!-- method navigator-link -->
                      </span>
                      <br/>
                      <span>
                        <img width="3%" src="passed.png"/>
                        <a href="#" class="method navigator-link" panel-name="suite-Suite" title="com.ibm.commerce.cmc.catalogs.testcases.CreateNewMasterCategoryTest" hash-for-method="validateSaveButtonExistance">validateSaveButtonExistance</a> <!-- method navigator-link -->
                      </span>
                      <br/>
                      <span>
                        <img width="3%" src="passed.png"/>
                        <a href="#" class="method navigator-link" panel-name="suite-Suite" title="com.ibm.commerce.cmc.catalogs.testcases.CreateNewMasterCategoryTest" hash-for-method="validateSaveandPreviewButtonExistance">validateSaveandPreviewButtonExistance</a> <!-- method navigator-link -->
                      </span>
                      <br/>
                      <span>
                        <img width="3%" src="passed.png"/>
                        <a href="#" class="method navigator-link" panel-name="suite-Suite" title="com.ibm.commerce.cmc.catalogs.testcases.CreateNewMasterCategoryTest" hash-for-method="validateSearchEngineOptimizationImageAltFieldTest">validateSearchEngineOptimizationImageAltFieldTest</a> <!-- method navigator-link -->
                      </span>
                      <br/>
                      <span>
                        <img width="3%" src="passed.png"/>
                        <a href="#" class="method navigator-link" panel-name="suite-Suite" title="com.ibm.commerce.cmc.catalogs.testcases.CreateNewMasterCategoryTest" hash-for-method="validateSearchEngineOptimizationInputDetailsTest">validateSearchEngineOptimizationInputDetailsTest</a> <!-- method navigator-link -->
                      </span>
                      <br/>
                      <span>
                        <img width="3%" src="passed.png"/>
                        <a href="#" class="method navigator-link" panel-name="suite-Suite" title="com.ibm.commerce.cmc.catalogs.testcases.CreateNewMasterCategoryTest" hash-for-method="validateSearchEngineOptimizationMetaDescriptionFieldTest">validateSearchEngineOptimizationMetaDescriptionFieldTest</a> <!-- method navigator-link -->
                      </span>
                      <br/>
                      <span>
                        <img width="3%" src="passed.png"/>
                        <a href="#" class="method navigator-link" panel-name="suite-Suite" title="com.ibm.commerce.cmc.catalogs.testcases.CreateNewMasterCategoryTest" hash-for-method="validateSearchEngineOptimizationMetaDescriptionOverrideDefaultRadioTest">validateSearchEngineOptimizationMetaDescriptionOverrideDefaultRadioTest</a> <!-- method navigator-link -->
                      </span>
                      <br/>
                      <span>
                        <img width="3%" src="passed.png"/>
                        <a href="#" class="method navigator-link" panel-name="suite-Suite" title="com.ibm.commerce.cmc.catalogs.testcases.CreateNewMasterCategoryTest" hash-for-method="validateSearchEngineOptimizationPageTitleFieldTest">validateSearchEngineOptimizationPageTitleFieldTest</a> <!-- method navigator-link -->
                      </span>
                      <br/>
                      <span>
                        <img width="3%" src="passed.png"/>
                        <a href="#" class="method navigator-link" panel-name="suite-Suite" title="com.ibm.commerce.cmc.catalogs.testcases.CreateNewMasterCategoryTest" hash-for-method="validateSearchEngineOptimizationPageTitleOverrideDefaultRadioTest">validateSearchEngineOptimizationPageTitleOverrideDefaultRadioTest</a> <!-- method navigator-link -->
                      </span>
                      <br/>
                      <span>
                        <img width="3%" src="passed.png"/>
                        <a href="#" class="method navigator-link" panel-name="suite-Suite" title="com.ibm.commerce.cmc.catalogs.testcases.CreateNewMasterCategoryTest" hash-for-method="validateSearchEngineOptimizationTabExistance">validateSearchEngineOptimizationTabExistance</a> <!-- method navigator-link -->
                      </span>
                      <br/>
                      <span>
                        <img width="3%" src="passed.png"/>
                        <a href="#" class="method navigator-link" panel-name="suite-Suite" title="com.ibm.commerce.cmc.catalogs.testcases.CreateNewMasterCategoryTest" hash-for-method="verifyAllColumnsDisplayedUnderContentTab">verifyAllColumnsDisplayedUnderContentTab</a> <!-- method navigator-link -->
                      </span>
                      <br/>
                      <span>
                        <img width="3%" src="passed.png"/>
                        <a href="#" class="method navigator-link" panel-name="suite-Suite" title="com.ibm.commerce.cmc.catalogs.testcases.CreateNewMasterCategoryTest" hash-for-method="verifyAllColumnsDisplayedUnderReferencesTab">verifyAllColumnsDisplayedUnderReferencesTab</a> <!-- method navigator-link -->
                      </span>
                      <br/>
                    </div> <!-- method-list-content passed suite-Suite -->
                  </li>
                </ul>
              </div> <!-- suite-section-content -->
            </div> <!-- result-section -->
          </div> <!-- navigator-suite-content -->
        </div> <!-- rounded-window -->
      </div> <!-- suite -->
    </div> <!-- navigator-root -->
    <div class="wrapper">
      <div class="main-panel-root">
        <div panel-name="suite-Suite" class="panel Suite">
          <div class="suite-Suite-class-failed">
            <div class="main-panel-header rounded-window-top">
              <img src="failed.png"/>
              <span class="class-name">com.ibm.commerce.cmc.catalogs.testcases.CatalogsHomePageTest</span>
            </div> <!-- main-panel-header rounded-window-top -->
            <div class="main-panel-content rounded-window-bottom">
              <div class="method">
                <div class="method-content">
                  <a name="validateStoreSelectionTest">
                  </a> <!-- validateStoreSelectionTest -->
                  <span class="method-name">validateStoreSelectionTest</span>
                  <div class="stack-trace">java.lang.AssertionError: expected [true] but found [false]
	at com.ibm.commerce.cmc.catalogs.testcases.CatalogsHomePageTest.validateStoreSelectionTest(CatalogsHomePageTest.java:61)
... Removed 29 stack frames
</div> <!-- stack-trace -->
                </div> <!-- method-content -->
              </div> <!-- method -->
            </div> <!-- main-panel-content rounded-window-bottom -->
          </div> <!-- suite-Suite-class-failed -->
          <div class="suite-Suite-class-failed">
            <div class="main-panel-header rounded-window-top">
              <img src="failed.png"/>
              <span class="class-name">com.ibm.commerce.cmc.catalogs.testcases.CreateNewMasterCategoryTest</span>
            </div> <!-- main-panel-header rounded-window-top -->
            <div class="main-panel-content rounded-window-bottom">
              <div class="method">
                <div class="method-content">
                  <a name="validateManageCategoryDisplayAccordionFullImageFieldTest">
                  </a> <!-- validateManageCategoryDisplayAccordionFullImageFieldTest -->
                  <span class="method-name">validateManageCategoryDisplayAccordionFullImageFieldTest</span>
                  <div class="stack-trace">java.lang.AssertionError: expected [Full image (United State English)] but found [Full image]
	at com.ibm.commerce.cmc.catalogs.testcases.CreateNewMasterCategoryTest.validateManageCategoryDisplayAccordionFullImageFieldTest(CreateNewMasterCategoryTest.java:202)
... Removed 31 stack frames
</div> <!-- stack-trace -->
                </div> <!-- method-content -->
              </div> <!-- method -->
              <div class="method">
                <div class="method-content">
                  <a name="validateManageCategoryGeneralCategoryInformationCodeFieldNameTest">
                  </a> <!-- validateManageCategoryGeneralCategoryInformationCodeFieldNameTest -->
                  <span class="method-name">validateManageCategoryGeneralCategoryInformationCodeFieldNameTest</span>
                  <div class="stack-trace">java.lang.AssertionError: expected [Code] but found []
	at com.ibm.commerce.cmc.catalogs.testcases.CreateNewMasterCategoryTest.validateManageCategoryGeneralCategoryInformationCodeFieldNameTest(CreateNewMasterCategoryTest.java:160)
... Removed 31 stack frames
</div> <!-- stack-trace -->
                </div> <!-- method-content -->
              </div> <!-- method -->
              <div class="method">
                <div class="method-content">
                  <a name="validateSearchEngineOptimizationImageAltTextOverrideDefaultRadioAutoSelectTest">
                  </a> <!-- validateSearchEngineOptimizationImageAltTextOverrideDefaultRadioAutoSelectTest -->
                  <span class="method-name">validateSearchEngineOptimizationImageAltTextOverrideDefaultRadioAutoSelectTest</span>
                  <div class="stack-trace">org.openqa.selenium.NoSuchElementException: no such element: Unable to locate element: {&quot;method&quot;:&quot;xpath&quot;,&quot;selector&quot;:&quot;//*[@id=&apos;n-tab-1&apos;]//ibm-radio//input[@id=&apos;radio-5&apos;]//following-sibling::label/span&quot;}
  (Session info: chrome=72.0.3626.109)
  (Driver info: chromedriver=2.45.615355 (d5698f682d8b2742017df6c81e0bd8e6a3063189),platform=Mac OS X 10.13.6 x86_64) (WARNING: The server did not provide any stacktrace information)
Command duration or timeout: 0 milliseconds
For documentation on this error, please visit: http://seleniumhq.org/exceptions/no_such_element.html
Build info: version: &apos;3.14.0&apos;, revision: &apos;aacccce0&apos;, time: &apos;2018-08-02T20:19:58.91Z&apos;
System info: host: &apos;Narasimharaos-MacBook-Pro.local&apos;, ip: &apos;fe80:0:0:0:141e:406d:ad08:5e79%en0&apos;, os.name: &apos;Mac OS X&apos;, os.arch: &apos;x86_64&apos;, os.version: &apos;10.13.6&apos;, java.version: &apos;1.8.0_191&apos;
Driver info: org.openqa.selenium.chrome.ChromeDriver
Capabilities {acceptInsecureCerts: false, acceptSslCerts: false, applicationCacheEnabled: false, browserConnectionEnabled: false, browserName: chrome, chrome: {chromedriverVersion: 2.45.615355 (d5698f682d8b27..., userDataDir: /var/folders/p4/bzwnsv1x7nb...}, cssSelectorsEnabled: true, databaseEnabled: false, goog:chromeOptions: {debuggerAddress: localhost:55138}, handlesAlerts: true, hasTouchScreen: false, javascriptEnabled: true, locationContextEnabled: true, mobileEmulationEnabled: false, nativeEvents: true, networkConnectionEnabled: false, pageLoadStrategy: normal, platform: MAC, platformName: MAC, proxy: Proxy(), rotatable: false, setWindowRect: true, strictFileInteractability: false, takesHeapSnapshot: true, takesScreenshot: true, timeouts: {implicit: 0, pageLoad: 300000, script: 30000}, unexpectedAlertBehaviour: ignore, unhandledPromptBehavior: ignore, version: 72.0.3626.109, webStorageEnabled: true}
Session ID: 2a015e7bcca66ed43bc1a8c0250b8f77
*** Element info: {Using=xpath, value=//*[@id=&apos;n-tab-1&apos;]//ibm-radio//input[@id=&apos;radio-5&apos;]//following-sibling::label/span}
	at org.openqa.selenium.remote.ErrorHandler.createThrowable(ErrorHandler.java:214)
	at org.openqa.selenium.remote.ErrorHandler.throwIfResponseFailed(ErrorHandler.java:166)
	at org.openqa.selenium.remote.http.JsonHttpResponseCodec.reconstructValue(JsonHttpResponseCodec.java:40)
	at org.openqa.selenium.remote.http.AbstractHttpResponseCodec.decode(AbstractHttpResponseCodec.java:80)
	at org.openqa.selenium.remote.http.AbstractHttpResponseCodec.decode(AbstractHttpResponseCodec.java:44)
	at org.openqa.selenium.remote.HttpCommandExecutor.execute(HttpCommandExecutor.java:158)
	at org.openqa.selenium.remote.service.DriverCommandExecutor.execute(DriverCommandExecutor.java:83)
	at org.openqa.selenium.remote.RemoteWebDriver.execute(RemoteWebDriver.java:548)
	at org.openqa.selenium.remote.RemoteWebDriver.findElement(RemoteWebDriver.java:322)
	at org.openqa.selenium.remote.RemoteWebDriver.findElementByXPath(RemoteWebDriver.java:424)
	at org.openqa.selenium.By$ByXPath.findElement(By.java:353)
	at org.openqa.selenium.remote.RemoteWebDriver.findElement(RemoteWebDriver.java:314)
	at org.openqa.selenium.support.pagefactory.DefaultElementLocator.findElement(DefaultElementLocator.java:69)
	at org.openqa.selenium.support.pagefactory.internal.LocatingElementHandler.invoke(LocatingElementHandler.java:38)
	at com.sun.proxy.$Proxy26.isSelected(Unknown Source)
	at com.ibm.commerce.cmc.ui.utils.TestUtil.isElementSelected(TestUtil.java:25)
	at com.ibm.commerce.cmc.ui.catalogs.pages.NewMasterCategoryPage.isImageAltTextOverrideDefaultRadioSelected(NewMasterCategoryPage.java:583)
	at com.ibm.commerce.cmc.catalogs.testcases.CreateNewMasterCategoryTest.validateSearchEngineOptimizationImageAltTextOverrideDefaultRadioAutoSelectTest(CreateNewMasterCategoryTest.java:285)
... Removed 29 stack frames
</div> <!-- stack-trace -->
                </div> <!-- method-content -->
              </div> <!-- method -->
              <div class="method">
                <div class="method-content">
                  <a name="validateSearchEngineOptimizationImageAltTextOverrideDefaultRadioTest">
                  </a> <!-- validateSearchEngineOptimizationImageAltTextOverrideDefaultRadioTest -->
                  <span class="method-name">validateSearchEngineOptimizationImageAltTextOverrideDefaultRadioTest</span>
                  <div class="stack-trace">org.openqa.selenium.NoSuchElementException: no such element: Unable to locate element: {&quot;method&quot;:&quot;xpath&quot;,&quot;selector&quot;:&quot;//*[@id=&apos;n-tab-1&apos;]//ibm-radio//input[@id=&apos;radio-5&apos;]//following-sibling::label/span&quot;}
  (Session info: chrome=72.0.3626.109)
  (Driver info: chromedriver=2.45.615355 (d5698f682d8b2742017df6c81e0bd8e6a3063189),platform=Mac OS X 10.13.6 x86_64) (WARNING: The server did not provide any stacktrace information)
Command duration or timeout: 0 milliseconds
For documentation on this error, please visit: http://seleniumhq.org/exceptions/no_such_element.html
Build info: version: &apos;3.14.0&apos;, revision: &apos;aacccce0&apos;, time: &apos;2018-08-02T20:19:58.91Z&apos;
System info: host: &apos;Narasimharaos-MacBook-Pro.local&apos;, ip: &apos;fe80:0:0:0:141e:406d:ad08:5e79%en0&apos;, os.name: &apos;Mac OS X&apos;, os.arch: &apos;x86_64&apos;, os.version: &apos;10.13.6&apos;, java.version: &apos;1.8.0_191&apos;
Driver info: org.openqa.selenium.chrome.ChromeDriver
Capabilities {acceptInsecureCerts: false, acceptSslCerts: false, applicationCacheEnabled: false, browserConnectionEnabled: false, browserName: chrome, chrome: {chromedriverVersion: 2.45.615355 (d5698f682d8b27..., userDataDir: /var/folders/p4/bzwnsv1x7nb...}, cssSelectorsEnabled: true, databaseEnabled: false, goog:chromeOptions: {debuggerAddress: localhost:55138}, handlesAlerts: true, hasTouchScreen: false, javascriptEnabled: true, locationContextEnabled: true, mobileEmulationEnabled: false, nativeEvents: true, networkConnectionEnabled: false, pageLoadStrategy: normal, platform: MAC, platformName: MAC, proxy: Proxy(), rotatable: false, setWindowRect: true, strictFileInteractability: false, takesHeapSnapshot: true, takesScreenshot: true, timeouts: {implicit: 0, pageLoad: 300000, script: 30000}, unexpectedAlertBehaviour: ignore, unhandledPromptBehavior: ignore, version: 72.0.3626.109, webStorageEnabled: true}
Session ID: 2a015e7bcca66ed43bc1a8c0250b8f77
*** Element info: {Using=xpath, value=//*[@id=&apos;n-tab-1&apos;]//ibm-radio//input[@id=&apos;radio-5&apos;]//following-sibling::label/span}
	at org.openqa.selenium.remote.ErrorHandler.createThrowable(ErrorHandler.java:214)
	at org.openqa.selenium.remote.ErrorHandler.throwIfResponseFailed(ErrorHandler.java:166)
	at org.openqa.selenium.remote.http.JsonHttpResponseCodec.reconstructValue(JsonHttpResponseCodec.java:40)
	at org.openqa.selenium.remote.http.AbstractHttpResponseCodec.decode(AbstractHttpResponseCodec.java:80)
	at org.openqa.selenium.remote.http.AbstractHttpResponseCodec.decode(AbstractHttpResponseCodec.java:44)
	at org.openqa.selenium.remote.HttpCommandExecutor.execute(HttpCommandExecutor.java:158)
	at org.openqa.selenium.remote.service.DriverCommandExecutor.execute(DriverCommandExecutor.java:83)
	at org.openqa.selenium.remote.RemoteWebDriver.execute(RemoteWebDriver.java:548)
	at org.openqa.selenium.remote.RemoteWebDriver.findElement(RemoteWebDriver.java:322)
	at org.openqa.selenium.remote.RemoteWebDriver.findElementByXPath(RemoteWebDriver.java:424)
	at org.openqa.selenium.By$ByXPath.findElement(By.java:353)
	at org.openqa.selenium.remote.RemoteWebDriver.findElement(RemoteWebDriver.java:314)
	at org.openqa.selenium.support.pagefactory.DefaultElementLocator.findElement(DefaultElementLocator.java:69)
	at org.openqa.selenium.support.pagefactory.internal.LocatingElementHandler.invoke(LocatingElementHandler.java:38)
	at com.sun.proxy.$Proxy26.isSelected(Unknown Source)
	at com.ibm.commerce.cmc.ui.utils.TestUtil.isElementSelected(TestUtil.java:25)
	at com.ibm.commerce.cmc.ui.catalogs.pages.NewMasterCategoryPage.isImageAltTextOverrideDefaultRadioSelected(NewMasterCategoryPage.java:583)
	at com.ibm.commerce.cmc.catalogs.testcases.CreateNewMasterCategoryTest.validateSearchEngineOptimizationImageAltTextOverrideDefaultRadioTest(CreateNewMasterCategoryTest.java:278)
... Removed 29 stack frames
</div> <!-- stack-trace -->
                </div> <!-- method-content -->
              </div> <!-- method -->
              <div class="method">
                <div class="method-content">
                  <a name="validateSearchEngineOptimizationImageAltTextUseDefaultRadioTest">
                  </a> <!-- validateSearchEngineOptimizationImageAltTextUseDefaultRadioTest -->
                  <span class="method-name">validateSearchEngineOptimizationImageAltTextUseDefaultRadioTest</span>
                  <div class="stack-trace">java.lang.AssertionError: expected [true] but found [false]
	at com.ibm.commerce.cmc.catalogs.testcases.CreateNewMasterCategoryTest.validateSearchEngineOptimizationImageAltTextUseDefaultRadioTest(CreateNewMasterCategoryTest.java:273)
... Removed 29 stack frames
</div> <!-- stack-trace -->
                </div> <!-- method-content -->
              </div> <!-- method -->
              <div class="method">
                <div class="method-content">
                  <a name="validateSearchEngineOptimizationMetaDescriptionOverrideDefaultRadioAutoSelectTest">
                  </a> <!-- validateSearchEngineOptimizationMetaDescriptionOverrideDefaultRadioAutoSelectTest -->
                  <span class="method-name">validateSearchEngineOptimizationMetaDescriptionOverrideDefaultRadioAutoSelectTest</span>
                  <div class="stack-trace">java.lang.AssertionError: expected [true] but found [false]
	at com.ibm.commerce.cmc.catalogs.testcases.CreateNewMasterCategoryTest.validateSearchEngineOptimizationMetaDescriptionOverrideDefaultRadioAutoSelectTest(CreateNewMasterCategoryTest.java:261)
... Removed 29 stack frames
</div> <!-- stack-trace -->
                </div> <!-- method-content -->
              </div> <!-- method -->
              <div class="method">
                <div class="method-content">
                  <a name="validateSearchEngineOptimizationMetaDescriptionUseDefaultRadioTest">
                  </a> <!-- validateSearchEngineOptimizationMetaDescriptionUseDefaultRadioTest -->
                  <span class="method-name">validateSearchEngineOptimizationMetaDescriptionUseDefaultRadioTest</span>
                  <div class="stack-trace">java.lang.AssertionError: expected [true] but found [false]
	at com.ibm.commerce.cmc.catalogs.testcases.CreateNewMasterCategoryTest.validateSearchEngineOptimizationMetaDescriptionUseDefaultRadioTest(CreateNewMasterCategoryTest.java:250)
... Removed 29 stack frames
</div> <!-- stack-trace -->
                </div> <!-- method-content -->
              </div> <!-- method -->
              <div class="method">
                <div class="method-content">
                  <a name="validateSearchEngineOptimizationPageTitleOverrideDefaultRadioAutoSelectTest">
                  </a> <!-- validateSearchEngineOptimizationPageTitleOverrideDefaultRadioAutoSelectTest -->
                  <span class="method-name">validateSearchEngineOptimizationPageTitleOverrideDefaultRadioAutoSelectTest</span>
                  <div class="stack-trace">java.lang.AssertionError: expected [true] but found [false]
	at com.ibm.commerce.cmc.catalogs.testcases.CreateNewMasterCategoryTest.validateSearchEngineOptimizationPageTitleOverrideDefaultRadioAutoSelectTest(CreateNewMasterCategoryTest.java:239)
... Removed 29 stack frames
</div> <!-- stack-trace -->
                </div> <!-- method-content -->
              </div> <!-- method -->
              <div class="method">
                <div class="method-content">
                  <a name="validateSearchEngineOptimizationPageTitleUseDefaultRadioTest">
                  </a> <!-- validateSearchEngineOptimizationPageTitleUseDefaultRadioTest -->
                  <span class="method-name">validateSearchEngineOptimizationPageTitleUseDefaultRadioTest</span>
                  <div class="stack-trace">java.lang.AssertionError: expected [true] but found [false]
	at com.ibm.commerce.cmc.catalogs.testcases.CreateNewMasterCategoryTest.validateSearchEngineOptimizationPageTitleUseDefaultRadioTest(CreateNewMasterCategoryTest.java:228)
... Removed 29 stack frames
</div> <!-- stack-trace -->
                </div> <!-- method-content -->
              </div> <!-- method -->
              <div class="method">
                <div class="method-content">
                  <a name="validateSearchEngineOptimizationURLKeywordFieldTest">
                  </a> <!-- validateSearchEngineOptimizationURLKeywordFieldTest -->
                  <span class="method-name">validateSearchEngineOptimizationURLKeywordFieldTest</span>
                  <div class="stack-trace">java.lang.AssertionError: expected [URL keyword (United State English)] but found [URL keyword]
	at com.ibm.commerce.cmc.catalogs.testcases.CreateNewMasterCategoryTest.validateSearchEngineOptimizationURLKeywordFieldTest(CreateNewMasterCategoryTest.java:215)
... Removed 31 stack frames
</div> <!-- stack-trace -->
                </div> <!-- method-content -->
              </div> <!-- method -->
              <div class="method">
                <div class="method-content">
                  <a name="verifyAllColumnsDisplayedUnderAssociatedAssetsTab">
                  </a> <!-- verifyAllColumnsDisplayedUnderAssociatedAssetsTab -->
                  <span class="method-name">verifyAllColumnsDisplayedUnderAssociatedAssetsTab</span>
                  <div class="stack-trace">org.openqa.selenium.NoSuchElementException: no such element: Unable to locate element: {&quot;method&quot;:&quot;xpath&quot;,&quot;selector&quot;:&quot;//ibm-table//thead/tr/th[6]//span[contains(text(), &apos;Code&apos;)]&quot;}
  (Session info: chrome=72.0.3626.109)
  (Driver info: chromedriver=2.45.615355 (d5698f682d8b2742017df6c81e0bd8e6a3063189),platform=Mac OS X 10.13.6 x86_64) (WARNING: The server did not provide any stacktrace information)
Command duration or timeout: 0 milliseconds
For documentation on this error, please visit: http://seleniumhq.org/exceptions/no_such_element.html
Build info: version: &apos;3.14.0&apos;, revision: &apos;aacccce0&apos;, time: &apos;2018-08-02T20:19:58.91Z&apos;
System info: host: &apos;Narasimharaos-MacBook-Pro.local&apos;, ip: &apos;fe80:0:0:0:141e:406d:ad08:5e79%en0&apos;, os.name: &apos;Mac OS X&apos;, os.arch: &apos;x86_64&apos;, os.version: &apos;10.13.6&apos;, java.version: &apos;1.8.0_191&apos;
Driver info: org.openqa.selenium.chrome.ChromeDriver
Capabilities {acceptInsecureCerts: false, acceptSslCerts: false, applicationCacheEnabled: false, browserConnectionEnabled: false, browserName: chrome, chrome: {chromedriverVersion: 2.45.615355 (d5698f682d8b27..., userDataDir: /var/folders/p4/bzwnsv1x7nb...}, cssSelectorsEnabled: true, databaseEnabled: false, goog:chromeOptions: {debuggerAddress: localhost:55138}, handlesAlerts: true, hasTouchScreen: false, javascriptEnabled: true, locationContextEnabled: true, mobileEmulationEnabled: false, nativeEvents: true, networkConnectionEnabled: false, pageLoadStrategy: normal, platform: MAC, platformName: MAC, proxy: Proxy(), rotatable: false, setWindowRect: true, strictFileInteractability: false, takesHeapSnapshot: true, takesScreenshot: true, timeouts: {implicit: 0, pageLoad: 300000, script: 30000}, unexpectedAlertBehaviour: ignore, unhandledPromptBehavior: ignore, version: 72.0.3626.109, webStorageEnabled: true}
Session ID: 2a015e7bcca66ed43bc1a8c0250b8f77
*** Element info: {Using=xpath, value=//ibm-table//thead/tr/th[6]//span[contains(text(), &apos;Code&apos;)]}
	at org.openqa.selenium.remote.ErrorHandler.createThrowable(ErrorHandler.java:214)
	at org.openqa.selenium.remote.ErrorHandler.throwIfResponseFailed(ErrorHandler.java:166)
	at org.openqa.selenium.remote.http.JsonHttpResponseCodec.reconstructValue(JsonHttpResponseCodec.java:40)
	at org.openqa.selenium.remote.http.AbstractHttpResponseCodec.decode(AbstractHttpResponseCodec.java:80)
	at org.openqa.selenium.remote.http.AbstractHttpResponseCodec.decode(AbstractHttpResponseCodec.java:44)
	at org.openqa.selenium.remote.HttpCommandExecutor.execute(HttpCommandExecutor.java:158)
	at org.openqa.selenium.remote.service.DriverCommandExecutor.execute(DriverCommandExecutor.java:83)
	at org.openqa.selenium.remote.RemoteWebDriver.execute(RemoteWebDriver.java:548)
	at org.openqa.selenium.remote.RemoteWebDriver.findElement(RemoteWebDriver.java:322)
	at org.openqa.selenium.remote.RemoteWebDriver.findElementByXPath(RemoteWebDriver.java:424)
	at org.openqa.selenium.By$ByXPath.findElement(By.java:353)
	at org.openqa.selenium.remote.RemoteWebDriver.findElement(RemoteWebDriver.java:314)
	at org.openqa.selenium.support.pagefactory.DefaultElementLocator.findElement(DefaultElementLocator.java:69)
	at org.openqa.selenium.support.pagefactory.internal.LocatingElementHandler.invoke(LocatingElementHandler.java:38)
	at com.sun.proxy.$Proxy26.isDisplayed(Unknown Source)
	at com.ibm.commerce.cmc.ui.utils.TestUtil.isElementDisplayed(TestUtil.java:21)
	at com.ibm.commerce.cmc.ui.catalogs.pages.NewMasterCategoryPage.isAACodeColumnExists(NewMasterCategoryPage.java:641)
	at com.ibm.commerce.cmc.catalogs.testcases.CreateNewMasterCategoryTest.verifyAllColumnsDisplayedUnderAssociatedAssetsTab(CreateNewMasterCategoryTest.java:306)
... Removed 29 stack frames
</div> <!-- stack-trace -->
                </div> <!-- method-content -->
              </div> <!-- method -->
            </div> <!-- main-panel-content rounded-window-bottom -->
          </div> <!-- suite-Suite-class-failed -->
          <div class="suite-Suite-class-skipped">
            <div class="main-panel-header rounded-window-top">
              <img src="skipped.png"/>
              <span class="class-name">com.ibm.commerce.cmc.catalogs.testcases.ExtendedSitesCatalogAssetStoreCategoriesListTest</span>
            </div> <!-- main-panel-header rounded-window-top -->
            <div class="main-panel-content rounded-window-bottom">
              <div class="method">
                <div class="method-content">
                  <a name="extendedSitesCatalogAssetStoreCategoriesListPageHeadingTest">
                  </a> <!-- extendedSitesCatalogAssetStoreCategoriesListPageHeadingTest -->
                  <span class="method-name">extendedSitesCatalogAssetStoreCategoriesListPageHeadingTest</span>
                  <div class="stack-trace">org.openqa.selenium.NoSuchElementException: no such element: Unable to locate element: {&quot;method&quot;:&quot;xpath&quot;,&quot;selector&quot;:&quot;//button[contains(text(), &apos;ExtendedSitesCatalogAssetStore&apos;)]&quot;}
  (Session info: chrome=72.0.3626.109)
  (Driver info: chromedriver=2.45.615355 (d5698f682d8b2742017df6c81e0bd8e6a3063189),platform=Mac OS X 10.13.6 x86_64) (WARNING: The server did not provide any stacktrace information)
Command duration or timeout: 0 milliseconds
For documentation on this error, please visit: http://seleniumhq.org/exceptions/no_such_element.html
Build info: version: &apos;3.14.0&apos;, revision: &apos;aacccce0&apos;, time: &apos;2018-08-02T20:19:58.91Z&apos;
System info: host: &apos;Narasimharaos-MacBook-Pro.local&apos;, ip: &apos;fe80:0:0:0:141e:406d:ad08:5e79%en0&apos;, os.name: &apos;Mac OS X&apos;, os.arch: &apos;x86_64&apos;, os.version: &apos;10.13.6&apos;, java.version: &apos;1.8.0_191&apos;
Driver info: org.openqa.selenium.chrome.ChromeDriver
Capabilities {acceptInsecureCerts: false, acceptSslCerts: false, applicationCacheEnabled: false, browserConnectionEnabled: false, browserName: chrome, chrome: {chromedriverVersion: 2.45.615355 (d5698f682d8b27..., userDataDir: /var/folders/p4/bzwnsv1x7nb...}, cssSelectorsEnabled: true, databaseEnabled: false, goog:chromeOptions: {debuggerAddress: localhost:55489}, handlesAlerts: true, hasTouchScreen: false, javascriptEnabled: true, locationContextEnabled: true, mobileEmulationEnabled: false, nativeEvents: true, networkConnectionEnabled: false, pageLoadStrategy: normal, platform: MAC, platformName: MAC, proxy: Proxy(), rotatable: false, setWindowRect: true, strictFileInteractability: false, takesHeapSnapshot: true, takesScreenshot: true, timeouts: {implicit: 0, pageLoad: 300000, script: 30000}, unexpectedAlertBehaviour: ignore, unhandledPromptBehavior: ignore, version: 72.0.3626.109, webStorageEnabled: true}
Session ID: 09bec516a16d310d9bd54d88a1905bd0
*** Element info: {Using=xpath, value=//button[contains(text(), &apos;ExtendedSitesCatalogAssetStore&apos;)]}
	at org.openqa.selenium.remote.ErrorHandler.createThrowable(ErrorHandler.java:214)
	at org.openqa.selenium.remote.ErrorHandler.throwIfResponseFailed(ErrorHandler.java:166)
	at org.openqa.selenium.remote.http.JsonHttpResponseCodec.reconstructValue(JsonHttpResponseCodec.java:40)
	at org.openqa.selenium.remote.http.AbstractHttpResponseCodec.decode(AbstractHttpResponseCodec.java:80)
	at org.openqa.selenium.remote.http.AbstractHttpResponseCodec.decode(AbstractHttpResponseCodec.java:44)
	at org.openqa.selenium.remote.HttpCommandExecutor.execute(HttpCommandExecutor.java:158)
	at org.openqa.selenium.remote.service.DriverCommandExecutor.execute(DriverCommandExecutor.java:83)
	at org.openqa.selenium.remote.RemoteWebDriver.execute(RemoteWebDriver.java:548)
	at org.openqa.selenium.remote.RemoteWebDriver.findElement(RemoteWebDriver.java:322)
	at org.openqa.selenium.remote.RemoteWebDriver.findElementByXPath(RemoteWebDriver.java:424)
	at org.openqa.selenium.By$ByXPath.findElement(By.java:353)
	at org.openqa.selenium.remote.RemoteWebDriver.findElement(RemoteWebDriver.java:314)
	at org.openqa.selenium.support.pagefactory.DefaultElementLocator.findElement(DefaultElementLocator.java:69)
	at org.openqa.selenium.support.pagefactory.internal.LocatingElementHandler.invoke(LocatingElementHandler.java:38)
	at com.sun.proxy.$Proxy26.click(Unknown Source)
	at com.ibm.commerce.cmc.ui.utils.TestUtil.clickOnElement(TestUtil.java:30)
	at com.ibm.commerce.cmc.ui.catalogs.pages.ExtendedSitesCatalogAssetStoreCategoriesListPage.clickOnExtendedSitesCatalogAssetStore(ExtendedSitesCatalogAssetStoreCategoriesListPage.java:50)
	at com.ibm.commerce.cmc.catalogs.testcases.ExtendedSitesCatalogAssetStoreCategoriesListTest.setUp(ExtendedSitesCatalogAssetStoreCategoriesListTest.java:29)
... Removed 30 stack frames
</div> <!-- stack-trace -->
                </div> <!-- method-content -->
              </div> <!-- method -->
              <div class="method">
                <div class="method-content">
                  <a name="verifyAllColumnsClickable">
                  </a> <!-- verifyAllColumnsClickable -->
                  <span class="method-name">verifyAllColumnsClickable</span>
                  <div class="stack-trace">org.openqa.selenium.NoSuchElementException: no such element: Unable to locate element: {&quot;method&quot;:&quot;xpath&quot;,&quot;selector&quot;:&quot;//button[contains(text(), &apos;ExtendedSitesCatalogAssetStore&apos;)]&quot;}
  (Session info: chrome=72.0.3626.109)
  (Driver info: chromedriver=2.45.615355 (d5698f682d8b2742017df6c81e0bd8e6a3063189),platform=Mac OS X 10.13.6 x86_64) (WARNING: The server did not provide any stacktrace information)
Command duration or timeout: 0 milliseconds
For documentation on this error, please visit: http://seleniumhq.org/exceptions/no_such_element.html
Build info: version: &apos;3.14.0&apos;, revision: &apos;aacccce0&apos;, time: &apos;2018-08-02T20:19:58.91Z&apos;
System info: host: &apos;Narasimharaos-MacBook-Pro.local&apos;, ip: &apos;fe80:0:0:0:141e:406d:ad08:5e79%en0&apos;, os.name: &apos;Mac OS X&apos;, os.arch: &apos;x86_64&apos;, os.version: &apos;10.13.6&apos;, java.version: &apos;1.8.0_191&apos;
Driver info: org.openqa.selenium.chrome.ChromeDriver
Capabilities {acceptInsecureCerts: false, acceptSslCerts: false, applicationCacheEnabled: false, browserConnectionEnabled: false, browserName: chrome, chrome: {chromedriverVersion: 2.45.615355 (d5698f682d8b27..., userDataDir: /var/folders/p4/bzwnsv1x7nb...}, cssSelectorsEnabled: true, databaseEnabled: false, goog:chromeOptions: {debuggerAddress: localhost:55489}, handlesAlerts: true, hasTouchScreen: false, javascriptEnabled: true, locationContextEnabled: true, mobileEmulationEnabled: false, nativeEvents: true, networkConnectionEnabled: false, pageLoadStrategy: normal, platform: MAC, platformName: MAC, proxy: Proxy(), rotatable: false, setWindowRect: true, strictFileInteractability: false, takesHeapSnapshot: true, takesScreenshot: true, timeouts: {implicit: 0, pageLoad: 300000, script: 30000}, unexpectedAlertBehaviour: ignore, unhandledPromptBehavior: ignore, version: 72.0.3626.109, webStorageEnabled: true}
Session ID: 09bec516a16d310d9bd54d88a1905bd0
*** Element info: {Using=xpath, value=//button[contains(text(), &apos;ExtendedSitesCatalogAssetStore&apos;)]}
	at org.openqa.selenium.remote.ErrorHandler.createThrowable(ErrorHandler.java:214)
	at org.openqa.selenium.remote.ErrorHandler.throwIfResponseFailed(ErrorHandler.java:166)
	at org.openqa.selenium.remote.http.JsonHttpResponseCodec.reconstructValue(JsonHttpResponseCodec.java:40)
	at org.openqa.selenium.remote.http.AbstractHttpResponseCodec.decode(AbstractHttpResponseCodec.java:80)
	at org.openqa.selenium.remote.http.AbstractHttpResponseCodec.decode(AbstractHttpResponseCodec.java:44)
	at org.openqa.selenium.remote.HttpCommandExecutor.execute(HttpCommandExecutor.java:158)
	at org.openqa.selenium.remote.service.DriverCommandExecutor.execute(DriverCommandExecutor.java:83)
	at org.openqa.selenium.remote.RemoteWebDriver.execute(RemoteWebDriver.java:548)
	at org.openqa.selenium.remote.RemoteWebDriver.findElement(RemoteWebDriver.java:322)
	at org.openqa.selenium.remote.RemoteWebDriver.findElementByXPath(RemoteWebDriver.java:424)
	at org.openqa.selenium.By$ByXPath.findElement(By.java:353)
	at org.openqa.selenium.remote.RemoteWebDriver.findElement(RemoteWebDriver.java:314)
	at org.openqa.selenium.support.pagefactory.DefaultElementLocator.findElement(DefaultElementLocator.java:69)
	at org.openqa.selenium.support.pagefactory.internal.LocatingElementHandler.invoke(LocatingElementHandler.java:38)
	at com.sun.proxy.$Proxy26.click(Unknown Source)
	at com.ibm.commerce.cmc.ui.utils.TestUtil.clickOnElement(TestUtil.java:30)
	at com.ibm.commerce.cmc.ui.catalogs.pages.ExtendedSitesCatalogAssetStoreCategoriesListPage.clickOnExtendedSitesCatalogAssetStore(ExtendedSitesCatalogAssetStoreCategoriesListPage.java:50)
	at com.ibm.commerce.cmc.catalogs.testcases.ExtendedSitesCatalogAssetStoreCategoriesListTest.setUp(ExtendedSitesCatalogAssetStoreCategoriesListTest.java:29)
... Removed 30 stack frames
</div> <!-- stack-trace -->
                </div> <!-- method-content -->
              </div> <!-- method -->
              <div class="method">
                <div class="method-content">
                  <a name="verifyAllColumnsDisplayedOnThePage">
                  </a> <!-- verifyAllColumnsDisplayedOnThePage -->
                  <span class="method-name">verifyAllColumnsDisplayedOnThePage</span>
                  <div class="stack-trace">org.openqa.selenium.NoSuchElementException: no such element: Unable to locate element: {&quot;method&quot;:&quot;xpath&quot;,&quot;selector&quot;:&quot;//button[contains(text(), &apos;ExtendedSitesCatalogAssetStore&apos;)]&quot;}
  (Session info: chrome=72.0.3626.109)
  (Driver info: chromedriver=2.45.615355 (d5698f682d8b2742017df6c81e0bd8e6a3063189),platform=Mac OS X 10.13.6 x86_64) (WARNING: The server did not provide any stacktrace information)
Command duration or timeout: 0 milliseconds
For documentation on this error, please visit: http://seleniumhq.org/exceptions/no_such_element.html
Build info: version: &apos;3.14.0&apos;, revision: &apos;aacccce0&apos;, time: &apos;2018-08-02T20:19:58.91Z&apos;
System info: host: &apos;Narasimharaos-MacBook-Pro.local&apos;, ip: &apos;fe80:0:0:0:141e:406d:ad08:5e79%en0&apos;, os.name: &apos;Mac OS X&apos;, os.arch: &apos;x86_64&apos;, os.version: &apos;10.13.6&apos;, java.version: &apos;1.8.0_191&apos;
Driver info: org.openqa.selenium.chrome.ChromeDriver
Capabilities {acceptInsecureCerts: false, acceptSslCerts: false, applicationCacheEnabled: false, browserConnectionEnabled: false, browserName: chrome, chrome: {chromedriverVersion: 2.45.615355 (d5698f682d8b27..., userDataDir: /var/folders/p4/bzwnsv1x7nb...}, cssSelectorsEnabled: true, databaseEnabled: false, goog:chromeOptions: {debuggerAddress: localhost:55489}, handlesAlerts: true, hasTouchScreen: false, javascriptEnabled: true, locationContextEnabled: true, mobileEmulationEnabled: false, nativeEvents: true, networkConnectionEnabled: false, pageLoadStrategy: normal, platform: MAC, platformName: MAC, proxy: Proxy(), rotatable: false, setWindowRect: true, strictFileInteractability: false, takesHeapSnapshot: true, takesScreenshot: true, timeouts: {implicit: 0, pageLoad: 300000, script: 30000}, unexpectedAlertBehaviour: ignore, unhandledPromptBehavior: ignore, version: 72.0.3626.109, webStorageEnabled: true}
Session ID: 09bec516a16d310d9bd54d88a1905bd0
*** Element info: {Using=xpath, value=//button[contains(text(), &apos;ExtendedSitesCatalogAssetStore&apos;)]}
	at org.openqa.selenium.remote.ErrorHandler.createThrowable(ErrorHandler.java:214)
	at org.openqa.selenium.remote.ErrorHandler.throwIfResponseFailed(ErrorHandler.java:166)
	at org.openqa.selenium.remote.http.JsonHttpResponseCodec.reconstructValue(JsonHttpResponseCodec.java:40)
	at org.openqa.selenium.remote.http.AbstractHttpResponseCodec.decode(AbstractHttpResponseCodec.java:80)
	at org.openqa.selenium.remote.http.AbstractHttpResponseCodec.decode(AbstractHttpResponseCodec.java:44)
	at org.openqa.selenium.remote.HttpCommandExecutor.execute(HttpCommandExecutor.java:158)
	at org.openqa.selenium.remote.service.DriverCommandExecutor.execute(DriverCommandExecutor.java:83)
	at org.openqa.selenium.remote.RemoteWebDriver.execute(RemoteWebDriver.java:548)
	at org.openqa.selenium.remote.RemoteWebDriver.findElement(RemoteWebDriver.java:322)
	at org.openqa.selenium.remote.RemoteWebDriver.findElementByXPath(RemoteWebDriver.java:424)
	at org.openqa.selenium.By$ByXPath.findElement(By.java:353)
	at org.openqa.selenium.remote.RemoteWebDriver.findElement(RemoteWebDriver.java:314)
	at org.openqa.selenium.support.pagefactory.DefaultElementLocator.findElement(DefaultElementLocator.java:69)
	at org.openqa.selenium.support.pagefactory.internal.LocatingElementHandler.invoke(LocatingElementHandler.java:38)
	at com.sun.proxy.$Proxy26.click(Unknown Source)
	at com.ibm.commerce.cmc.ui.utils.TestUtil.clickOnElement(TestUtil.java:30)
	at com.ibm.commerce.cmc.ui.catalogs.pages.ExtendedSitesCatalogAssetStoreCategoriesListPage.clickOnExtendedSitesCatalogAssetStore(ExtendedSitesCatalogAssetStoreCategoriesListPage.java:50)
	at com.ibm.commerce.cmc.catalogs.testcases.ExtendedSitesCatalogAssetStoreCategoriesListTest.setUp(ExtendedSitesCatalogAssetStoreCategoriesListTest.java:29)
... Removed 30 stack frames
</div> <!-- stack-trace -->
                </div> <!-- method-content -->
              </div> <!-- method -->
            </div> <!-- main-panel-content rounded-window-bottom -->
          </div> <!-- suite-Suite-class-skipped -->
          <div class="suite-Suite-class-skipped">
            <div class="main-panel-header rounded-window-top">
              <img src="skipped.png"/>
              <span class="class-name">com.ibm.commerce.cmc.catalogs.testcases.SearchResultsPageTest</span>
            </div> <!-- main-panel-header rounded-window-top -->
            <div class="main-panel-content rounded-window-bottom">
              <div class="method">
                <div class="method-content">
                  <a name="searchResultsPageHeadingTest">
                  </a> <!-- searchResultsPageHeadingTest -->
                  <span class="method-name">searchResultsPageHeadingTest</span>
                  <div class="stack-trace">org.openqa.selenium.NoSuchElementException: no such element: Unable to locate element: {&quot;method&quot;:&quot;xpath&quot;,&quot;selector&quot;:&quot;//button[contains(text(),&apos;Search Result&apos;)]&quot;}
  (Session info: chrome=72.0.3626.109)
  (Driver info: chromedriver=2.45.615355 (d5698f682d8b2742017df6c81e0bd8e6a3063189),platform=Mac OS X 10.13.6 x86_64) (WARNING: The server did not provide any stacktrace information)
Command duration or timeout: 0 milliseconds
For documentation on this error, please visit: http://seleniumhq.org/exceptions/no_such_element.html
Build info: version: &apos;3.14.0&apos;, revision: &apos;aacccce0&apos;, time: &apos;2018-08-02T20:19:58.91Z&apos;
System info: host: &apos;Narasimharaos-MacBook-Pro.local&apos;, ip: &apos;fe80:0:0:0:141e:406d:ad08:5e79%en0&apos;, os.name: &apos;Mac OS X&apos;, os.arch: &apos;x86_64&apos;, os.version: &apos;10.13.6&apos;, java.version: &apos;1.8.0_191&apos;
Driver info: org.openqa.selenium.chrome.ChromeDriver
Capabilities {acceptInsecureCerts: false, acceptSslCerts: false, applicationCacheEnabled: false, browserConnectionEnabled: false, browserName: chrome, chrome: {chromedriverVersion: 2.45.615355 (d5698f682d8b27..., userDataDir: /var/folders/p4/bzwnsv1x7nb...}, cssSelectorsEnabled: true, databaseEnabled: false, goog:chromeOptions: {debuggerAddress: localhost:55612}, handlesAlerts: true, hasTouchScreen: false, javascriptEnabled: true, locationContextEnabled: true, mobileEmulationEnabled: false, nativeEvents: true, networkConnectionEnabled: false, pageLoadStrategy: normal, platform: MAC, platformName: MAC, proxy: Proxy(), rotatable: false, setWindowRect: true, strictFileInteractability: false, takesHeapSnapshot: true, takesScreenshot: true, timeouts: {implicit: 0, pageLoad: 300000, script: 30000}, unexpectedAlertBehaviour: ignore, unhandledPromptBehavior: ignore, version: 72.0.3626.109, webStorageEnabled: true}
Session ID: 6b914f2711082c8021c1e0c83f7cbd5c
*** Element info: {Using=xpath, value=//button[contains(text(),&apos;Search Result&apos;)]}
	at org.openqa.selenium.remote.ErrorHandler.createThrowable(ErrorHandler.java:214)
	at org.openqa.selenium.remote.ErrorHandler.throwIfResponseFailed(ErrorHandler.java:166)
	at org.openqa.selenium.remote.http.JsonHttpResponseCodec.reconstructValue(JsonHttpResponseCodec.java:40)
	at org.openqa.selenium.remote.http.AbstractHttpResponseCodec.decode(AbstractHttpResponseCodec.java:80)
	at org.openqa.selenium.remote.http.AbstractHttpResponseCodec.decode(AbstractHttpResponseCodec.java:44)
	at org.openqa.selenium.remote.HttpCommandExecutor.execute(HttpCommandExecutor.java:158)
	at org.openqa.selenium.remote.service.DriverCommandExecutor.execute(DriverCommandExecutor.java:83)
	at org.openqa.selenium.remote.RemoteWebDriver.execute(RemoteWebDriver.java:548)
	at org.openqa.selenium.remote.RemoteWebDriver.findElement(RemoteWebDriver.java:322)
	at org.openqa.selenium.remote.RemoteWebDriver.findElementByXPath(RemoteWebDriver.java:424)
	at org.openqa.selenium.By$ByXPath.findElement(By.java:353)
	at org.openqa.selenium.remote.RemoteWebDriver.findElement(RemoteWebDriver.java:314)
	at org.openqa.selenium.support.pagefactory.DefaultElementLocator.findElement(DefaultElementLocator.java:69)
	at org.openqa.selenium.support.pagefactory.internal.LocatingElementHandler.invoke(LocatingElementHandler.java:38)
	at com.sun.proxy.$Proxy26.click(Unknown Source)
	at com.ibm.commerce.cmc.ui.utils.TestUtil.clickOnElement(TestUtil.java:30)
	at com.ibm.commerce.cmc.ui.catalogs.pages.SearchResultsPage.clickOnSearchResults(SearchResultsPage.java:61)
	at com.ibm.commerce.cmc.catalogs.testcases.SearchResultsPageTest.setUp(SearchResultsPageTest.java:26)
... Removed 30 stack frames
</div> <!-- stack-trace -->
                </div> <!-- method-content -->
              </div> <!-- method -->
              <div class="method">
                <div class="method-content">
                  <a name="verifyAllColumnsDisplayedOnThePage">
                  </a> <!-- verifyAllColumnsDisplayedOnThePage -->
                  <span class="method-name">verifyAllColumnsDisplayedOnThePage</span>
                  <div class="stack-trace">org.openqa.selenium.NoSuchElementException: no such element: Unable to locate element: {&quot;method&quot;:&quot;xpath&quot;,&quot;selector&quot;:&quot;//button[contains(text(),&apos;Search Result&apos;)]&quot;}
  (Session info: chrome=72.0.3626.109)
  (Driver info: chromedriver=2.45.615355 (d5698f682d8b2742017df6c81e0bd8e6a3063189),platform=Mac OS X 10.13.6 x86_64) (WARNING: The server did not provide any stacktrace information)
Command duration or timeout: 0 milliseconds
For documentation on this error, please visit: http://seleniumhq.org/exceptions/no_such_element.html
Build info: version: &apos;3.14.0&apos;, revision: &apos;aacccce0&apos;, time: &apos;2018-08-02T20:19:58.91Z&apos;
System info: host: &apos;Narasimharaos-MacBook-Pro.local&apos;, ip: &apos;fe80:0:0:0:141e:406d:ad08:5e79%en0&apos;, os.name: &apos;Mac OS X&apos;, os.arch: &apos;x86_64&apos;, os.version: &apos;10.13.6&apos;, java.version: &apos;1.8.0_191&apos;
Driver info: org.openqa.selenium.chrome.ChromeDriver
Capabilities {acceptInsecureCerts: false, acceptSslCerts: false, applicationCacheEnabled: false, browserConnectionEnabled: false, browserName: chrome, chrome: {chromedriverVersion: 2.45.615355 (d5698f682d8b27..., userDataDir: /var/folders/p4/bzwnsv1x7nb...}, cssSelectorsEnabled: true, databaseEnabled: false, goog:chromeOptions: {debuggerAddress: localhost:55612}, handlesAlerts: true, hasTouchScreen: false, javascriptEnabled: true, locationContextEnabled: true, mobileEmulationEnabled: false, nativeEvents: true, networkConnectionEnabled: false, pageLoadStrategy: normal, platform: MAC, platformName: MAC, proxy: Proxy(), rotatable: false, setWindowRect: true, strictFileInteractability: false, takesHeapSnapshot: true, takesScreenshot: true, timeouts: {implicit: 0, pageLoad: 300000, script: 30000}, unexpectedAlertBehaviour: ignore, unhandledPromptBehavior: ignore, version: 72.0.3626.109, webStorageEnabled: true}
Session ID: 6b914f2711082c8021c1e0c83f7cbd5c
*** Element info: {Using=xpath, value=//button[contains(text(),&apos;Search Result&apos;)]}
	at org.openqa.selenium.remote.ErrorHandler.createThrowable(ErrorHandler.java:214)
	at org.openqa.selenium.remote.ErrorHandler.throwIfResponseFailed(ErrorHandler.java:166)
	at org.openqa.selenium.remote.http.JsonHttpResponseCodec.reconstructValue(JsonHttpResponseCodec.java:40)
	at org.openqa.selenium.remote.http.AbstractHttpResponseCodec.decode(AbstractHttpResponseCodec.java:80)
	at org.openqa.selenium.remote.http.AbstractHttpResponseCodec.decode(AbstractHttpResponseCodec.java:44)
	at org.openqa.selenium.remote.HttpCommandExecutor.execute(HttpCommandExecutor.java:158)
	at org.openqa.selenium.remote.service.DriverCommandExecutor.execute(DriverCommandExecutor.java:83)
	at org.openqa.selenium.remote.RemoteWebDriver.execute(RemoteWebDriver.java:548)
	at org.openqa.selenium.remote.RemoteWebDriver.findElement(RemoteWebDriver.java:322)
	at org.openqa.selenium.remote.RemoteWebDriver.findElementByXPath(RemoteWebDriver.java:424)
	at org.openqa.selenium.By$ByXPath.findElement(By.java:353)
	at org.openqa.selenium.remote.RemoteWebDriver.findElement(RemoteWebDriver.java:314)
	at org.openqa.selenium.support.pagefactory.DefaultElementLocator.findElement(DefaultElementLocator.java:69)
	at org.openqa.selenium.support.pagefactory.internal.LocatingElementHandler.invoke(LocatingElementHandler.java:38)
	at com.sun.proxy.$Proxy26.click(Unknown Source)
	at com.ibm.commerce.cmc.ui.utils.TestUtil.clickOnElement(TestUtil.java:30)
	at com.ibm.commerce.cmc.ui.catalogs.pages.SearchResultsPage.clickOnSearchResults(SearchResultsPage.java:61)
	at com.ibm.commerce.cmc.catalogs.testcases.SearchResultsPageTest.setUp(SearchResultsPageTest.java:26)
... Removed 30 stack frames
</div> <!-- stack-trace -->
                </div> <!-- method-content -->
              </div> <!-- method -->
              <div class="method">
                <div class="method-content">
                  <a name="veriverifyAllColumnsClickable">
                  </a> <!-- veriverifyAllColumnsClickable -->
                  <span class="method-name">veriverifyAllColumnsClickable</span>
                  <div class="stack-trace">org.openqa.selenium.NoSuchElementException: no such element: Unable to locate element: {&quot;method&quot;:&quot;xpath&quot;,&quot;selector&quot;:&quot;//button[contains(text(),&apos;Search Result&apos;)]&quot;}
  (Session info: chrome=72.0.3626.109)
  (Driver info: chromedriver=2.45.615355 (d5698f682d8b2742017df6c81e0bd8e6a3063189),platform=Mac OS X 10.13.6 x86_64) (WARNING: The server did not provide any stacktrace information)
Command duration or timeout: 0 milliseconds
For documentation on this error, please visit: http://seleniumhq.org/exceptions/no_such_element.html
Build info: version: &apos;3.14.0&apos;, revision: &apos;aacccce0&apos;, time: &apos;2018-08-02T20:19:58.91Z&apos;
System info: host: &apos;Narasimharaos-MacBook-Pro.local&apos;, ip: &apos;fe80:0:0:0:141e:406d:ad08:5e79%en0&apos;, os.name: &apos;Mac OS X&apos;, os.arch: &apos;x86_64&apos;, os.version: &apos;10.13.6&apos;, java.version: &apos;1.8.0_191&apos;
Driver info: org.openqa.selenium.chrome.ChromeDriver
Capabilities {acceptInsecureCerts: false, acceptSslCerts: false, applicationCacheEnabled: false, browserConnectionEnabled: false, browserName: chrome, chrome: {chromedriverVersion: 2.45.615355 (d5698f682d8b27..., userDataDir: /var/folders/p4/bzwnsv1x7nb...}, cssSelectorsEnabled: true, databaseEnabled: false, goog:chromeOptions: {debuggerAddress: localhost:55612}, handlesAlerts: true, hasTouchScreen: false, javascriptEnabled: true, locationContextEnabled: true, mobileEmulationEnabled: false, nativeEvents: true, networkConnectionEnabled: false, pageLoadStrategy: normal, platform: MAC, platformName: MAC, proxy: Proxy(), rotatable: false, setWindowRect: true, strictFileInteractability: false, takesHeapSnapshot: true, takesScreenshot: true, timeouts: {implicit: 0, pageLoad: 300000, script: 30000}, unexpectedAlertBehaviour: ignore, unhandledPromptBehavior: ignore, version: 72.0.3626.109, webStorageEnabled: true}
Session ID: 6b914f2711082c8021c1e0c83f7cbd5c
*** Element info: {Using=xpath, value=//button[contains(text(),&apos;Search Result&apos;)]}
	at org.openqa.selenium.remote.ErrorHandler.createThrowable(ErrorHandler.java:214)
	at org.openqa.selenium.remote.ErrorHandler.throwIfResponseFailed(ErrorHandler.java:166)
	at org.openqa.selenium.remote.http.JsonHttpResponseCodec.reconstructValue(JsonHttpResponseCodec.java:40)
	at org.openqa.selenium.remote.http.AbstractHttpResponseCodec.decode(AbstractHttpResponseCodec.java:80)
	at org.openqa.selenium.remote.http.AbstractHttpResponseCodec.decode(AbstractHttpResponseCodec.java:44)
	at org.openqa.selenium.remote.HttpCommandExecutor.execute(HttpCommandExecutor.java:158)
	at org.openqa.selenium.remote.service.DriverCommandExecutor.execute(DriverCommandExecutor.java:83)
	at org.openqa.selenium.remote.RemoteWebDriver.execute(RemoteWebDriver.java:548)
	at org.openqa.selenium.remote.RemoteWebDriver.findElement(RemoteWebDriver.java:322)
	at org.openqa.selenium.remote.RemoteWebDriver.findElementByXPath(RemoteWebDriver.java:424)
	at org.openqa.selenium.By$ByXPath.findElement(By.java:353)
	at org.openqa.selenium.remote.RemoteWebDriver.findElement(RemoteWebDriver.java:314)
	at org.openqa.selenium.support.pagefactory.DefaultElementLocator.findElement(DefaultElementLocator.java:69)
	at org.openqa.selenium.support.pagefactory.internal.LocatingElementHandler.invoke(LocatingElementHandler.java:38)
	at com.sun.proxy.$Proxy26.click(Unknown Source)
	at com.ibm.commerce.cmc.ui.utils.TestUtil.clickOnElement(TestUtil.java:30)
	at com.ibm.commerce.cmc.ui.catalogs.pages.SearchResultsPage.clickOnSearchResults(SearchResultsPage.java:61)
	at com.ibm.commerce.cmc.catalogs.testcases.SearchResultsPageTest.setUp(SearchResultsPageTest.java:26)
... Removed 30 stack frames
</div> <!-- stack-trace -->
                </div> <!-- method-content -->
              </div> <!-- method -->
            </div> <!-- main-panel-content rounded-window-bottom -->
          </div> <!-- suite-Suite-class-skipped -->
          <div class="suite-Suite-class-passed">
            <div class="main-panel-header rounded-window-top">
              <img src="passed.png"/>
              <span class="class-name">com.ibm.commerce.cmc.catalogs.testcases.CatalogsHomePageTest</span>
            </div> <!-- main-panel-header rounded-window-top -->
            <div class="main-panel-content rounded-window-bottom">
              <div class="method">
                <div class="method-content">
                  <a name="catalogHomePageHeadingTest">
                  </a> <!-- catalogHomePageHeadingTest -->
                  <span class="method-name">catalogHomePageHeadingTest</span>
                </div> <!-- method-content -->
              </div> <!-- method -->
              <div class="method">
                <div class="method-content">
                  <a name="navigatetoNewMasterCategoryPageTest">
                  </a> <!-- navigatetoNewMasterCategoryPageTest -->
                  <span class="method-name">navigatetoNewMasterCategoryPageTest</span>
                </div> <!-- method-content -->
              </div> <!-- method -->
              <div class="method">
                <div class="method-content">
                  <a name="searchForCategoryOnCatalogsHomePage">
                  </a> <!-- searchForCategoryOnCatalogsHomePage -->
                  <span class="method-name">searchForCategoryOnCatalogsHomePage</span>
                </div> <!-- method-content -->
              </div> <!-- method -->
            </div> <!-- main-panel-content rounded-window-bottom -->
          </div> <!-- suite-Suite-class-passed -->
          <div class="suite-Suite-class-passed">
            <div class="main-panel-header rounded-window-top">
              <img src="passed.png"/>
              <span class="class-name">com.ibm.commerce.cmc.catalogs.testcases.CreateNewMasterCategoryTest</span>
            </div> <!-- main-panel-header rounded-window-top -->
            <div class="main-panel-content rounded-window-bottom">
              <div class="method">
                <div class="method-content">
                  <a name="newMasterCategoryPageHeadingTest">
                  </a> <!-- newMasterCategoryPageHeadingTest -->
                  <span class="method-name">newMasterCategoryPageHeadingTest</span>
                </div> <!-- method-content -->
              </div> <!-- method -->
              <div class="method">
                <div class="method-content">
                  <a name="saveNewMasterCategory">
                  </a> <!-- saveNewMasterCategory -->
                  <span class="method-name">saveNewMasterCategory</span>
                </div> <!-- method-content -->
              </div> <!-- method -->
              <div class="method">
                <div class="method-content">
                  <a name="validateAssociatedAssetsTabExistance">
                  </a> <!-- validateAssociatedAssetsTabExistance -->
                  <span class="method-name">validateAssociatedAssetsTabExistance</span>
                </div> <!-- method-content -->
              </div> <!-- method -->
              <div class="method">
                <div class="method-content">
                  <a name="validateCloseButtonExistance">
                  </a> <!-- validateCloseButtonExistance -->
                  <span class="method-name">validateCloseButtonExistance</span>
                </div> <!-- method-content -->
              </div> <!-- method -->
              <div class="method">
                <div class="method-content">
                  <a name="validateContentTabExistance">
                  </a> <!-- validateContentTabExistance -->
                  <span class="method-name">validateContentTabExistance</span>
                </div> <!-- method-content -->
              </div> <!-- method -->
              <div class="method">
                <div class="method-content">
                  <a name="validateManageCategoryDisplayAccordionDisplayToCustomerFieldTest">
                  </a> <!-- validateManageCategoryDisplayAccordionDisplayToCustomerFieldTest -->
                  <span class="method-name">validateManageCategoryDisplayAccordionDisplayToCustomerFieldTest</span>
                </div> <!-- method-content -->
              </div> <!-- method -->
              <div class="method">
                <div class="method-content">
                  <a name="validateManageCategoryDisplayAccordionThumbnailFieldTest">
                  </a> <!-- validateManageCategoryDisplayAccordionThumbnailFieldTest -->
                  <span class="method-name">validateManageCategoryDisplayAccordionThumbnailFieldTest</span>
                </div> <!-- method-content -->
              </div> <!-- method -->
              <div class="method">
                <div class="method-content">
                  <a name="validateManageCategoryGeneralCategoryInformationNameFieldTest">
                  </a> <!-- validateManageCategoryGeneralCategoryInformationNameFieldTest -->
                  <span class="method-name">validateManageCategoryGeneralCategoryInformationNameFieldTest</span>
                </div> <!-- method-content -->
              </div> <!-- method -->
              <div class="method">
                <div class="method-content">
                  <a name="validateManageCategoryGeneralCategoryInformationShortDescriptionFieldTest">
                  </a> <!-- validateManageCategoryGeneralCategoryInformationShortDescriptionFieldTest -->
                  <span class="method-name">validateManageCategoryGeneralCategoryInformationShortDescriptionFieldTest</span>
                </div> <!-- method-content -->
              </div> <!-- method -->
              <div class="method">
                <div class="method-content">
                  <a name="validateManageCategoryGeneralCategoryInformationUniqueIdFieldNameTest">
                  </a> <!-- validateManageCategoryGeneralCategoryInformationUniqueIdFieldNameTest -->
                  <span class="method-name">validateManageCategoryGeneralCategoryInformationUniqueIdFieldNameTest</span>
                </div> <!-- method-content -->
              </div> <!-- method -->
              <div class="method">
                <div class="method-content">
                  <a name="validateManageCategoryInputDisplayAccordionInformationTest">
                  </a> <!-- validateManageCategoryInputDisplayAccordionInformationTest -->
                  <span class="method-name">validateManageCategoryInputDisplayAccordionInformationTest</span>
                </div> <!-- method-content -->
              </div> <!-- method -->
              <div class="method">
                <div class="method-content">
                  <a name="validateManageCategoryInputGeneralCategoryInformationTest">
                  </a> <!-- validateManageCategoryInputGeneralCategoryInformationTest -->
                  <span class="method-name">validateManageCategoryInputGeneralCategoryInformationTest</span>
                </div> <!-- method-content -->
              </div> <!-- method -->
              <div class="method">
                <div class="method-content">
                  <a name="validateManageCategoryObjectPropertiesAssociatedStoreDisplayedTest">
                  </a> <!-- validateManageCategoryObjectPropertiesAssociatedStoreDisplayedTest -->
                  <span class="method-name">validateManageCategoryObjectPropertiesAssociatedStoreDisplayedTest</span>
                </div> <!-- method-content -->
              </div> <!-- method -->
              <div class="method">
                <div class="method-content">
                  <a name="validateManageCategoryObjectPropertiesAssociatedStoreTest">
                  </a> <!-- validateManageCategoryObjectPropertiesAssociatedStoreTest -->
                  <span class="method-name">validateManageCategoryObjectPropertiesAssociatedStoreTest</span>
                </div> <!-- method-content -->
              </div> <!-- method -->
              <div class="method">
                <div class="method-content">
                  <a name="validateManageCategoryTabExistance">
                  </a> <!-- validateManageCategoryTabExistance -->
                  <span class="method-name">validateManageCategoryTabExistance</span>
                </div> <!-- method-content -->
              </div> <!-- method -->
              <div class="method">
                <div class="method-content">
                  <a name="validateReferencesTabExistance">
                  </a> <!-- validateReferencesTabExistance -->
                  <span class="method-name">validateReferencesTabExistance</span>
                </div> <!-- method-content -->
              </div> <!-- method -->
              <div class="method">
                <div class="method-content">
                  <a name="validateSaveButtonExistance">
                  </a> <!-- validateSaveButtonExistance -->
                  <span class="method-name">validateSaveButtonExistance</span>
                </div> <!-- method-content -->
              </div> <!-- method -->
              <div class="method">
                <div class="method-content">
                  <a name="validateSaveandPreviewButtonExistance">
                  </a> <!-- validateSaveandPreviewButtonExistance -->
                  <span class="method-name">validateSaveandPreviewButtonExistance</span>
                </div> <!-- method-content -->
              </div> <!-- method -->
              <div class="method">
                <div class="method-content">
                  <a name="validateSearchEngineOptimizationImageAltFieldTest">
                  </a> <!-- validateSearchEngineOptimizationImageAltFieldTest -->
                  <span class="method-name">validateSearchEngineOptimizationImageAltFieldTest</span>
                </div> <!-- method-content -->
              </div> <!-- method -->
              <div class="method">
                <div class="method-content">
                  <a name="validateSearchEngineOptimizationInputDetailsTest">
                  </a> <!-- validateSearchEngineOptimizationInputDetailsTest -->
                  <span class="method-name">validateSearchEngineOptimizationInputDetailsTest</span>
                </div> <!-- method-content -->
              </div> <!-- method -->
              <div class="method">
                <div class="method-content">
                  <a name="validateSearchEngineOptimizationMetaDescriptionFieldTest">
                  </a> <!-- validateSearchEngineOptimizationMetaDescriptionFieldTest -->
                  <span class="method-name">validateSearchEngineOptimizationMetaDescriptionFieldTest</span>
                </div> <!-- method-content -->
              </div> <!-- method -->
              <div class="method">
                <div class="method-content">
                  <a name="validateSearchEngineOptimizationMetaDescriptionOverrideDefaultRadioTest">
                  </a> <!-- validateSearchEngineOptimizationMetaDescriptionOverrideDefaultRadioTest -->
                  <span class="method-name">validateSearchEngineOptimizationMetaDescriptionOverrideDefaultRadioTest</span>
                </div> <!-- method-content -->
              </div> <!-- method -->
              <div class="method">
                <div class="method-content">
                  <a name="validateSearchEngineOptimizationPageTitleFieldTest">
                  </a> <!-- validateSearchEngineOptimizationPageTitleFieldTest -->
                  <span class="method-name">validateSearchEngineOptimizationPageTitleFieldTest</span>
                </div> <!-- method-content -->
              </div> <!-- method -->
              <div class="method">
                <div class="method-content">
                  <a name="validateSearchEngineOptimizationPageTitleOverrideDefaultRadioTest">
                  </a> <!-- validateSearchEngineOptimizationPageTitleOverrideDefaultRadioTest -->
                  <span class="method-name">validateSearchEngineOptimizationPageTitleOverrideDefaultRadioTest</span>
                </div> <!-- method-content -->
              </div> <!-- method -->
              <div class="method">
                <div class="method-content">
                  <a name="validateSearchEngineOptimizationTabExistance">
                  </a> <!-- validateSearchEngineOptimizationTabExistance -->
                  <span class="method-name">validateSearchEngineOptimizationTabExistance</span>
                </div> <!-- method-content -->
              </div> <!-- method -->
              <div class="method">
                <div class="method-content">
                  <a name="verifyAllColumnsDisplayedUnderContentTab">
                  </a> <!-- verifyAllColumnsDisplayedUnderContentTab -->
                  <span class="method-name">verifyAllColumnsDisplayedUnderContentTab</span>
                </div> <!-- method-content -->
              </div> <!-- method -->
              <div class="method">
                <div class="method-content">
                  <a name="verifyAllColumnsDisplayedUnderReferencesTab">
                  </a> <!-- verifyAllColumnsDisplayedUnderReferencesTab -->
                  <span class="method-name">verifyAllColumnsDisplayedUnderReferencesTab</span>
                  <em>
( this is only applicable for Extended Stores...)                  </em>
                </div> <!-- method-content -->
              </div> <!-- method -->
            </div> <!-- main-panel-content rounded-window-bottom -->
          </div> <!-- suite-Suite-class-passed -->
        </div> <!-- panel Suite -->
        <div panel-name="test-xml-Suite" class="panel">
          <div class="main-panel-header rounded-window-top">
            <span class="header-content">/Users/narasimharaonukala/WorkSpaces/CatalogToolPOCWS/com.ibm.managementcentertools/testng.xml</span>
          </div> <!-- main-panel-header rounded-window-top -->
          <div class="main-panel-content rounded-window-bottom">
            <pre>
&lt;?xml version=&quot;1.0&quot; encoding=&quot;UTF-8&quot;?&gt;
&lt;!DOCTYPE suite SYSTEM &quot;http://testng.org/testng-1.0.dtd&quot;&gt;
&lt;suite guice-stage=&quot;DEVELOPMENT&quot; name=&quot;Suite&quot;&gt;
  &lt;listeners&gt;
    &lt;listener class-name=&quot;com.ibm.commerce.cmc.ui.utils.ExtentReporterNG&quot;/&gt;
    &lt;listener class-name=&quot;com.ibm.commerce.cmc.ui.utils.Listeners&quot;/&gt;
  &lt;/listeners&gt;
  &lt;test thread-count=&quot;5&quot; name=&quot;CatalogsHomePage&quot;&gt;
    &lt;classes&gt;
      &lt;class name=&quot;com.ibm.commerce.cmc.catalogs.testcases.CatalogsHomePageTest&quot;/&gt;
    &lt;/classes&gt;
  &lt;/test&gt; &lt;!-- CatalogsHomePage --&gt;
  &lt;test thread-count=&quot;5&quot; name=&quot;CreateNewMasterCategory&quot;&gt;
    &lt;classes&gt;
      &lt;class name=&quot;com.ibm.commerce.cmc.catalogs.testcases.CreateNewMasterCategoryTest&quot;/&gt;
    &lt;/classes&gt;
  &lt;/test&gt; &lt;!-- CreateNewMasterCategory --&gt;
  &lt;test thread-count=&quot;5&quot; name=&quot;ExtendedSitesCatalogAssetStoreCategoriesList&quot;&gt;
    &lt;classes&gt;
      &lt;class name=&quot;com.ibm.commerce.cmc.catalogs.testcases.ExtendedSitesCatalogAssetStoreCategoriesListTest&quot;/&gt;
    &lt;/classes&gt;
  &lt;/test&gt; &lt;!-- ExtendedSitesCatalogAssetStoreCategoriesList --&gt;
  &lt;test thread-count=&quot;5&quot; name=&quot;SearchResultsPage&quot;&gt;
    &lt;classes&gt;
      &lt;class name=&quot;com.ibm.commerce.cmc.catalogs.testcases.SearchResultsPageTest&quot;/&gt;
    &lt;/classes&gt;
  &lt;/test&gt; &lt;!-- SearchResultsPage --&gt;
&lt;/suite&gt; &lt;!-- Suite --&gt;
            </pre>
          </div> <!-- main-panel-content rounded-window-bottom -->
        </div> <!-- panel -->
        <div panel-name="testlist-Suite" class="panel">
          <div class="main-panel-header rounded-window-top">
            <span class="header-content">Tests for Suite</span>
          </div> <!-- main-panel-header rounded-window-top -->
          <div class="main-panel-content rounded-window-bottom">
            <ul>
              <li>
                <span class="test-name">CatalogsHomePage (1 class)</span>
              </li>
              <li>
                <span class="test-name">CreateNewMasterCategory (1 class)</span>
              </li>
              <li>
                <span class="test-name">ExtendedSitesCatalogAssetStoreCategoriesList (1 class)</span>
              </li>
              <li>
                <span class="test-name">SearchResultsPage (1 class)</span>
              </li>
            </ul>
          </div> <!-- main-panel-content rounded-window-bottom -->
        </div> <!-- panel -->
        <div panel-name="group-Suite" class="panel">
          <div class="main-panel-header rounded-window-top">
            <span class="header-content">Groups for Suite</span>
          </div> <!-- main-panel-header rounded-window-top -->
          <div class="main-panel-content rounded-window-bottom">
          </div> <!-- main-panel-content rounded-window-bottom -->
        </div> <!-- panel -->
        <div panel-name="times-Suite" class="panel">
          <div class="main-panel-header rounded-window-top">
            <span class="header-content">Times for Suite</span>
          </div> <!-- main-panel-header rounded-window-top -->
          <div class="main-panel-content rounded-window-bottom">
            <div class="times-div">
              <script type="text/javascript">
suiteTableInitFunctions.push('tableData_Suite');
function tableData_Suite() {
var data = new google.visualization.DataTable();
data.addColumn('number', 'Number');
data.addColumn('string', 'Method');
data.addColumn('string', 'Class');
data.addColumn('number', 'Time (ms)');
data.addRows(48);
data.setCell(0, 0, 0)
data.setCell(0, 1, 'verifyAllColumnsDisplayedUnderAssociatedAssetsTab')
data.setCell(0, 2, 'com.ibm.commerce.cmc.catalogs.testcases.CreateNewMasterCategoryTest')
data.setCell(0, 3, 20601);
data.setCell(1, 0, 1)
data.setCell(1, 1, 'validateSearchEngineOptimizationImageAltTextOverrideDefaultRadioAutoSelectTest')
data.setCell(1, 2, 'com.ibm.commerce.cmc.catalogs.testcases.CreateNewMasterCategoryTest')
data.setCell(1, 3, 20149);
data.setCell(2, 0, 2)
data.setCell(2, 1, 'validateSearchEngineOptimizationImageAltTextOverrideDefaultRadioTest')
data.setCell(2, 2, 'com.ibm.commerce.cmc.catalogs.testcases.CreateNewMasterCategoryTest')
data.setCell(2, 3, 20090);
data.setCell(3, 0, 3)
data.setCell(3, 1, 'validateManageCategoryInputGeneralCategoryInformationTest')
data.setCell(3, 2, 'com.ibm.commerce.cmc.catalogs.testcases.CreateNewMasterCategoryTest')
data.setCell(3, 3, 1819);
data.setCell(4, 0, 4)
data.setCell(4, 1, 'validateSearchEngineOptimizationInputDetailsTest')
data.setCell(4, 2, 'com.ibm.commerce.cmc.catalogs.testcases.CreateNewMasterCategoryTest')
data.setCell(4, 3, 1107);
data.setCell(5, 0, 5)
data.setCell(5, 1, 'validateManageCategoryInputDisplayAccordionInformationTest')
data.setCell(5, 2, 'com.ibm.commerce.cmc.catalogs.testcases.CreateNewMasterCategoryTest')
data.setCell(5, 3, 903);
data.setCell(6, 0, 6)
data.setCell(6, 1, 'verifyAllColumnsDisplayedUnderContentTab')
data.setCell(6, 2, 'com.ibm.commerce.cmc.catalogs.testcases.CreateNewMasterCategoryTest')
data.setCell(6, 3, 707);
data.setCell(7, 0, 7)
data.setCell(7, 1, 'verifyAllColumnsDisplayedUnderReferencesTab')
data.setCell(7, 2, 'com.ibm.commerce.cmc.catalogs.testcases.CreateNewMasterCategoryTest')
data.setCell(7, 3, 547);
data.setCell(8, 0, 8)
data.setCell(8, 1, 'searchForCategoryOnCatalogsHomePage')
data.setCell(8, 2, 'com.ibm.commerce.cmc.catalogs.testcases.CatalogsHomePageTest')
data.setCell(8, 3, 514);
data.setCell(9, 0, 9)
data.setCell(9, 1, 'navigatetoNewMasterCategoryPageTest')
data.setCell(9, 2, 'com.ibm.commerce.cmc.catalogs.testcases.CatalogsHomePageTest')
data.setCell(9, 3, 380);
data.setCell(10, 0, 10)
data.setCell(10, 1, 'validateManageCategoryDisplayAccordionDisplayToCustomerFieldTest')
data.setCell(10, 2, 'com.ibm.commerce.cmc.catalogs.testcases.CreateNewMasterCategoryTest')
data.setCell(10, 3, 238);
data.setCell(11, 0, 11)
data.setCell(11, 1, 'validateManageCategoryObjectPropertiesAssociatedStoreTest')
data.setCell(11, 2, 'com.ibm.commerce.cmc.catalogs.testcases.CreateNewMasterCategoryTest')
data.setCell(11, 3, 232);
data.setCell(12, 0, 12)
data.setCell(12, 1, 'validateStoreSelectionTest')
data.setCell(12, 2, 'com.ibm.commerce.cmc.catalogs.testcases.CatalogsHomePageTest')
data.setCell(12, 3, 178);
data.setCell(13, 0, 13)
data.setCell(13, 1, 'saveNewMasterCategory')
data.setCell(13, 2, 'com.ibm.commerce.cmc.catalogs.testcases.CreateNewMasterCategoryTest')
data.setCell(13, 3, 160);
data.setCell(14, 0, 14)
data.setCell(14, 1, 'validateManageCategoryObjectPropertiesAssociatedStoreDisplayedTest')
data.setCell(14, 2, 'com.ibm.commerce.cmc.catalogs.testcases.CreateNewMasterCategoryTest')
data.setCell(14, 3, 142);
data.setCell(15, 0, 15)
data.setCell(15, 1, 'validateManageCategoryGeneralCategoryInformationUniqueIdFieldNameTest')
data.setCell(15, 2, 'com.ibm.commerce.cmc.catalogs.testcases.CreateNewMasterCategoryTest')
data.setCell(15, 3, 136);
data.setCell(16, 0, 16)
data.setCell(16, 1, 'validateSearchEngineOptimizationURLKeywordFieldTest')
data.setCell(16, 2, 'com.ibm.commerce.cmc.catalogs.testcases.CreateNewMasterCategoryTest')
data.setCell(16, 3, 134);
data.setCell(17, 0, 17)
data.setCell(17, 1, 'validateSearchEngineOptimizationPageTitleOverrideDefaultRadioAutoSelectTest')
data.setCell(17, 2, 'com.ibm.commerce.cmc.catalogs.testcases.CreateNewMasterCategoryTest')
data.setCell(17, 3, 127);
data.setCell(18, 0, 18)
data.setCell(18, 1, 'validateManageCategoryDisplayAccordionThumbnailFieldTest')
data.setCell(18, 2, 'com.ibm.commerce.cmc.catalogs.testcases.CreateNewMasterCategoryTest')
data.setCell(18, 3, 113);
data.setCell(19, 0, 19)
data.setCell(19, 1, 'validateSearchEngineOptimizationMetaDescriptionOverrideDefaultRadioAutoSelectTest')
data.setCell(19, 2, 'com.ibm.commerce.cmc.catalogs.testcases.CreateNewMasterCategoryTest')
data.setCell(19, 3, 103);
data.setCell(20, 0, 20)
data.setCell(20, 1, 'validateManageCategoryGeneralCategoryInformationCodeFieldNameTest')
data.setCell(20, 2, 'com.ibm.commerce.cmc.catalogs.testcases.CreateNewMasterCategoryTest')
data.setCell(20, 3, 89);
data.setCell(21, 0, 21)
data.setCell(21, 1, 'validateManageCategoryDisplayAccordionFullImageFieldTest')
data.setCell(21, 2, 'com.ibm.commerce.cmc.catalogs.testcases.CreateNewMasterCategoryTest')
data.setCell(21, 3, 84);
data.setCell(22, 0, 22)
data.setCell(22, 1, 'newMasterCategoryPageHeadingTest')
data.setCell(22, 2, 'com.ibm.commerce.cmc.catalogs.testcases.CreateNewMasterCategoryTest')
data.setCell(22, 3, 75);
data.setCell(23, 0, 23)
data.setCell(23, 1, 'validateManageCategoryGeneralCategoryInformationShortDescriptionFieldTest')
data.setCell(23, 2, 'com.ibm.commerce.cmc.catalogs.testcases.CreateNewMasterCategoryTest')
data.setCell(23, 3, 68);
data.setCell(24, 0, 24)
data.setCell(24, 1, 'validateManageCategoryGeneralCategoryInformationNameFieldTest')
data.setCell(24, 2, 'com.ibm.commerce.cmc.catalogs.testcases.CreateNewMasterCategoryTest')
data.setCell(24, 3, 62);
data.setCell(25, 0, 25)
data.setCell(25, 1, 'validateSaveandPreviewButtonExistance')
data.setCell(25, 2, 'com.ibm.commerce.cmc.catalogs.testcases.CreateNewMasterCategoryTest')
data.setCell(25, 3, 57);
data.setCell(26, 0, 26)
data.setCell(26, 1, 'catalogHomePageHeadingTest')
data.setCell(26, 2, 'com.ibm.commerce.cmc.catalogs.testcases.CatalogsHomePageTest')
data.setCell(26, 3, 54);
data.setCell(27, 0, 27)
data.setCell(27, 1, 'validateSearchEngineOptimizationMetaDescriptionUseDefaultRadioTest')
data.setCell(27, 2, 'com.ibm.commerce.cmc.catalogs.testcases.CreateNewMasterCategoryTest')
data.setCell(27, 3, 53);
data.setCell(28, 0, 28)
data.setCell(28, 1, 'validateSaveButtonExistance')
data.setCell(28, 2, 'com.ibm.commerce.cmc.catalogs.testcases.CreateNewMasterCategoryTest')
data.setCell(28, 3, 48);
data.setCell(29, 0, 29)
data.setCell(29, 1, 'validateSearchEngineOptimizationImageAltFieldTest')
data.setCell(29, 2, 'com.ibm.commerce.cmc.catalogs.testcases.CreateNewMasterCategoryTest')
data.setCell(29, 3, 45);
data.setCell(30, 0, 30)
data.setCell(30, 1, 'validateSearchEngineOptimizationPageTitleFieldTest')
data.setCell(30, 2, 'com.ibm.commerce.cmc.catalogs.testcases.CreateNewMasterCategoryTest')
data.setCell(30, 3, 35);
data.setCell(31, 0, 31)
data.setCell(31, 1, 'validateSearchEngineOptimizationImageAltTextUseDefaultRadioTest')
data.setCell(31, 2, 'com.ibm.commerce.cmc.catalogs.testcases.CreateNewMasterCategoryTest')
data.setCell(31, 3, 35);
data.setCell(32, 0, 32)
data.setCell(32, 1, 'validateSearchEngineOptimizationMetaDescriptionFieldTest')
data.setCell(32, 2, 'com.ibm.commerce.cmc.catalogs.testcases.CreateNewMasterCategoryTest')
data.setCell(32, 3, 34);
data.setCell(33, 0, 33)
data.setCell(33, 1, 'validateSearchEngineOptimizationPageTitleUseDefaultRadioTest')
data.setCell(33, 2, 'com.ibm.commerce.cmc.catalogs.testcases.CreateNewMasterCategoryTest')
data.setCell(33, 3, 34);
data.setCell(34, 0, 34)
data.setCell(34, 1, 'validateSearchEngineOptimizationMetaDescriptionOverrideDefaultRadioTest')
data.setCell(34, 2, 'com.ibm.commerce.cmc.catalogs.testcases.CreateNewMasterCategoryTest')
data.setCell(34, 3, 32);
data.setCell(35, 0, 35)
data.setCell(35, 1, 'validateSearchEngineOptimizationPageTitleOverrideDefaultRadioTest')
data.setCell(35, 2, 'com.ibm.commerce.cmc.catalogs.testcases.CreateNewMasterCategoryTest')
data.setCell(35, 3, 30);
data.setCell(36, 0, 36)
data.setCell(36, 1, 'validateManageCategoryTabExistance')
data.setCell(36, 2, 'com.ibm.commerce.cmc.catalogs.testcases.CreateNewMasterCategoryTest')
data.setCell(36, 3, 28);
data.setCell(37, 0, 37)
data.setCell(37, 1, 'validateCloseButtonExistance')
data.setCell(37, 2, 'com.ibm.commerce.cmc.catalogs.testcases.CreateNewMasterCategoryTest')
data.setCell(37, 3, 28);
data.setCell(38, 0, 38)
data.setCell(38, 1, 'validateReferencesTabExistance')
data.setCell(38, 2, 'com.ibm.commerce.cmc.catalogs.testcases.CreateNewMasterCategoryTest')
data.setCell(38, 3, 27);
data.setCell(39, 0, 39)
data.setCell(39, 1, 'validateAssociatedAssetsTabExistance')
data.setCell(39, 2, 'com.ibm.commerce.cmc.catalogs.testcases.CreateNewMasterCategoryTest')
data.setCell(39, 3, 27);
data.setCell(40, 0, 40)
data.setCell(40, 1, 'validateSearchEngineOptimizationTabExistance')
data.setCell(40, 2, 'com.ibm.commerce.cmc.catalogs.testcases.CreateNewMasterCategoryTest')
data.setCell(40, 3, 26);
data.setCell(41, 0, 41)
data.setCell(41, 1, 'validateContentTabExistance')
data.setCell(41, 2, 'com.ibm.commerce.cmc.catalogs.testcases.CreateNewMasterCategoryTest')
data.setCell(41, 3, 26);
data.setCell(42, 0, 42)
data.setCell(42, 1, 'verifyAllColumnsDisplayedOnThePage')
data.setCell(42, 2, 'com.ibm.commerce.cmc.catalogs.testcases.ExtendedSitesCatalogAssetStoreCategoriesListTest')
data.setCell(42, 3, 0);
data.setCell(43, 0, 43)
data.setCell(43, 1, 'extendedSitesCatalogAssetStoreCategoriesListPageHeadingTest')
data.setCell(43, 2, 'com.ibm.commerce.cmc.catalogs.testcases.ExtendedSitesCatalogAssetStoreCategoriesListTest')
data.setCell(43, 3, 0);
data.setCell(44, 0, 44)
data.setCell(44, 1, 'verifyAllColumnsClickable')
data.setCell(44, 2, 'com.ibm.commerce.cmc.catalogs.testcases.ExtendedSitesCatalogAssetStoreCategoriesListTest')
data.setCell(44, 3, 0);
data.setCell(45, 0, 45)
data.setCell(45, 1, 'searchResultsPageHeadingTest')
data.setCell(45, 2, 'com.ibm.commerce.cmc.catalogs.testcases.SearchResultsPageTest')
data.setCell(45, 3, 0);
data.setCell(46, 0, 46)
data.setCell(46, 1, 'verifyAllColumnsDisplayedOnThePage')
data.setCell(46, 2, 'com.ibm.commerce.cmc.catalogs.testcases.SearchResultsPageTest')
data.setCell(46, 3, 0);
data.setCell(47, 0, 47)
data.setCell(47, 1, 'veriverifyAllColumnsClickable')
data.setCell(47, 2, 'com.ibm.commerce.cmc.catalogs.testcases.SearchResultsPageTest')
data.setCell(47, 3, 0);
window.suiteTableData['Suite']= { tableData: data, tableDiv: 'times-div-Suite'}
return data;
}
              </script>
              <span class="suite-total-time">Total running time: 1 minutes</span>
              <div id="times-div-Suite">
              </div> <!-- times-div-Suite -->
            </div> <!-- times-div -->
          </div> <!-- main-panel-content rounded-window-bottom -->
        </div> <!-- panel -->
        <div panel-name="reporter-Suite" class="panel">
          <div class="main-panel-header rounded-window-top">
            <span class="header-content">Reporter output for Suite</span>
          </div> <!-- main-panel-header rounded-window-top -->
          <div class="main-panel-content rounded-window-bottom">
          </div> <!-- main-panel-content rounded-window-bottom -->
        </div> <!-- panel -->
        <div panel-name="ignored-methods-Suite" class="panel">
          <div class="main-panel-header rounded-window-top">
            <span class="header-content">1 ignored method</span>
          </div> <!-- main-panel-header rounded-window-top -->
          <div class="main-panel-content rounded-window-bottom">
            <div class="ignored-class-div">
              <span class="ignored-class-name">com.ibm.commerce.cmc.catalogs.testcases.CatalogsHomePageTest</span>
              <div class="ignored-methods-div">
                <span class="ignored-method-name">catalogHomePageTitleTest</span>
                <br/>
              </div> <!-- ignored-methods-div -->
            </div> <!-- ignored-class-div -->
          </div> <!-- main-panel-content rounded-window-bottom -->
        </div> <!-- panel -->
        <div panel-name="chronological-Suite" class="panel">
          <div class="main-panel-header rounded-window-top">
            <span class="header-content">Methods in chronological order</span>
          </div> <!-- main-panel-header rounded-window-top -->
          <div class="main-panel-content rounded-window-bottom">
            <div class="chronological-class">
              <div class="chronological-class-name">com.ibm.commerce.cmc.catalogs.testcases.ExtendedSitesCatalogAssetStoreCategoriesListTest</div> <!-- chronological-class-name -->
              <div class="test-method">
                <span class="method-name">extendedSitesCatalogAssetStoreCategoriesListPageHeadingTest</span>
                <span class="method-start">0 ms</span>
              </div> <!-- test-method -->
              <div class="test-method">
                <span class="method-name">verifyAllColumnsDisplayedOnThePage</span>
                <span class="method-start">0 ms</span>
              </div> <!-- test-method -->
              <div class="test-method">
                <span class="method-name">verifyAllColumnsClickable</span>
                <span class="method-start">0 ms</span>
              </div> <!-- test-method -->
            </div> <!-- chronological-class -->
            <div class="chronological-class">
              <div class="chronological-class-name">com.ibm.commerce.cmc.catalogs.testcases.SearchResultsPageTest</div> <!-- chronological-class-name -->
              <div class="test-method">
                <span class="method-name">searchResultsPageHeadingTest</span>
                <span class="method-start">0 ms</span>
              </div> <!-- test-method -->
              <div class="test-method">
                <span class="method-name">verifyAllColumnsDisplayedOnThePage</span>
                <span class="method-start">0 ms</span>
              </div> <!-- test-method -->
              <div class="test-method">
                <span class="method-name">veriverifyAllColumnsClickable</span>
                <span class="method-start">0 ms</span>
              </div> <!-- test-method -->
            </div> <!-- chronological-class -->
            <div class="chronological-class">
              <div class="chronological-class-name">com.ibm.commerce.cmc.catalogs.testcases.CatalogsHomePageTest</div> <!-- chronological-class-name -->
              <div class="configuration-class before">
                <span class="method-name">setUp</span>
                <span class="method-start">0 ms</span>
              </div> <!-- configuration-class before -->
              <div class="test-method">
                <span class="method-name">catalogHomePageHeadingTest</span>
                <span class="method-start">5211 ms</span>
              </div> <!-- test-method -->
              <div class="test-method">
                <img src="failed.png">
                </img>
                <span class="method-name">validateStoreSelectionTest</span>
                <span class="method-start">5269 ms</span>
              </div> <!-- test-method -->
              <div class="test-method">
                <span class="method-name">searchForCategoryOnCatalogsHomePage</span>
                <span class="method-start">5990 ms</span>
              </div> <!-- test-method -->
              <div class="test-method">
                <span class="method-name">navigatetoNewMasterCategoryPageTest</span>
                <span class="method-start">6511 ms</span>
              </div> <!-- test-method -->
              <div class="configuration-class after">
                <span class="method-name">tearDown</span>
                <span class="method-start">6893 ms</span>
              </div> <!-- configuration-class after -->
            </div> <!-- chronological-class -->
            <div class="chronological-class">
              <div class="chronological-class-name">com.ibm.commerce.cmc.catalogs.testcases.CreateNewMasterCategoryTest</div> <!-- chronological-class-name -->
              <div class="configuration-class before">
                <span class="method-name">setUp</span>
                <span class="method-start">7258 ms</span>
              </div> <!-- configuration-class before -->
              <div class="test-method">
                <span class="method-name">newMasterCategoryPageHeadingTest</span>
                <span class="method-start">10980 ms</span>
              </div> <!-- test-method -->
              <div class="test-method">
                <span class="method-name">validateSaveandPreviewButtonExistance</span>
                <span class="method-start">11057 ms</span>
              </div> <!-- test-method -->
              <div class="test-method">
                <span class="method-name">validateSaveButtonExistance</span>
                <span class="method-start">11116 ms</span>
              </div> <!-- test-method -->
              <div class="test-method">
                <span class="method-name">validateCloseButtonExistance</span>
                <span class="method-start">11166 ms</span>
              </div> <!-- test-method -->
              <div class="test-method">
                <span class="method-name">validateManageCategoryTabExistance</span>
                <span class="method-start">11196 ms</span>
              </div> <!-- test-method -->
              <div class="test-method">
                <span class="method-name">validateSearchEngineOptimizationTabExistance</span>
                <span class="method-start">11226 ms</span>
              </div> <!-- test-method -->
              <div class="test-method">
                <span class="method-name">validateAssociatedAssetsTabExistance</span>
                <span class="method-start">11254 ms</span>
              </div> <!-- test-method -->
              <div class="test-method">
                <span class="method-name">validateContentTabExistance</span>
                <span class="method-start">11283 ms</span>
              </div> <!-- test-method -->
              <div class="test-method">
                <span class="method-name">validateReferencesTabExistance</span>
                <span class="method-start">11310 ms</span>
              </div> <!-- test-method -->
              <div class="test-method">
                <span class="method-name">validateManageCategoryObjectPropertiesAssociatedStoreTest</span>
                <span class="method-start">11338 ms</span>
              </div> <!-- test-method -->
              <div class="test-method">
                <span class="method-name">validateManageCategoryObjectPropertiesAssociatedStoreDisplayedTest</span>
                <span class="method-start">11573 ms</span>
              </div> <!-- test-method -->
              <div class="test-method">
                <img src="failed.png">
                </img>
                <span class="method-name">validateManageCategoryGeneralCategoryInformationCodeFieldNameTest</span>
                <span class="method-start">11720 ms</span>
              </div> <!-- test-method -->
              <div class="test-method">
                <span class="method-name">validateManageCategoryGeneralCategoryInformationUniqueIdFieldNameTest</span>
                <span class="method-start">12378 ms</span>
              </div> <!-- test-method -->
              <div class="test-method">
                <span class="method-name">validateManageCategoryGeneralCategoryInformationNameFieldTest</span>
                <span class="method-start">12519 ms</span>
              </div> <!-- test-method -->
              <div class="test-method">
                <span class="method-name">validateManageCategoryGeneralCategoryInformationShortDescriptionFieldTest</span>
                <span class="method-start">12584 ms</span>
              </div> <!-- test-method -->
              <div class="test-method">
                <span class="method-name">validateManageCategoryInputGeneralCategoryInformationTest</span>
                <span class="method-start">12655 ms</span>
              </div> <!-- test-method -->
              <div class="test-method">
                <span class="method-name">validateManageCategoryDisplayAccordionDisplayToCustomerFieldTest</span>
                <span class="method-start">14476 ms</span>
              </div> <!-- test-method -->
              <div class="test-method">
                <span class="method-name">validateManageCategoryDisplayAccordionThumbnailFieldTest</span>
                <span class="method-start">14716 ms</span>
              </div> <!-- test-method -->
              <div class="test-method">
                <img src="failed.png">
                </img>
                <span class="method-name">validateManageCategoryDisplayAccordionFullImageFieldTest</span>
                <span class="method-start">14836 ms</span>
              </div> <!-- test-method -->
              <div class="test-method">
                <span class="method-name">validateManageCategoryInputDisplayAccordionInformationTest</span>
                <span class="method-start">15371 ms</span>
              </div> <!-- test-method -->
              <div class="test-method">
                <img src="failed.png">
                </img>
                <span class="method-name">validateSearchEngineOptimizationURLKeywordFieldTest</span>
                <span class="method-start">16275 ms</span>
              </div> <!-- test-method -->
              <div class="test-method">
                <span class="method-name">validateSearchEngineOptimizationPageTitleFieldTest</span>
                <span class="method-start">16791 ms</span>
              </div> <!-- test-method -->
              <div class="test-method">
                <img src="failed.png">
                </img>
                <span class="method-name">validateSearchEngineOptimizationPageTitleUseDefaultRadioTest</span>
                <span class="method-start">16827 ms</span>
              </div> <!-- test-method -->
              <div class="test-method">
                <span class="method-name">validateSearchEngineOptimizationPageTitleOverrideDefaultRadioTest</span>
                <span class="method-start">17241 ms</span>
              </div> <!-- test-method -->
              <div class="test-method">
                <img src="failed.png">
                </img>
                <span class="method-name">validateSearchEngineOptimizationPageTitleOverrideDefaultRadioAutoSelectTest</span>
                <span class="method-start">17272 ms</span>
              </div> <!-- test-method -->
              <div class="test-method">
                <span class="method-name">validateSearchEngineOptimizationMetaDescriptionFieldTest</span>
                <span class="method-start">17824 ms</span>
              </div> <!-- test-method -->
              <div class="test-method">
                <img src="failed.png">
                </img>
                <span class="method-name">validateSearchEngineOptimizationMetaDescriptionUseDefaultRadioTest</span>
                <span class="method-start">17859 ms</span>
              </div> <!-- test-method -->
              <div class="test-method">
                <span class="method-name">validateSearchEngineOptimizationMetaDescriptionOverrideDefaultRadioTest</span>
                <span class="method-start">18293 ms</span>
              </div> <!-- test-method -->
              <div class="test-method">
                <img src="failed.png">
                </img>
                <span class="method-name">validateSearchEngineOptimizationMetaDescriptionOverrideDefaultRadioAutoSelectTest</span>
                <span class="method-start">18326 ms</span>
              </div> <!-- test-method -->
              <div class="test-method">
                <span class="method-name">validateSearchEngineOptimizationImageAltFieldTest</span>
                <span class="method-start">18828 ms</span>
              </div> <!-- test-method -->
              <div class="test-method">
                <img src="failed.png">
                </img>
                <span class="method-name">validateSearchEngineOptimizationImageAltTextUseDefaultRadioTest</span>
                <span class="method-start">18874 ms</span>
              </div> <!-- test-method -->
              <div class="test-method">
                <img src="failed.png">
                </img>
                <span class="method-name">validateSearchEngineOptimizationImageAltTextOverrideDefaultRadioTest</span>
                <span class="method-start">19298 ms</span>
              </div> <!-- test-method -->
              <div class="test-method">
                <img src="failed.png">
                </img>
                <span class="method-name">validateSearchEngineOptimizationImageAltTextOverrideDefaultRadioAutoSelectTest</span>
                <span class="method-start">39775 ms</span>
              </div> <!-- test-method -->
              <div class="test-method">
                <span class="method-name">validateSearchEngineOptimizationInputDetailsTest</span>
                <span class="method-start">60322 ms</span>
              </div> <!-- test-method -->
              <div class="test-method">
                <img src="failed.png">
                </img>
                <span class="method-name">verifyAllColumnsDisplayedUnderAssociatedAssetsTab</span>
                <span class="method-start">61431 ms</span>
              </div> <!-- test-method -->
              <div class="test-method">
                <span class="method-name">verifyAllColumnsDisplayedUnderContentTab</span>
                <span class="method-start">82455 ms</span>
              </div> <!-- test-method -->
              <div class="test-method">
                <span class="method-name">verifyAllColumnsDisplayedUnderReferencesTab</span>
                <span class="method-start">83163 ms</span>
              </div> <!-- test-method -->
              <div class="test-method">
                <span class="method-name">saveNewMasterCategory</span>
                <span class="method-start">83711 ms</span>
              </div> <!-- test-method -->
              <div class="configuration-class after">
                <span class="method-name">tearDown</span>
                <span class="method-start">83871 ms</span>
              </div> <!-- configuration-class after -->
            </div> <!-- chronological-class -->
            <div class="chronological-class">
              <div class="chronological-class-name">com.ibm.commerce.cmc.catalogs.testcases.ExtendedSitesCatalogAssetStoreCategoriesListTest</div> <!-- chronological-class-name -->
              <div class="configuration-class before">
                <img src="failed.png">
                </img>
                <span class="method-name">setUp</span>
                <span class="method-start">84163 ms</span>
              </div> <!-- configuration-class before -->
            </div> <!-- chronological-class -->
            <div class="chronological-class">
              <div class="chronological-class-name">com.ibm.commerce.cmc.catalogs.testcases.SearchResultsPageTest</div> <!-- chronological-class-name -->
              <div class="configuration-class before">
                <img src="failed.png">
                </img>
                <span class="method-name">setUp</span>
                <span class="method-start">107625 ms</span>
              </div> <!-- configuration-class before -->
          </div> <!-- main-panel-content rounded-window-bottom -->
        </div> <!-- panel -->
      </div> <!-- main-panel-root -->
    </div> <!-- wrapper -->
  </body>
</html>
